[2025-05-16T12:30:19.916+0000] {local_task_job_runner.py:123} INFO - ::group::Pre task execution logs
[2025-05-16T12:30:19.925+0000] {taskinstance.py:2614} INFO - Dependencies all met for dep_context=non-requeueable deps ti=<TaskInstance: DYNAMIC_FILE_TO_DB_LOADER.get_required_files_and_download manual__2025-05-16T12:30:13.951446+00:00 [queued]>
[2025-05-16T12:30:19.929+0000] {taskinstance.py:2614} INFO - Dependencies all met for dep_context=requeueable deps ti=<TaskInstance: DYNAMIC_FILE_TO_DB_LOADER.get_required_files_and_download manual__2025-05-16T12:30:13.951446+00:00 [queued]>
[2025-05-16T12:30:19.929+0000] {taskinstance.py:2867} INFO - Starting attempt 1 of 1
[2025-05-16T12:30:19.933+0000] {taskinstance.py:2890} INFO - Executing <Task(_PythonDecoratedOperator): get_required_files_and_download> on 2025-05-16 12:30:13.951446+00:00
[2025-05-16T12:30:19.938+0000] {standard_task_runner.py:104} INFO - Running: ['***', 'tasks', 'run', 'DYNAMIC_FILE_TO_DB_LOADER', 'get_required_files_and_download', 'manual__2025-05-16T12:30:13.951446+00:00', '--job-id', '1628', '--raw', '--subdir', 'DAGS_FOLDER/***_dynamic_file_to_db_loader.py', '--cfg-path', '/tmp/tmpg1i079hk']
[2025-05-16T12:30:19.939+0000] {logging_mixin.py:190} WARNING - /home/***/.local/lib/python3.12/site-packages/***/task/task_runner/standard_task_runner.py:70 DeprecationWarning: This process (pid=520) is multi-threaded, use of fork() may lead to deadlocks in the child.
[2025-05-16T12:30:19.939+0000] {standard_task_runner.py:105} INFO - Job 1628: Subtask get_required_files_and_download
[2025-05-16T12:30:19.939+0000] {standard_task_runner.py:72} INFO - Started process 521 to run task
[2025-05-16T12:30:19.961+0000] {task_command.py:467} INFO - Running <TaskInstance: DYNAMIC_FILE_TO_DB_LOADER.get_required_files_and_download manual__2025-05-16T12:30:13.951446+00:00 [running]> on host fa990d897d6c
[2025-05-16T12:30:20.004+0000] {taskinstance.py:3134} INFO - Exporting env vars: AIRFLOW_CTX_DAG_OWNER='***' AIRFLOW_CTX_DAG_ID='DYNAMIC_FILE_TO_DB_LOADER' AIRFLOW_CTX_TASK_ID='get_required_files_and_download' AIRFLOW_CTX_EXECUTION_DATE='2025-05-16T12:30:13.951446+00:00' AIRFLOW_CTX_TRY_NUMBER='1' AIRFLOW_CTX_DAG_RUN_ID='manual__2025-05-16T12:30:13.951446+00:00'
[2025-05-16T12:30:20.004+0000] {taskinstance.py:732} INFO - ::endgroup::
[2025-05-16T12:30:20.014+0000] {base.py:84} INFO - Retrieving connection 'minioic'
[2025-05-16T12:30:20.014+0000] {connection_wrapper.py:325} INFO - AWS Connection (conn_id='minioic', conn_type='aws') credentials retrieved from login and password.
[2025-05-16T12:30:20.125+0000] {s3.py:1467} INFO - Downloading source S3 file from Bucket ahajiyev with path abc.xlsx
[2025-05-16T12:30:20.190+0000] {httpchecksum.py:481} INFO - Skipping checksum validation. Response did not contain one of the following algorithms: ['crc32', 'sha1', 'sha256'].
[2025-05-16T12:30:20.194+0000] {s3.py:1467} INFO - Downloading source S3 file from Bucket ahajiyev with path xyz.xlsx
[2025-05-16T12:30:20.201+0000] {httpchecksum.py:481} INFO - Skipping checksum validation. Response did not contain one of the following algorithms: ['crc32', 'sha1', 'sha256'].
[2025-05-16T12:30:20.202+0000] {hook.py:208} WARNING - Data lineage tracking is disabled. Register a hook lineage reader to start tracking hook lineage.
[2025-05-16T12:30:20.203+0000] {airflow_dynamic_file_to_db_loader.py:162} INFO - Downloaded Mappings: [{'source_file_name': 'abc.xlsx', 'target_table_name': 'abc'}, {'source_file_name': 'xyz.xlsx', 'target_table_name': 'xyz'}]
[2025-05-16T12:30:20.203+0000] {python.py:240} INFO - Done. Returned value was: [{'source_file_name': 'abc.xlsx', 'target_table_name': 'abc'}, {'source_file_name': 'xyz.xlsx', 'target_table_name': 'xyz'}]
[2025-05-16T12:30:20.221+0000] {taskinstance.py:341} INFO - ::group::Post task execution logs
[2025-05-16T12:30:20.221+0000] {taskinstance.py:353} INFO - Marking task as SUCCESS. dag_id=DYNAMIC_FILE_TO_DB_LOADER, task_id=get_required_files_and_download, run_id=manual__2025-05-16T12:30:13.951446+00:00, execution_date=20250516T123013, start_date=20250516T123019, end_date=20250516T123020
[2025-05-16T12:30:20.244+0000] {local_task_job_runner.py:266} INFO - Task exited with return code 0
[2025-05-16T12:30:20.277+0000] {taskinstance.py:3901} INFO - 2 downstream tasks scheduled from follow-on schedule check
[2025-05-16T12:30:20.279+0000] {local_task_job_runner.py:245} INFO - ::endgroup::
