[2025-05-23T00:09:58.054+0000] {local_task_job_runner.py:123} INFO - ::group::Pre task execution logs
[2025-05-23T00:09:58.080+0000] {taskinstance.py:2614} INFO - Dependencies all met for dep_context=non-requeueable deps ti=<TaskInstance: DYNAMIC_FILE_TO_DB_LOADER.upload_script_to_minio scheduled__2025-05-22T12:40:00+00:00 [queued]>
[2025-05-23T00:09:58.087+0000] {taskinstance.py:2614} INFO - Dependencies all met for dep_context=requeueable deps ti=<TaskInstance: DYNAMIC_FILE_TO_DB_LOADER.upload_script_to_minio scheduled__2025-05-22T12:40:00+00:00 [queued]>
[2025-05-23T00:09:58.087+0000] {taskinstance.py:2867} INFO - Starting attempt 1 of 1
[2025-05-23T00:09:58.093+0000] {taskinstance.py:2890} INFO - Executing <Task(_PythonDecoratedOperator): upload_script_to_minio> on 2025-05-22 12:40:00+00:00
[2025-05-23T00:09:58.098+0000] {logging_mixin.py:190} WARNING - /home/***/.local/lib/python3.12/site-packages/***/task/task_runner/standard_task_runner.py:70 DeprecationWarning: This process (pid=16067) is multi-threaded, use of fork() may lead to deadlocks in the child.
[2025-05-23T00:09:58.099+0000] {standard_task_runner.py:72} INFO - Started process 16068 to run task
[2025-05-23T00:09:58.099+0000] {standard_task_runner.py:104} INFO - Running: ['***', 'tasks', 'run', 'DYNAMIC_FILE_TO_DB_LOADER', 'upload_script_to_minio', 'scheduled__2025-05-22T12:40:00+00:00', '--job-id', '1952', '--raw', '--subdir', 'DAGS_FOLDER/***_dynamic_file_to_db_loader.py', '--cfg-path', '/tmp/tmpe6ht8svi']
[2025-05-23T00:09:58.100+0000] {standard_task_runner.py:105} INFO - Job 1952: Subtask upload_script_to_minio
[2025-05-23T00:09:58.128+0000] {task_command.py:467} INFO - Running <TaskInstance: DYNAMIC_FILE_TO_DB_LOADER.upload_script_to_minio scheduled__2025-05-22T12:40:00+00:00 [running]> on host 5fb7fe4c544d
[2025-05-23T00:09:58.163+0000] {taskinstance.py:3134} INFO - Exporting env vars: AIRFLOW_CTX_DAG_OWNER='***' AIRFLOW_CTX_DAG_ID='DYNAMIC_FILE_TO_DB_LOADER' AIRFLOW_CTX_TASK_ID='upload_script_to_minio' AIRFLOW_CTX_EXECUTION_DATE='2025-05-22T12:40:00+00:00' AIRFLOW_CTX_TRY_NUMBER='1' AIRFLOW_CTX_DAG_RUN_ID='scheduled__2025-05-22T12:40:00+00:00'
[2025-05-23T00:09:58.164+0000] {taskinstance.py:732} INFO - ::endgroup::
[2025-05-23T00:09:58.171+0000] {base.py:84} INFO - Retrieving connection 'minio_conn'
[2025-05-23T00:09:58.171+0000] {connection_wrapper.py:325} INFO - AWS Connection (conn_id='minio_conn', conn_type='aws') credentials retrieved from login and password.
[2025-05-23T00:09:58.423+0000] {hook.py:208} WARNING - Data lineage tracking is disabled. Register a hook lineage reader to start tracking hook lineage.
[2025-05-23T00:09:58.424+0000] {python.py:240} INFO - Done. Returned value was: None
[2025-05-23T00:09:58.436+0000] {taskinstance.py:341} INFO - ::group::Post task execution logs
[2025-05-23T00:09:58.436+0000] {taskinstance.py:353} INFO - Marking task as SUCCESS. dag_id=DYNAMIC_FILE_TO_DB_LOADER, task_id=upload_script_to_minio, run_id=scheduled__2025-05-22T12:40:00+00:00, execution_date=20250522T124000, start_date=20250523T000958, end_date=20250523T000958
[2025-05-23T00:09:58.484+0000] {local_task_job_runner.py:266} INFO - Task exited with return code 0
[2025-05-23T00:09:58.503+0000] {taskinstance.py:3901} INFO - 1 downstream tasks scheduled from follow-on schedule check
[2025-05-23T00:09:58.504+0000] {local_task_job_runner.py:245} INFO - ::endgroup::
