[2025-05-16T12:28:47.401+0000] {local_task_job_runner.py:123} INFO - ::group::Pre task execution logs
[2025-05-16T12:28:47.415+0000] {taskinstance.py:2614} INFO - Dependencies all met for dep_context=non-requeueable deps ti=<TaskInstance: DYNAMIC_FILE_TO_DB_LOADER.transfer_files manual__2025-05-16T12:28:40.931245+00:00 map_index=0 [queued]>
[2025-05-16T12:28:47.420+0000] {taskinstance.py:2614} INFO - Dependencies all met for dep_context=requeueable deps ti=<TaskInstance: DYNAMIC_FILE_TO_DB_LOADER.transfer_files manual__2025-05-16T12:28:40.931245+00:00 map_index=0 [queued]>
[2025-05-16T12:28:47.421+0000] {taskinstance.py:2867} INFO - Starting attempt 1 of 1
[2025-05-16T12:28:47.428+0000] {taskinstance.py:2890} INFO - Executing <Mapped(KubernetesPodOperator): transfer_files> on 2025-05-16 12:28:40.931245+00:00
[2025-05-16T12:28:47.435+0000] {standard_task_runner.py:104} INFO - Running: ['***', 'tasks', 'run', 'DYNAMIC_FILE_TO_DB_LOADER', 'transfer_files', 'manual__2025-05-16T12:28:40.931245+00:00', '--job-id', '1623', '--raw', '--subdir', 'DAGS_FOLDER/***_dynamic_file_to_db_loader.py', '--cfg-path', '/tmp/tmpf869b8n5', '--map-index', '0']
[2025-05-16T12:28:47.437+0000] {standard_task_runner.py:105} INFO - Job 1623: Subtask transfer_files
[2025-05-16T12:28:47.437+0000] {logging_mixin.py:190} WARNING - /home/***/.local/lib/python3.12/site-packages/***/task/task_runner/standard_task_runner.py:70 DeprecationWarning: This process (pid=456) is multi-threaded, use of fork() may lead to deadlocks in the child.
[2025-05-16T12:28:47.438+0000] {standard_task_runner.py:72} INFO - Started process 458 to run task
[2025-05-16T12:28:47.473+0000] {task_command.py:467} INFO - Running <TaskInstance: DYNAMIC_FILE_TO_DB_LOADER.transfer_files manual__2025-05-16T12:28:40.931245+00:00 map_index=0 [running]> on host fa990d897d6c
[2025-05-16T12:28:47.525+0000] {taskinstance.py:3134} INFO - Exporting env vars: AIRFLOW_CTX_DAG_OWNER='***' AIRFLOW_CTX_DAG_ID='DYNAMIC_FILE_TO_DB_LOADER' AIRFLOW_CTX_TASK_ID='transfer_files' AIRFLOW_CTX_EXECUTION_DATE='2025-05-16T12:28:40.931245+00:00' AIRFLOW_CTX_TRY_NUMBER='1' AIRFLOW_CTX_DAG_RUN_ID='manual__2025-05-16T12:28:40.931245+00:00'
[2025-05-16T12:28:47.526+0000] {taskinstance.py:732} INFO - ::endgroup::
[2025-05-16T12:28:47.531+0000] {pod.py:1148} INFO - Building pod excel-to-parquet-yveh8yjo with labels: {'dag_id': 'DYNAMIC_FILE_TO_DB_LOADER', 'task_id': 'transfer_files', 'run_id': 'manual__2025-05-16T122840.9312450000-869de3dad', 'kubernetes_pod_operator': 'True', 'map_index': '0', 'try_number': '1'}
[2025-05-16T12:28:47.621+0000] {pod.py:545} INFO - Found matching pod excel-to-parquet-yveh8yjo with labels {'airflow_kpo_in_cluster': 'False', 'airflow_version': '2.10.5', 'dag_id': 'DYNAMIC_FILE_TO_DB_LOADER', 'kubernetes_pod_operator': 'True', 'map_index': '0', 'run_id': 'manual__2025-05-16T122840.9312450000-869de3dad', 'task_id': 'transfer_files', 'try_number': '1'}
[2025-05-16T12:28:47.621+0000] {pod.py:546} INFO - `try_number` of task_instance: 1
[2025-05-16T12:28:47.622+0000] {pod.py:547} INFO - `try_number` of pod: 1
[2025-05-16T12:28:47.630+0000] {pod_manager.py:392} WARNING - Pod not yet started: excel-to-parquet-yveh8yjo
[2025-05-16T12:28:52.674+0000] {pod_manager.py:477} INFO - [base] Added `s3-local` successfully.
[2025-05-16T12:28:52.675+0000] {pod_manager.py:496} INFO - [base] mc: <ERROR> Unable to prepare URL for copying. Unable to guess the type of copy operation.

[2025-05-16T12:28:52.678+0000] {pod_manager.py:524} WARNING - Pod excel-to-parquet-yveh8yjo log read interrupted but container base still running. Logs generated in the last one second might get duplicated.
[2025-05-16T12:28:53.703+0000] {pod_manager.py:477} INFO - [base] Added `s3-local` successfully.
[2025-05-16T12:28:53.704+0000] {pod_manager.py:496} INFO - [base] mc: <ERROR> Unable to prepare URL for copying. Unable to guess the type of copy operation.

[2025-05-16T12:28:53.715+0000] {pod_manager.py:654} INFO - Pod excel-to-parquet-yveh8yjo has phase Running
[2025-05-16T12:28:55.752+0000] {pod.py:997} INFO - Deleting pod: excel-to-parquet-yveh8yjo
[2025-05-16T12:28:55.773+0000] {taskinstance.py:3313} ERROR - Task failed with exception
Traceback (most recent call last):
  File "/home/airflow/.local/lib/python3.12/site-packages/airflow/models/taskinstance.py", line 768, in _execute_task
    result = _execute_callable(context=context, **execute_callable_kwargs)
             ^^^^^^^^^^^^^^^^^^^^^^^^^^^^^^^^^^^^^^^^^^^^^^^^^^^^^^^^^^^^^
  File "/home/airflow/.local/lib/python3.12/site-packages/airflow/models/taskinstance.py", line 734, in _execute_callable
    return ExecutionCallableRunner(
           ^^^^^^^^^^^^^^^^^^^^^^^^
  File "/home/airflow/.local/lib/python3.12/site-packages/airflow/utils/operator_helpers.py", line 252, in run
    return self.func(*args, **kwargs)
           ^^^^^^^^^^^^^^^^^^^^^^^^^^
  File "/home/airflow/.local/lib/python3.12/site-packages/airflow/models/baseoperator.py", line 424, in wrapper
    return func(self, *args, **kwargs)
           ^^^^^^^^^^^^^^^^^^^^^^^^^^^
  File "/home/airflow/.local/lib/python3.12/site-packages/airflow/providers/cncf/kubernetes/operators/pod.py", line 583, in execute
    return self.execute_sync(context)
           ^^^^^^^^^^^^^^^^^^^^^^^^^^
  File "/home/airflow/.local/lib/python3.12/site-packages/airflow/providers/cncf/kubernetes/operators/pod.py", line 636, in execute_sync
    self.cleanup(
  File "/home/airflow/.local/lib/python3.12/site-packages/airflow/providers/cncf/kubernetes/operators/pod.py", line 928, in cleanup
    raise AirflowException(
airflow.exceptions.AirflowException: Pod excel-to-parquet-yveh8yjo returned a failure.
remote_pod: {'api_version': 'v1',
 'kind': 'Pod',
 'metadata': {'annotations': None,
              'creation_timestamp': datetime.datetime(2025, 5, 16, 12, 28, 47, tzinfo=tzlocal()),
              'deletion_grace_period_seconds': None,
              'deletion_timestamp': None,
              'finalizers': None,
              'generate_name': None,
              'generation': None,
              'labels': {'***_kpo_in_cluster': 'False',
                         '***_version': '2.10.5',
                         'dag_id': 'DYNAMIC_FILE_TO_DB_LOADER',
                         'kubernetes_pod_operator': 'True',
                         'map_index': '0',
                         'run_id': 'manual__2025-05-16T122840.9312450000-869de3dad',
                         'task_id': 'transfer_files',
                         'try_number': '1'},
              'managed_fields': [{'api_version': 'v1',
                                  'fields_type': 'FieldsV1',
                                  'fields_v1': {'f:metadata': {'f:labels': {'.': {},
                                                                            'f:***_kpo_in_cluster': {},
                                                                            'f:***_version': {},
                                                                            'f:dag_id': {},
                                                                            'f:kubernetes_pod_operator': {},
                                                                            'f:map_index': {},
                                                                            'f:run_id': {},
                                                                            'f:task_id': {},
                                                                            'f:try_number': {}}},
                                                'f:spec': {'f:affinity': {},
                                                           'f:containers': {'k:{"name":"base"}': {'.': {},
                                                                                                  'f:args': {},
                                                                                                  'f:command': {},
                                                                                                  'f:image': {},
                                                                                                  'f:imagePullPolicy': {},
                                                                                                  'f:name': {},
                                                                                                  'f:resources': {},
                                                                                                  'f:terminationMessagePath': {},
                                                                                                  'f:terminationMessagePolicy': {}}},
                                                           'f:dnsPolicy': {},
                                                           'f:enableServiceLinks': {},
                                                           'f:restartPolicy': {},
                                                           'f:schedulerName': {},
                                                           'f:securityContext': {},
                                                           'f:terminationGracePeriodSeconds': {}}},
                                  'manager': 'OpenAPI-Generator',
                                  'operation': 'Update',
                                  'subresource': None,
                                  'time': datetime.datetime(2025, 5, 16, 12, 28, 47, tzinfo=tzlocal())},
                                 {'api_version': 'v1',
                                  'fields_type': 'FieldsV1',
                                  'fields_v1': {'f:status': {'f:conditions': {'k:{"type":"ContainersReady"}': {'.': {},
                                                                                                               'f:lastProbeTime': {},
                                                                                                               'f:lastTransitionTime': {},
                                                                                                               'f:reason': {},
                                                                                                               'f:status': {},
                                                                                                               'f:type': {}},
                                                                              'k:{"type":"Initialized"}': {'.': {},
                                                                                                           'f:lastProbeTime': {},
                                                                                                           'f:lastTransitionTime': {},
                                                                                                           'f:status': {},
                                                                                                           'f:type': {}},
                                                                              'k:{"type":"PodReadyToStartContainers"}': {'.': {},
                                                                                                                         'f:lastProbeTime': {},
                                                                                                                         'f:lastTransitionTime': {},
                                                                                                                         'f:status': {},
                                                                                                                         'f:type': {}},
                                                                              'k:{"type":"Ready"}': {'.': {},
                                                                                                     'f:lastProbeTime': {},
                                                                                                     'f:lastTransitionTime': {},
                                                                                                     'f:reason': {},
                                                                                                     'f:status': {},
                                                                                                     'f:type': {}}},
                                                             'f:containerStatuses': {},
                                                             'f:hostIP': {},
                                                             'f:hostIPs': {},
                                                             'f:phase': {},
                                                             'f:podIP': {},
                                                             'f:podIPs': {'.': {},
                                                                          'k:{"ip":"10.244.1.63"}': {'.': {},
                                                                                                     'f:ip': {}}},
                                                             'f:startTime': {}}},
                                  'manager': 'kubelet',
                                  'operation': 'Update',
                                  'subresource': 'status',
                                  'time': datetime.datetime(2025, 5, 16, 12, 28, 54, tzinfo=tzlocal())}],
              'name': 'excel-to-parquet-yveh8yjo',
              'namespace': 'default',
              'owner_references': None,
              'resource_version': '191607',
              'self_link': None,
              'uid': '694d75dc-6212-4f90-b13c-e19925a73a13'},
 'spec': {'active_deadline_seconds': None,
          'affinity': {'node_affinity': None,
                       'pod_affinity': None,
                       'pod_anti_affinity': None},
          'automount_service_account_token': None,
          'containers': [{'args': ['mc alias set s3-local '
                                   'http://minio-external.default.svc.cluster.local:9000 '
                                   'adminic adminic123 && mc cp '
                                   's3-prod/ahajiyev/dynamic_file_to_db_transfer.py '
                                   '/tmp/dynamic_file_to_db_transfer.py && '
                                   'python /tmp/dynamic_file_to_db_transfer.py '
                                   '--source abc.xlsx --target ahajiyev/abc'],
                          'command': ['sh', '-c'],
                          'env': None,
                          'env_from': None,
                          'image': 'ahajiyev/pyspark-with-awscli',
                          'image_pull_policy': 'Always',
                          'lifecycle': None,
                          'liveness_probe': None,
                          'name': 'base',
                          'ports': None,
                          'readiness_probe': None,
                          'resize_policy': None,
                          'resources': {'claims': None,
                                        'limits': None,
                                        'requests': None},
                          'restart_policy': None,
                          'security_context': None,
                          'startup_probe': None,
                          'stdin': None,
                          'stdin_once': None,
                          'termination_message_path': '/dev/termination-log',
                          'termination_message_policy': 'File',
                          'tty': None,
                          'volume_devices': None,
                          'volume_mounts': [{'mount_path': '/var/run/secrets/kubernetes.io/serviceaccount',
                                             'mount_propagation': None,
                                             'name': 'kube-api-access-k9cqn',
                                             'read_only': True,
                                             'recursive_read_only': None,
                                             'sub_path': None,
                                             'sub_path_expr': None}],
                          'working_dir': None}],
          'dns_config': None,
          'dns_policy': 'ClusterFirst',
          'enable_service_links': True,
          'ephemeral_containers': None,
          'host_aliases': None,
          'host_ipc': None,
          'host_network': None,
          'host_pid': None,
          'host_users': None,
          'hostname': None,
          'image_pull_secrets': None,
          'init_containers': None,
          'node_name': 'minikube',
          'node_selector': None,
          'os': None,
          'overhead': None,
          'preemption_policy': 'PreemptLowerPriority',
          'priority': 0,
          'priority_class_name': None,
          'readiness_gates': None,
          'resource_claims': None,
          'restart_policy': 'Never',
          'runtime_class_name': None,
          'scheduler_name': 'default-scheduler',
          'scheduling_gates': None,
          'security_context': {'app_armor_profile': None,
                               'fs_group': None,
                               'fs_group_change_policy': None,
                               'run_as_group': None,
                               'run_as_non_root': None,
                               'run_as_user': None,
                               'se_linux_options': None,
                               'seccomp_profile': None,
                               'supplemental_groups': None,
                               'sysctls': None,
                               'windows_options': None},
          'service_account': 'default',
          'service_account_name': 'default',
          'set_hostname_as_fqdn': None,
          'share_process_namespace': None,
          'subdomain': None,
          'termination_grace_period_seconds': 30,
          'tolerations': [{'effect': 'NoExecute',
                           'key': 'node.kubernetes.io/not-ready',
                           'operator': 'Exists',
                           'toleration_seconds': 300,
                           'value': None},
                          {'effect': 'NoExecute',
                           'key': 'node.kubernetes.io/unreachable',
                           'operator': 'Exists',
                           'toleration_seconds': 300,
                           'value': None}],
          'topology_spread_constraints': None,
          'volumes': [{'aws_elastic_block_store': None,
                       'azure_disk': None,
                       'azure_file': None,
                       'cephfs': None,
                       'cinder': None,
                       'config_map': None,
                       'csi': None,
                       'downward_api': None,
                       'empty_dir': None,
                       'ephemeral': None,
                       'fc': None,
                       'flex_volume': None,
                       'flocker': None,
                       'gce_persistent_disk': None,
                       'git_repo': None,
                       'glusterfs': None,
                       'host_path': None,
                       'iscsi': None,
                       'name': 'kube-api-access-k9cqn',
                       'nfs': None,
                       'persistent_volume_claim': None,
                       'photon_persistent_disk': None,
                       'portworx_volume': None,
                       'projected': {'default_mode': 420,
                                     'sources': [{'cluster_trust_bundle': None,
                                                  'config_map': None,
                                                  'downward_api': None,
                                                  'secret': None,
                                                  'service_account_token': {'audience': None,
                                                                            'expiration_seconds': 3607,
                                                                            'path': 'token'}},
                                                 {'cluster_trust_bundle': None,
                                                  'config_map': {'items': [{'key': 'ca.crt',
                                                                            'mode': None,
                                                                            'path': 'ca.crt'}],
                                                                 'name': 'kube-root-ca.crt',
                                                                 'optional': None},
                                                  'downward_api': None,
                                                  'secret': None,
                                                  'service_account_token': None},
                                                 {'cluster_trust_bundle': None,
                                                  'config_map': None,
                                                  'downward_api': {'items': [{'field_ref': {'api_version': 'v1',
                                                                                            'field_path': 'metadata.namespace'},
                                                                              'mode': None,
                                                                              'path': 'namespace',
                                                                              'resource_field_ref': None}]},
                                                  'secret': None,
                                                  'service_account_token': None}]},
                       'quobyte': None,
                       'rbd': None,
                       'scale_io': None,
                       'secret': None,
                       'storageos': None,
                       'vsphere_volume': None}]},
 'status': {'conditions': [{'last_probe_time': None,
                            'last_transition_time': datetime.datetime(2025, 5, 16, 12, 28, 54, tzinfo=tzlocal()),
                            'message': None,
                            'reason': None,
                            'status': 'False',
                            'type': 'PodReadyToStartContainers'},
                           {'last_probe_time': None,
                            'last_transition_time': datetime.datetime(2025, 5, 16, 12, 28, 47, tzinfo=tzlocal()),
                            'message': None,
                            'reason': None,
                            'status': 'True',
                            'type': 'Initialized'},
                           {'last_probe_time': None,
                            'last_transition_time': datetime.datetime(2025, 5, 16, 12, 28, 52, tzinfo=tzlocal()),
                            'message': None,
                            'reason': 'PodFailed',
                            'status': 'False',
                            'type': 'Ready'},
                           {'last_probe_time': None,
                            'last_transition_time': datetime.datetime(2025, 5, 16, 12, 28, 52, tzinfo=tzlocal()),
                            'message': None,
                            'reason': 'PodFailed',
                            'status': 'False',
                            'type': 'ContainersReady'},
                           {'last_probe_time': None,
                            'last_transition_time': datetime.datetime(2025, 5, 16, 12, 28, 47, tzinfo=tzlocal()),
                            'message': None,
                            'reason': None,
                            'status': 'True',
                            'type': 'PodScheduled'}],
            'container_statuses': [{'allocated_resources': None,
                                    'container_id': 'docker://4f7f943d6a2496f51889d525cee66cf6e18e37b4de48f91f353d0a2df42d39f5',
                                    'image': 'ahajiyev/pyspark-with-awscli:latest',
                                    'image_id': 'docker-pullable://ahajiyev/pyspark-with-awscli@sha256:3e8a2152030adf16486088206ee57b70bfbc7542a06d52836099113d2efa6e18',
                                    'last_state': {'running': None,
                                                   'terminated': None,
                                                   'waiting': None},
                                    'name': 'base',
                                    'ready': False,
                                    'resources': None,
                                    'restart_count': 0,
                                    'started': False,
                                    'state': {'running': None,
                                              'terminated': {'container_id': 'docker://4f7f943d6a2496f51889d525cee66cf6e18e37b4de48f91f353d0a2df42d39f5',
                                                             'exit_code': 1,
                                                             'finished_at': datetime.datetime(2025, 5, 16, 12, 28, 51, tzinfo=tzlocal()),
                                                             'message': None,
                                                             'reason': 'Error',
                                                             'signal': None,
                                                             'started_at': datetime.datetime(2025, 5, 16, 12, 28, 51, tzinfo=tzlocal())},
                                              'waiting': None},
                                    'volume_mounts': [{'mount_path': '/var/run/secrets/kubernetes.io/serviceaccount',
                                                       'name': 'kube-api-access-k9cqn',
                                                       'read_only': True,
                                                       'recursive_read_only': 'Disabled'}]}],
            'ephemeral_container_statuses': None,
            'host_i_ps': [{'ip': '192.168.49.2'}],
            'host_ip': '192.168.49.2',
            'init_container_statuses': None,
            'message': None,
            'nominated_node_name': None,
            'phase': 'Failed',
            'pod_i_ps': [{'ip': '10.244.1.63'}],
            'pod_ip': '10.244.1.63',
            'qos_class': 'BestEffort',
            'reason': None,
            'resize': None,
            'resource_claim_statuses': None,
            'start_time': datetime.datetime(2025, 5, 16, 12, 28, 47, tzinfo=tzlocal())}}
[2025-05-16T12:28:55.776+0000] {taskinstance.py:1226} INFO - Marking task as FAILED. dag_id=DYNAMIC_FILE_TO_DB_LOADER, task_id=transfer_files, run_id=manual__2025-05-16T12:28:40.931245+00:00, map_index=0, execution_date=20250516T122840, start_date=20250516T122847, end_date=20250516T122855
[2025-05-16T12:28:55.790+0000] {taskinstance.py:341} INFO - ::group::Post task execution logs
[2025-05-16T12:28:55.790+0000] {standard_task_runner.py:124} ERROR - Failed to execute job 1623 for task transfer_files (Pod excel-to-parquet-yveh8yjo returned a failure.
remote_pod: {'api_version': 'v1',
 'kind': 'Pod',
 'metadata': {'annotations': None,
              'creation_timestamp': datetime.datetime(2025, 5, 16, 12, 28, 47, tzinfo=tzlocal()),
              'deletion_grace_period_seconds': None,
              'deletion_timestamp': None,
              'finalizers': None,
              'generate_name': None,
              'generation': None,
              'labels': {'***_kpo_in_cluster': 'False',
                         '***_version': '2.10.5',
                         'dag_id': 'DYNAMIC_FILE_TO_DB_LOADER',
                         'kubernetes_pod_operator': 'True',
                         'map_index': '0',
                         'run_id': 'manual__2025-05-16T122840.9312450000-869de3dad',
                         'task_id': 'transfer_files',
                         'try_number': '1'},
              'managed_fields': [{'api_version': 'v1',
                                  'fields_type': 'FieldsV1',
                                  'fields_v1': {'f:metadata': {'f:labels': {'.': {},
                                                                            'f:***_kpo_in_cluster': {},
                                                                            'f:***_version': {},
                                                                            'f:dag_id': {},
                                                                            'f:kubernetes_pod_operator': {},
                                                                            'f:map_index': {},
                                                                            'f:run_id': {},
                                                                            'f:task_id': {},
                                                                            'f:try_number': {}}},
                                                'f:spec': {'f:affinity': {},
                                                           'f:containers': {'k:{"name":"base"}': {'.': {},
                                                                                                  'f:args': {},
                                                                                                  'f:command': {},
                                                                                                  'f:image': {},
                                                                                                  'f:imagePullPolicy': {},
                                                                                                  'f:name': {},
                                                                                                  'f:resources': {},
                                                                                                  'f:terminationMessagePath': {},
                                                                                                  'f:terminationMessagePolicy': {}}},
                                                           'f:dnsPolicy': {},
                                                           'f:enableServiceLinks': {},
                                                           'f:restartPolicy': {},
                                                           'f:schedulerName': {},
                                                           'f:securityContext': {},
                                                           'f:terminationGracePeriodSeconds': {}}},
                                  'manager': 'OpenAPI-Generator',
                                  'operation': 'Update',
                                  'subresource': None,
                                  'time': datetime.datetime(2025, 5, 16, 12, 28, 47, tzinfo=tzlocal())},
                                 {'api_version': 'v1',
                                  'fields_type': 'FieldsV1',
                                  'fields_v1': {'f:status': {'f:conditions': {'k:{"type":"ContainersReady"}': {'.': {},
                                                                                                               'f:lastProbeTime': {},
                                                                                                               'f:lastTransitionTime': {},
                                                                                                               'f:reason': {},
                                                                                                               'f:status': {},
                                                                                                               'f:type': {}},
                                                                              'k:{"type":"Initialized"}': {'.': {},
                                                                                                           'f:lastProbeTime': {},
                                                                                                           'f:lastTransitionTime': {},
                                                                                                           'f:status': {},
                                                                                                           'f:type': {}},
                                                                              'k:{"type":"PodReadyToStartContainers"}': {'.': {},
                                                                                                                         'f:lastProbeTime': {},
                                                                                                                         'f:lastTransitionTime': {},
                                                                                                                         'f:status': {},
                                                                                                                         'f:type': {}},
                                                                              'k:{"type":"Ready"}': {'.': {},
                                                                                                     'f:lastProbeTime': {},
                                                                                                     'f:lastTransitionTime': {},
                                                                                                     'f:reason': {},
                                                                                                     'f:status': {},
                                                                                                     'f:type': {}}},
                                                             'f:containerStatuses': {},
                                                             'f:hostIP': {},
                                                             'f:hostIPs': {},
                                                             'f:phase': {},
                                                             'f:podIP': {},
                                                             'f:podIPs': {'.': {},
                                                                          'k:{"ip":"10.244.1.63"}': {'.': {},
                                                                                                     'f:ip': {}}},
                                                             'f:startTime': {}}},
                                  'manager': 'kubelet',
                                  'operation': 'Update',
                                  'subresource': 'status',
                                  'time': datetime.datetime(2025, 5, 16, 12, 28, 54, tzinfo=tzlocal())}],
              'name': 'excel-to-parquet-yveh8yjo',
              'namespace': 'default',
              'owner_references': None,
              'resource_version': '191607',
              'self_link': None,
              'uid': '694d75dc-6212-4f90-b13c-e19925a73a13'},
 'spec': {'active_deadline_seconds': None,
          'affinity': {'node_affinity': None,
                       'pod_affinity': None,
                       'pod_anti_affinity': None},
          'automount_service_account_token': None,
          'containers': [{'args': ['mc alias set s3-local '
                                   'http://minio-external.default.svc.cluster.local:9000 '
                                   'adminic adminic123 && mc cp '
                                   's3-prod/ahajiyev/dynamic_file_to_db_transfer.py '
                                   '/tmp/dynamic_file_to_db_transfer.py && '
                                   'python /tmp/dynamic_file_to_db_transfer.py '
                                   '--source abc.xlsx --target ahajiyev/abc'],
                          'command': ['sh', '-c'],
                          'env': None,
                          'env_from': None,
                          'image': 'ahajiyev/pyspark-with-awscli',
                          'image_pull_policy': 'Always',
                          'lifecycle': None,
                          'liveness_probe': None,
                          'name': 'base',
                          'ports': None,
                          'readiness_probe': None,
                          'resize_policy': None,
                          'resources': {'claims': None,
                                        'limits': None,
                                        'requests': None},
                          'restart_policy': None,
                          'security_context': None,
                          'startup_probe': None,
                          'stdin': None,
                          'stdin_once': None,
                          'termination_message_path': '/dev/termination-log',
                          'termination_message_policy': 'File',
                          'tty': None,
                          'volume_devices': None,
                          'volume_mounts': [{'mount_path': '/var/run/secrets/kubernetes.io/serviceaccount',
                                             'mount_propagation': None,
                                             'name': 'kube-api-access-k9cqn',
                                             'read_only': True,
                                             'recursive_read_only': None,
                                             'sub_path': None,
                                             'sub_path_expr': None}],
                          'working_dir': None}],
          'dns_config': None,
          'dns_policy': 'ClusterFirst',
          'enable_service_links': True,
          'ephemeral_containers': None,
          'host_aliases': None,
          'host_ipc': None,
          'host_network': None,
          'host_pid': None,
          'host_users': None,
          'hostname': None,
          'image_pull_secrets': None,
          'init_containers': None,
          'node_name': 'minikube',
          'node_selector': None,
          'os': None,
          'overhead': None,
          'preemption_policy': 'PreemptLowerPriority',
          'priority': 0,
          'priority_class_name': None,
          'readiness_gates': None,
          'resource_claims': None,
          'restart_policy': 'Never',
          'runtime_class_name': None,
          'scheduler_name': 'default-scheduler',
          'scheduling_gates': None,
          'security_context': {'app_armor_profile': None,
                               'fs_group': None,
                               'fs_group_change_policy': None,
                               'run_as_group': None,
                               'run_as_non_root': None,
                               'run_as_user': None,
                               'se_linux_options': None,
                               'seccomp_profile': None,
                               'supplemental_groups': None,
                               'sysctls': None,
                               'windows_options': None},
          'service_account': 'default',
          'service_account_name': 'default',
          'set_hostname_as_fqdn': None,
          'share_process_namespace': None,
          'subdomain': None,
          'termination_grace_period_seconds': 30,
          'tolerations': [{'effect': 'NoExecute',
                           'key': 'node.kubernetes.io/not-ready',
                           'operator': 'Exists',
                           'toleration_seconds': 300,
                           'value': None},
                          {'effect': 'NoExecute',
                           'key': 'node.kubernetes.io/unreachable',
                           'operator': 'Exists',
                           'toleration_seconds': 300,
                           'value': None}],
          'topology_spread_constraints': None,
          'volumes': [{'aws_elastic_block_store': None,
                       'azure_disk': None,
                       'azure_file': None,
                       'cephfs': None,
                       'cinder': None,
                       'config_map': None,
                       'csi': None,
                       'downward_api': None,
                       'empty_dir': None,
                       'ephemeral': None,
                       'fc': None,
                       'flex_volume': None,
                       'flocker': None,
                       'gce_persistent_disk': None,
                       'git_repo': None,
                       'glusterfs': None,
                       'host_path': None,
                       'iscsi': None,
                       'name': 'kube-api-access-k9cqn',
                       'nfs': None,
                       'persistent_volume_claim': None,
                       'photon_persistent_disk': None,
                       'portworx_volume': None,
                       'projected': {'default_mode': 420,
                                     'sources': [{'cluster_trust_bundle': None,
                                                  'config_map': None,
                                                  'downward_api': None,
                                                  'secret': None,
                                                  'service_account_token': {'audience': None,
                                                                            'expiration_seconds': 3607,
                                                                            'path': 'token'}},
                                                 {'cluster_trust_bundle': None,
                                                  'config_map': {'items': [{'key': 'ca.crt',
                                                                            'mode': None,
                                                                            'path': 'ca.crt'}],
                                                                 'name': 'kube-root-ca.crt',
                                                                 'optional': None},
                                                  'downward_api': None,
                                                  'secret': None,
                                                  'service_account_token': None},
                                                 {'cluster_trust_bundle': None,
                                                  'config_map': None,
                                                  'downward_api': {'items': [{'field_ref': {'api_version': 'v1',
                                                                                            'field_path': 'metadata.namespace'},
                                                                              'mode': None,
                                                                              'path': 'namespace',
                                                                              'resource_field_ref': None}]},
                                                  'secret': None,
                                                  'service_account_token': None}]},
                       'quobyte': None,
                       'rbd': None,
                       'scale_io': None,
                       'secret': None,
                       'storageos': None,
                       'vsphere_volume': None}]},
 'status': {'conditions': [{'last_probe_time': None,
                            'last_transition_time': datetime.datetime(2025, 5, 16, 12, 28, 54, tzinfo=tzlocal()),
                            'message': None,
                            'reason': None,
                            'status': 'False',
                            'type': 'PodReadyToStartContainers'},
                           {'last_probe_time': None,
                            'last_transition_time': datetime.datetime(2025, 5, 16, 12, 28, 47, tzinfo=tzlocal()),
                            'message': None,
                            'reason': None,
                            'status': 'True',
                            'type': 'Initialized'},
                           {'last_probe_time': None,
                            'last_transition_time': datetime.datetime(2025, 5, 16, 12, 28, 52, tzinfo=tzlocal()),
                            'message': None,
                            'reason': 'PodFailed',
                            'status': 'False',
                            'type': 'Ready'},
                           {'last_probe_time': None,
                            'last_transition_time': datetime.datetime(2025, 5, 16, 12, 28, 52, tzinfo=tzlocal()),
                            'message': None,
                            'reason': 'PodFailed',
                            'status': 'False',
                            'type': 'ContainersReady'},
                           {'last_probe_time': None,
                            'last_transition_time': datetime.datetime(2025, 5, 16, 12, 28, 47, tzinfo=tzlocal()),
                            'message': None,
                            'reason': None,
                            'status': 'True',
                            'type': 'PodScheduled'}],
            'container_statuses': [{'allocated_resources': None,
                                    'container_id': 'docker://4f7f943d6a2496f51889d525cee66cf6e18e37b4de48f91f353d0a2df42d39f5',
                                    'image': 'ahajiyev/pyspark-with-awscli:latest',
                                    'image_id': 'docker-pullable://ahajiyev/pyspark-with-awscli@sha256:3e8a2152030adf16486088206ee57b70bfbc7542a06d52836099113d2efa6e18',
                                    'last_state': {'running': None,
                                                   'terminated': None,
                                                   'waiting': None},
                                    'name': 'base',
                                    'ready': False,
                                    'resources': None,
                                    'restart_count': 0,
                                    'started': False,
                                    'state': {'running': None,
                                              'terminated': {'container_id': 'docker://4f7f943d6a2496f51889d525cee66cf6e18e37b4de48f91f353d0a2df42d39f5',
                                                             'exit_code': 1,
                                                             'finished_at': datetime.datetime(2025, 5, 16, 12, 28, 51, tzinfo=tzlocal()),
                                                             'message': None,
                                                             'reason': 'Error',
                                                             'signal': None,
                                                             'started_at': datetime.datetime(2025, 5, 16, 12, 28, 51, tzinfo=tzlocal())},
                                              'waiting': None},
                                    'volume_mounts': [{'mount_path': '/var/run/secrets/kubernetes.io/serviceaccount',
                                                       'name': 'kube-api-access-k9cqn',
                                                       'read_only': True,
                                                       'recursive_read_only': 'Disabled'}]}],
            'ephemeral_container_statuses': None,
            'host_i_ps': [{'ip': '192.168.49.2'}],
            'host_ip': '192.168.49.2',
            'init_container_statuses': None,
            'message': None,
            'nominated_node_name': None,
            'phase': 'Failed',
            'pod_i_ps': [{'ip': '10.244.1.63'}],
            'pod_ip': '10.244.1.63',
            'qos_class': 'BestEffort',
            'reason': None,
            'resize': None,
            'resource_claim_statuses': None,
            'start_time': datetime.datetime(2025, 5, 16, 12, 28, 47, tzinfo=tzlocal())}}; 458)
Traceback (most recent call last):
  File "/home/airflow/.local/lib/python3.12/site-packages/airflow/task/task_runner/standard_task_runner.py", line 117, in _start_by_fork
    ret = args.func(args, dag=self.dag)
          ^^^^^^^^^^^^^^^^^^^^^^^^^^^^^
  File "/home/airflow/.local/lib/python3.12/site-packages/airflow/cli/cli_config.py", line 49, in command
    return func(*args, **kwargs)
           ^^^^^^^^^^^^^^^^^^^^^
  File "/home/airflow/.local/lib/python3.12/site-packages/airflow/utils/cli.py", line 116, in wrapper
    return f(*args, **kwargs)
           ^^^^^^^^^^^^^^^^^^
  File "/home/airflow/.local/lib/python3.12/site-packages/airflow/cli/commands/task_command.py", line 483, in task_run
    task_return_code = _run_task_by_selected_method(args, _dag, ti)
                       ^^^^^^^^^^^^^^^^^^^^^^^^^^^^^^^^^^^^^^^^^^^^
  File "/home/airflow/.local/lib/python3.12/site-packages/airflow/cli/commands/task_command.py", line 256, in _run_task_by_selected_method
    return _run_raw_task(args, ti)
           ^^^^^^^^^^^^^^^^^^^^^^^
  File "/home/airflow/.local/lib/python3.12/site-packages/airflow/cli/commands/task_command.py", line 341, in _run_raw_task
    return ti._run_raw_task(
           ^^^^^^^^^^^^^^^^^
  File "/home/airflow/.local/lib/python3.12/site-packages/airflow/utils/session.py", line 97, in wrapper
    return func(*args, session=session, **kwargs)
           ^^^^^^^^^^^^^^^^^^^^^^^^^^^^^^^^^^^^^^
  File "/home/airflow/.local/lib/python3.12/site-packages/airflow/models/taskinstance.py", line 3006, in _run_raw_task
    return _run_raw_task(
           ^^^^^^^^^^^^^^
  File "/home/airflow/.local/lib/python3.12/site-packages/airflow/models/taskinstance.py", line 274, in _run_raw_task
    TaskInstance._execute_task_with_callbacks(
  File "/home/airflow/.local/lib/python3.12/site-packages/airflow/models/taskinstance.py", line 3161, in _execute_task_with_callbacks
    result = self._execute_task(context, task_orig)
             ^^^^^^^^^^^^^^^^^^^^^^^^^^^^^^^^^^^^^^
  File "/home/airflow/.local/lib/python3.12/site-packages/airflow/models/taskinstance.py", line 3185, in _execute_task
    return _execute_task(self, context, task_orig)
           ^^^^^^^^^^^^^^^^^^^^^^^^^^^^^^^^^^^^^^^
  File "/home/airflow/.local/lib/python3.12/site-packages/airflow/models/taskinstance.py", line 768, in _execute_task
    result = _execute_callable(context=context, **execute_callable_kwargs)
             ^^^^^^^^^^^^^^^^^^^^^^^^^^^^^^^^^^^^^^^^^^^^^^^^^^^^^^^^^^^^^
  File "/home/airflow/.local/lib/python3.12/site-packages/airflow/models/taskinstance.py", line 734, in _execute_callable
    return ExecutionCallableRunner(
           ^^^^^^^^^^^^^^^^^^^^^^^^
  File "/home/airflow/.local/lib/python3.12/site-packages/airflow/utils/operator_helpers.py", line 252, in run
    return self.func(*args, **kwargs)
           ^^^^^^^^^^^^^^^^^^^^^^^^^^
  File "/home/airflow/.local/lib/python3.12/site-packages/airflow/models/baseoperator.py", line 424, in wrapper
    return func(self, *args, **kwargs)
           ^^^^^^^^^^^^^^^^^^^^^^^^^^^
  File "/home/airflow/.local/lib/python3.12/site-packages/airflow/providers/cncf/kubernetes/operators/pod.py", line 583, in execute
    return self.execute_sync(context)
           ^^^^^^^^^^^^^^^^^^^^^^^^^^
  File "/home/airflow/.local/lib/python3.12/site-packages/airflow/providers/cncf/kubernetes/operators/pod.py", line 636, in execute_sync
    self.cleanup(
  File "/home/airflow/.local/lib/python3.12/site-packages/airflow/providers/cncf/kubernetes/operators/pod.py", line 928, in cleanup
    raise AirflowException(
airflow.exceptions.AirflowException: Pod excel-to-parquet-yveh8yjo returned a failure.
remote_pod: {'api_version': 'v1',
 'kind': 'Pod',
 'metadata': {'annotations': None,
              'creation_timestamp': datetime.datetime(2025, 5, 16, 12, 28, 47, tzinfo=tzlocal()),
              'deletion_grace_period_seconds': None,
              'deletion_timestamp': None,
              'finalizers': None,
              'generate_name': None,
              'generation': None,
              'labels': {'***_kpo_in_cluster': 'False',
                         '***_version': '2.10.5',
                         'dag_id': 'DYNAMIC_FILE_TO_DB_LOADER',
                         'kubernetes_pod_operator': 'True',
                         'map_index': '0',
                         'run_id': 'manual__2025-05-16T122840.9312450000-869de3dad',
                         'task_id': 'transfer_files',
                         'try_number': '1'},
              'managed_fields': [{'api_version': 'v1',
                                  'fields_type': 'FieldsV1',
                                  'fields_v1': {'f:metadata': {'f:labels': {'.': {},
                                                                            'f:***_kpo_in_cluster': {},
                                                                            'f:***_version': {},
                                                                            'f:dag_id': {},
                                                                            'f:kubernetes_pod_operator': {},
                                                                            'f:map_index': {},
                                                                            'f:run_id': {},
                                                                            'f:task_id': {},
                                                                            'f:try_number': {}}},
                                                'f:spec': {'f:affinity': {},
                                                           'f:containers': {'k:{"name":"base"}': {'.': {},
                                                                                                  'f:args': {},
                                                                                                  'f:command': {},
                                                                                                  'f:image': {},
                                                                                                  'f:imagePullPolicy': {},
                                                                                                  'f:name': {},
                                                                                                  'f:resources': {},
                                                                                                  'f:terminationMessagePath': {},
                                                                                                  'f:terminationMessagePolicy': {}}},
                                                           'f:dnsPolicy': {},
                                                           'f:enableServiceLinks': {},
                                                           'f:restartPolicy': {},
                                                           'f:schedulerName': {},
                                                           'f:securityContext': {},
                                                           'f:terminationGracePeriodSeconds': {}}},
                                  'manager': 'OpenAPI-Generator',
                                  'operation': 'Update',
                                  'subresource': None,
                                  'time': datetime.datetime(2025, 5, 16, 12, 28, 47, tzinfo=tzlocal())},
                                 {'api_version': 'v1',
                                  'fields_type': 'FieldsV1',
                                  'fields_v1': {'f:status': {'f:conditions': {'k:{"type":"ContainersReady"}': {'.': {},
                                                                                                               'f:lastProbeTime': {},
                                                                                                               'f:lastTransitionTime': {},
                                                                                                               'f:reason': {},
                                                                                                               'f:status': {},
                                                                                                               'f:type': {}},
                                                                              'k:{"type":"Initialized"}': {'.': {},
                                                                                                           'f:lastProbeTime': {},
                                                                                                           'f:lastTransitionTime': {},
                                                                                                           'f:status': {},
                                                                                                           'f:type': {}},
                                                                              'k:{"type":"PodReadyToStartContainers"}': {'.': {},
                                                                                                                         'f:lastProbeTime': {},
                                                                                                                         'f:lastTransitionTime': {},
                                                                                                                         'f:status': {},
                                                                                                                         'f:type': {}},
                                                                              'k:{"type":"Ready"}': {'.': {},
                                                                                                     'f:lastProbeTime': {},
                                                                                                     'f:lastTransitionTime': {},
                                                                                                     'f:reason': {},
                                                                                                     'f:status': {},
                                                                                                     'f:type': {}}},
                                                             'f:containerStatuses': {},
                                                             'f:hostIP': {},
                                                             'f:hostIPs': {},
                                                             'f:phase': {},
                                                             'f:podIP': {},
                                                             'f:podIPs': {'.': {},
                                                                          'k:{"ip":"10.244.1.63"}': {'.': {},
                                                                                                     'f:ip': {}}},
                                                             'f:startTime': {}}},
                                  'manager': 'kubelet',
                                  'operation': 'Update',
                                  'subresource': 'status',
                                  'time': datetime.datetime(2025, 5, 16, 12, 28, 54, tzinfo=tzlocal())}],
              'name': 'excel-to-parquet-yveh8yjo',
              'namespace': 'default',
              'owner_references': None,
              'resource_version': '191607',
              'self_link': None,
              'uid': '694d75dc-6212-4f90-b13c-e19925a73a13'},
 'spec': {'active_deadline_seconds': None,
          'affinity': {'node_affinity': None,
                       'pod_affinity': None,
                       'pod_anti_affinity': None},
          'automount_service_account_token': None,
          'containers': [{'args': ['mc alias set s3-local '
                                   'http://minio-external.default.svc.cluster.local:9000 '
                                   'adminic adminic123 && mc cp '
                                   's3-prod/ahajiyev/dynamic_file_to_db_transfer.py '
                                   '/tmp/dynamic_file_to_db_transfer.py && '
                                   'python /tmp/dynamic_file_to_db_transfer.py '
                                   '--source abc.xlsx --target ahajiyev/abc'],
                          'command': ['sh', '-c'],
                          'env': None,
                          'env_from': None,
                          'image': 'ahajiyev/pyspark-with-awscli',
                          'image_pull_policy': 'Always',
                          'lifecycle': None,
                          'liveness_probe': None,
                          'name': 'base',
                          'ports': None,
                          'readiness_probe': None,
                          'resize_policy': None,
                          'resources': {'claims': None,
                                        'limits': None,
                                        'requests': None},
                          'restart_policy': None,
                          'security_context': None,
                          'startup_probe': None,
                          'stdin': None,
                          'stdin_once': None,
                          'termination_message_path': '/dev/termination-log',
                          'termination_message_policy': 'File',
                          'tty': None,
                          'volume_devices': None,
                          'volume_mounts': [{'mount_path': '/var/run/secrets/kubernetes.io/serviceaccount',
                                             'mount_propagation': None,
                                             'name': 'kube-api-access-k9cqn',
                                             'read_only': True,
                                             'recursive_read_only': None,
                                             'sub_path': None,
                                             'sub_path_expr': None}],
                          'working_dir': None}],
          'dns_config': None,
          'dns_policy': 'ClusterFirst',
          'enable_service_links': True,
          'ephemeral_containers': None,
          'host_aliases': None,
          'host_ipc': None,
          'host_network': None,
          'host_pid': None,
          'host_users': None,
          'hostname': None,
          'image_pull_secrets': None,
          'init_containers': None,
          'node_name': 'minikube',
          'node_selector': None,
          'os': None,
          'overhead': None,
          'preemption_policy': 'PreemptLowerPriority',
          'priority': 0,
          'priority_class_name': None,
          'readiness_gates': None,
          'resource_claims': None,
          'restart_policy': 'Never',
          'runtime_class_name': None,
          'scheduler_name': 'default-scheduler',
          'scheduling_gates': None,
          'security_context': {'app_armor_profile': None,
                               'fs_group': None,
                               'fs_group_change_policy': None,
                               'run_as_group': None,
                               'run_as_non_root': None,
                               'run_as_user': None,
                               'se_linux_options': None,
                               'seccomp_profile': None,
                               'supplemental_groups': None,
                               'sysctls': None,
                               'windows_options': None},
          'service_account': 'default',
          'service_account_name': 'default',
          'set_hostname_as_fqdn': None,
          'share_process_namespace': None,
          'subdomain': None,
          'termination_grace_period_seconds': 30,
          'tolerations': [{'effect': 'NoExecute',
                           'key': 'node.kubernetes.io/not-ready',
                           'operator': 'Exists',
                           'toleration_seconds': 300,
                           'value': None},
                          {'effect': 'NoExecute',
                           'key': 'node.kubernetes.io/unreachable',
                           'operator': 'Exists',
                           'toleration_seconds': 300,
                           'value': None}],
          'topology_spread_constraints': None,
          'volumes': [{'aws_elastic_block_store': None,
                       'azure_disk': None,
                       'azure_file': None,
                       'cephfs': None,
                       'cinder': None,
                       'config_map': None,
                       'csi': None,
                       'downward_api': None,
                       'empty_dir': None,
                       'ephemeral': None,
                       'fc': None,
                       'flex_volume': None,
                       'flocker': None,
                       'gce_persistent_disk': None,
                       'git_repo': None,
                       'glusterfs': None,
                       'host_path': None,
                       'iscsi': None,
                       'name': 'kube-api-access-k9cqn',
                       'nfs': None,
                       'persistent_volume_claim': None,
                       'photon_persistent_disk': None,
                       'portworx_volume': None,
                       'projected': {'default_mode': 420,
                                     'sources': [{'cluster_trust_bundle': None,
                                                  'config_map': None,
                                                  'downward_api': None,
                                                  'secret': None,
                                                  'service_account_token': {'audience': None,
                                                                            'expiration_seconds': 3607,
                                                                            'path': 'token'}},
                                                 {'cluster_trust_bundle': None,
                                                  'config_map': {'items': [{'key': 'ca.crt',
                                                                            'mode': None,
                                                                            'path': 'ca.crt'}],
                                                                 'name': 'kube-root-ca.crt',
                                                                 'optional': None},
                                                  'downward_api': None,
                                                  'secret': None,
                                                  'service_account_token': None},
                                                 {'cluster_trust_bundle': None,
                                                  'config_map': None,
                                                  'downward_api': {'items': [{'field_ref': {'api_version': 'v1',
                                                                                            'field_path': 'metadata.namespace'},
                                                                              'mode': None,
                                                                              'path': 'namespace',
                                                                              'resource_field_ref': None}]},
                                                  'secret': None,
                                                  'service_account_token': None}]},
                       'quobyte': None,
                       'rbd': None,
                       'scale_io': None,
                       'secret': None,
                       'storageos': None,
                       'vsphere_volume': None}]},
 'status': {'conditions': [{'last_probe_time': None,
                            'last_transition_time': datetime.datetime(2025, 5, 16, 12, 28, 54, tzinfo=tzlocal()),
                            'message': None,
                            'reason': None,
                            'status': 'False',
                            'type': 'PodReadyToStartContainers'},
                           {'last_probe_time': None,
                            'last_transition_time': datetime.datetime(2025, 5, 16, 12, 28, 47, tzinfo=tzlocal()),
                            'message': None,
                            'reason': None,
                            'status': 'True',
                            'type': 'Initialized'},
                           {'last_probe_time': None,
                            'last_transition_time': datetime.datetime(2025, 5, 16, 12, 28, 52, tzinfo=tzlocal()),
                            'message': None,
                            'reason': 'PodFailed',
                            'status': 'False',
                            'type': 'Ready'},
                           {'last_probe_time': None,
                            'last_transition_time': datetime.datetime(2025, 5, 16, 12, 28, 52, tzinfo=tzlocal()),
                            'message': None,
                            'reason': 'PodFailed',
                            'status': 'False',
                            'type': 'ContainersReady'},
                           {'last_probe_time': None,
                            'last_transition_time': datetime.datetime(2025, 5, 16, 12, 28, 47, tzinfo=tzlocal()),
                            'message': None,
                            'reason': None,
                            'status': 'True',
                            'type': 'PodScheduled'}],
            'container_statuses': [{'allocated_resources': None,
                                    'container_id': 'docker://4f7f943d6a2496f51889d525cee66cf6e18e37b4de48f91f353d0a2df42d39f5',
                                    'image': 'ahajiyev/pyspark-with-awscli:latest',
                                    'image_id': 'docker-pullable://ahajiyev/pyspark-with-awscli@sha256:3e8a2152030adf16486088206ee57b70bfbc7542a06d52836099113d2efa6e18',
                                    'last_state': {'running': None,
                                                   'terminated': None,
                                                   'waiting': None},
                                    'name': 'base',
                                    'ready': False,
                                    'resources': None,
                                    'restart_count': 0,
                                    'started': False,
                                    'state': {'running': None,
                                              'terminated': {'container_id': 'docker://4f7f943d6a2496f51889d525cee66cf6e18e37b4de48f91f353d0a2df42d39f5',
                                                             'exit_code': 1,
                                                             'finished_at': datetime.datetime(2025, 5, 16, 12, 28, 51, tzinfo=tzlocal()),
                                                             'message': None,
                                                             'reason': 'Error',
                                                             'signal': None,
                                                             'started_at': datetime.datetime(2025, 5, 16, 12, 28, 51, tzinfo=tzlocal())},
                                              'waiting': None},
                                    'volume_mounts': [{'mount_path': '/var/run/secrets/kubernetes.io/serviceaccount',
                                                       'name': 'kube-api-access-k9cqn',
                                                       'read_only': True,
                                                       'recursive_read_only': 'Disabled'}]}],
            'ephemeral_container_statuses': None,
            'host_i_ps': [{'ip': '192.168.49.2'}],
            'host_ip': '192.168.49.2',
            'init_container_statuses': None,
            'message': None,
            'nominated_node_name': None,
            'phase': 'Failed',
            'pod_i_ps': [{'ip': '10.244.1.63'}],
            'pod_ip': '10.244.1.63',
            'qos_class': 'BestEffort',
            'reason': None,
            'resize': None,
            'resource_claim_statuses': None,
            'start_time': datetime.datetime(2025, 5, 16, 12, 28, 47, tzinfo=tzlocal())}}
[2025-05-16T12:28:55.812+0000] {local_task_job_runner.py:266} INFO - Task exited with return code 1
[2025-05-16T12:28:55.823+0000] {taskinstance.py:3901} INFO - 0 downstream tasks scheduled from follow-on schedule check
[2025-05-16T12:28:55.824+0000] {local_task_job_runner.py:245} INFO - ::endgroup::
