[2025-05-23T07:00:05.294+0000] {local_task_job_runner.py:123} INFO - ::group::Pre task execution logs
[2025-05-23T07:00:05.305+0000] {taskinstance.py:2614} INFO - Dependencies all met for dep_context=non-requeueable deps ti=<TaskInstance: DYNAMIC_FILE_TO_DB_LOADER.get_required_files_and_download scheduled__2025-05-23T06:40:00+00:00 [queued]>
[2025-05-23T07:00:05.310+0000] {taskinstance.py:2614} INFO - Dependencies all met for dep_context=requeueable deps ti=<TaskInstance: DYNAMIC_FILE_TO_DB_LOADER.get_required_files_and_download scheduled__2025-05-23T06:40:00+00:00 [queued]>
[2025-05-23T07:00:05.310+0000] {taskinstance.py:2867} INFO - Starting attempt 1 of 1
[2025-05-23T07:00:05.316+0000] {taskinstance.py:2890} INFO - Executing <Task(_PythonDecoratedOperator): get_required_files_and_download> on 2025-05-23 06:40:00+00:00
[2025-05-23T07:00:05.322+0000] {logging_mixin.py:190} WARNING - /home/***/.local/lib/python3.12/site-packages/***/task/task_runner/standard_task_runner.py:70 DeprecationWarning: This process (pid=20376) is multi-threaded, use of fork() may lead to deadlocks in the child.
[2025-05-23T07:00:05.323+0000] {standard_task_runner.py:72} INFO - Started process 20377 to run task
[2025-05-23T07:00:05.322+0000] {standard_task_runner.py:104} INFO - Running: ['***', 'tasks', 'run', 'DYNAMIC_FILE_TO_DB_LOADER', 'get_required_files_and_download', 'scheduled__2025-05-23T06:40:00+00:00', '--job-id', '2004', '--raw', '--subdir', 'DAGS_FOLDER/***_dynamic_file_to_db_loader.py', '--cfg-path', '/tmp/tmpkskzti09']
[2025-05-23T07:00:05.324+0000] {standard_task_runner.py:105} INFO - Job 2004: Subtask get_required_files_and_download
[2025-05-23T07:00:05.358+0000] {task_command.py:467} INFO - Running <TaskInstance: DYNAMIC_FILE_TO_DB_LOADER.get_required_files_and_download scheduled__2025-05-23T06:40:00+00:00 [running]> on host 5fb7fe4c544d
[2025-05-23T07:00:05.408+0000] {taskinstance.py:3134} INFO - Exporting env vars: AIRFLOW_CTX_DAG_OWNER='***' AIRFLOW_CTX_DAG_ID='DYNAMIC_FILE_TO_DB_LOADER' AIRFLOW_CTX_TASK_ID='get_required_files_and_download' AIRFLOW_CTX_EXECUTION_DATE='2025-05-23T06:40:00+00:00' AIRFLOW_CTX_TRY_NUMBER='1' AIRFLOW_CTX_DAG_RUN_ID='scheduled__2025-05-23T06:40:00+00:00'
[2025-05-23T07:00:05.409+0000] {taskinstance.py:732} INFO - ::endgroup::
[2025-05-23T07:00:05.421+0000] {base.py:84} INFO - Retrieving connection 'minio_conn'
[2025-05-23T07:00:05.422+0000] {connection_wrapper.py:325} INFO - AWS Connection (conn_id='minio_conn', conn_type='aws') credentials retrieved from login and password.
[2025-05-23T07:00:05.759+0000] {s3.py:1467} INFO - Downloading source S3 file from Bucket ahajiyev with path abc.xlsx
[2025-05-23T07:00:05.832+0000] {httpchecksum.py:481} INFO - Skipping checksum validation. Response did not contain one of the following algorithms: ['crc32', 'sha1', 'sha256'].
[2025-05-23T07:00:05.837+0000] {s3.py:1467} INFO - Downloading source S3 file from Bucket ahajiyev with path xyz.xlsx
[2025-05-23T07:00:05.844+0000] {httpchecksum.py:481} INFO - Skipping checksum validation. Response did not contain one of the following algorithms: ['crc32', 'sha1', 'sha256'].
[2025-05-23T07:00:05.845+0000] {hook.py:208} WARNING - Data lineage tracking is disabled. Register a hook lineage reader to start tracking hook lineage.
[2025-05-23T07:00:05.846+0000] {airflow_dynamic_file_to_db_loader.py:201} INFO - Downloaded Mappings: [{'source_file_name': 'abc.xlsx', 'target_table_name': 'ahajiyev/abc'}, {'source_file_name': 'xyz.xlsx', 'target_table_name': 'ahajiyev/xyz'}]
[2025-05-23T07:00:05.847+0000] {python.py:240} INFO - Done. Returned value was: [{'source_file_name': 'abc.xlsx', 'target_table_name': 'ahajiyev/abc'}, {'source_file_name': 'xyz.xlsx', 'target_table_name': 'ahajiyev/xyz'}]
[2025-05-23T07:00:05.871+0000] {taskinstance.py:341} INFO - ::group::Post task execution logs
[2025-05-23T07:00:05.871+0000] {taskinstance.py:353} INFO - Marking task as SUCCESS. dag_id=DYNAMIC_FILE_TO_DB_LOADER, task_id=get_required_files_and_download, run_id=scheduled__2025-05-23T06:40:00+00:00, execution_date=20250523T064000, start_date=20250523T070005, end_date=20250523T070005
[2025-05-23T07:00:05.920+0000] {local_task_job_runner.py:266} INFO - Task exited with return code 0
[2025-05-23T07:00:05.954+0000] {local_task_job_runner.py:245} INFO - ::endgroup::
