[2025-05-23T00:09:56.266+0000] {local_task_job_runner.py:123} INFO - ::group::Pre task execution logs
[2025-05-23T00:09:56.275+0000] {taskinstance.py:2614} INFO - Dependencies all met for dep_context=non-requeueable deps ti=<TaskInstance: DYNAMIC_FILE_TO_DB_LOADER.clone_repo scheduled__2025-05-22T12:40:00+00:00 [queued]>
[2025-05-23T00:09:56.280+0000] {taskinstance.py:2614} INFO - Dependencies all met for dep_context=requeueable deps ti=<TaskInstance: DYNAMIC_FILE_TO_DB_LOADER.clone_repo scheduled__2025-05-22T12:40:00+00:00 [queued]>
[2025-05-23T00:09:56.281+0000] {taskinstance.py:2867} INFO - Starting attempt 1 of 1
[2025-05-23T00:09:56.287+0000] {taskinstance.py:2890} INFO - Executing <Task(BashOperator): clone_repo> on 2025-05-22 12:40:00+00:00
[2025-05-23T00:09:56.292+0000] {logging_mixin.py:190} WARNING - /home/***/.local/lib/python3.12/site-packages/***/task/task_runner/standard_task_runner.py:70 DeprecationWarning: This process (pid=16050) is multi-threaded, use of fork() may lead to deadlocks in the child.
[2025-05-23T00:09:56.293+0000] {standard_task_runner.py:72} INFO - Started process 16051 to run task
[2025-05-23T00:09:56.294+0000] {standard_task_runner.py:104} INFO - Running: ['***', 'tasks', 'run', 'DYNAMIC_FILE_TO_DB_LOADER', 'clone_repo', 'scheduled__2025-05-22T12:40:00+00:00', '--job-id', '1951', '--raw', '--subdir', 'DAGS_FOLDER/***_dynamic_file_to_db_loader.py', '--cfg-path', '/tmp/tmpiqxp4m43']
[2025-05-23T00:09:56.295+0000] {standard_task_runner.py:105} INFO - Job 1951: Subtask clone_repo
[2025-05-23T00:09:56.323+0000] {task_command.py:467} INFO - Running <TaskInstance: DYNAMIC_FILE_TO_DB_LOADER.clone_repo scheduled__2025-05-22T12:40:00+00:00 [running]> on host 5fb7fe4c544d
[2025-05-23T00:09:56.363+0000] {taskinstance.py:3134} INFO - Exporting env vars: AIRFLOW_CTX_DAG_OWNER='***' AIRFLOW_CTX_DAG_ID='DYNAMIC_FILE_TO_DB_LOADER' AIRFLOW_CTX_TASK_ID='clone_repo' AIRFLOW_CTX_EXECUTION_DATE='2025-05-22T12:40:00+00:00' AIRFLOW_CTX_TRY_NUMBER='1' AIRFLOW_CTX_DAG_RUN_ID='scheduled__2025-05-22T12:40:00+00:00'
[2025-05-23T00:09:56.364+0000] {taskinstance.py:732} INFO - ::endgroup::
[2025-05-23T00:09:56.365+0000] {subprocess.py:78} INFO - Tmp dir root location: /tmp
[2025-05-23T00:09:56.365+0000] {subprocess.py:88} INFO - Running command: ['/usr/bin/bash', '-c', 'rm -rf /opt/***/files/repo && git clone https://github.com/ahajiyev628/***_dynamic_file_to_db_loader.git /opt/***/files/repo']
[2025-05-23T00:09:56.371+0000] {subprocess.py:99} INFO - Output:
[2025-05-23T00:09:56.384+0000] {subprocess.py:106} INFO - Cloning into '/opt/***/files/repo'...
[2025-05-23T00:09:57.519+0000] {subprocess.py:110} INFO - Command exited with return code 0
[2025-05-23T00:09:57.538+0000] {taskinstance.py:341} INFO - ::group::Post task execution logs
[2025-05-23T00:09:57.539+0000] {taskinstance.py:353} INFO - Marking task as SUCCESS. dag_id=DYNAMIC_FILE_TO_DB_LOADER, task_id=clone_repo, run_id=scheduled__2025-05-22T12:40:00+00:00, execution_date=20250522T124000, start_date=20250523T000956, end_date=20250523T000957
[2025-05-23T00:09:57.567+0000] {local_task_job_runner.py:266} INFO - Task exited with return code 0
[2025-05-23T00:09:57.581+0000] {taskinstance.py:3901} INFO - 1 downstream tasks scheduled from follow-on schedule check
[2025-05-23T00:09:57.582+0000] {local_task_job_runner.py:245} INFO - ::endgroup::
