[2025-05-16T12:24:39.718+0000] {local_task_job_runner.py:123} INFO - ::group::Pre task execution logs
[2025-05-16T12:24:39.731+0000] {taskinstance.py:2614} INFO - Dependencies all met for dep_context=non-requeueable deps ti=<TaskInstance: DYNAMIC_FILE_TO_DB_LOADER.transfer_files manual__2025-05-16T12:24:33.582221+00:00 map_index=1 [queued]>
[2025-05-16T12:24:39.736+0000] {taskinstance.py:2614} INFO - Dependencies all met for dep_context=requeueable deps ti=<TaskInstance: DYNAMIC_FILE_TO_DB_LOADER.transfer_files manual__2025-05-16T12:24:33.582221+00:00 map_index=1 [queued]>
[2025-05-16T12:24:39.737+0000] {taskinstance.py:2867} INFO - Starting attempt 1 of 1
[2025-05-16T12:24:39.747+0000] {taskinstance.py:2890} INFO - Executing <Mapped(KubernetesPodOperator): transfer_files> on 2025-05-16 12:24:33.582221+00:00
[2025-05-16T12:24:39.762+0000] {logging_mixin.py:190} WARNING - /home/***/.local/lib/python3.12/site-packages/***/task/task_runner/standard_task_runner.py:70 DeprecationWarning: This process (pid=320) is multi-threaded, use of fork() may lead to deadlocks in the child.
[2025-05-16T12:24:39.760+0000] {standard_task_runner.py:104} INFO - Running: ['***', 'tasks', 'run', 'DYNAMIC_FILE_TO_DB_LOADER', 'transfer_files', 'manual__2025-05-16T12:24:33.582221+00:00', '--job-id', '1618', '--raw', '--subdir', 'DAGS_FOLDER/***_dynamic_file_to_db_loader.py', '--cfg-path', '/tmp/tmpvh1cy_v4', '--map-index', '1']
[2025-05-16T12:24:39.763+0000] {standard_task_runner.py:72} INFO - Started process 321 to run task
[2025-05-16T12:24:39.763+0000] {standard_task_runner.py:105} INFO - Job 1618: Subtask transfer_files
[2025-05-16T12:24:39.802+0000] {task_command.py:467} INFO - Running <TaskInstance: DYNAMIC_FILE_TO_DB_LOADER.transfer_files manual__2025-05-16T12:24:33.582221+00:00 map_index=1 [running]> on host fa990d897d6c
[2025-05-16T12:24:39.851+0000] {taskinstance.py:3134} INFO - Exporting env vars: AIRFLOW_CTX_DAG_OWNER='***' AIRFLOW_CTX_DAG_ID='DYNAMIC_FILE_TO_DB_LOADER' AIRFLOW_CTX_TASK_ID='transfer_files' AIRFLOW_CTX_EXECUTION_DATE='2025-05-16T12:24:33.582221+00:00' AIRFLOW_CTX_TRY_NUMBER='1' AIRFLOW_CTX_DAG_RUN_ID='manual__2025-05-16T12:24:33.582221+00:00'
[2025-05-16T12:24:39.852+0000] {taskinstance.py:732} INFO - ::endgroup::
[2025-05-16T12:24:39.856+0000] {pod.py:1148} INFO - Building pod excel-to-parquet-ulxv95wj with labels: {'dag_id': 'DYNAMIC_FILE_TO_DB_LOADER', 'task_id': 'transfer_files', 'run_id': 'manual__2025-05-16T122433.5822210000-f6fe36350', 'kubernetes_pod_operator': 'True', 'map_index': '1', 'try_number': '1'}
[2025-05-16T12:24:39.987+0000] {pod.py:545} INFO - Found matching pod excel-to-parquet-ulxv95wj with labels {'airflow_kpo_in_cluster': 'False', 'airflow_version': '2.10.5', 'dag_id': 'DYNAMIC_FILE_TO_DB_LOADER', 'kubernetes_pod_operator': 'True', 'map_index': '1', 'run_id': 'manual__2025-05-16T122433.5822210000-f6fe36350', 'task_id': 'transfer_files', 'try_number': '1'}
[2025-05-16T12:24:39.988+0000] {pod.py:546} INFO - `try_number` of task_instance: 1
[2025-05-16T12:24:39.988+0000] {pod.py:547} INFO - `try_number` of pod: 1
[2025-05-16T12:24:40.026+0000] {pod_manager.py:392} WARNING - Pod not yet started: excel-to-parquet-ulxv95wj
[2025-05-16T12:24:45.253+0000] {pod_manager.py:477} INFO - [base] Added `s3-prod` successfully.
[2025-05-16T12:24:45.255+0000] {pod_manager.py:477} INFO - [base] `s3-prod/ahajiyev/dynamic_file_to_db_transfer.py` -> `/tmp/dynamic_file_to_db_transfer.py`
[2025-05-16T12:24:48.526+0000] {pod_manager.py:477} INFO - [base] Total: 1.59 KiB, Transferred: 1.59 KiB, Speed: 37.94 KiB/s
[2025-05-16T12:24:48.824+0000] {pod_manager.py:477} INFO - [base] :: loading settings :: url = jar:file:/opt/spark/jars/ivy-2.5.1.jar!/org/apache/ivy/core/settings/ivysettings.xml
[2025-05-16T12:24:48.825+0000] {pod_manager.py:477} INFO - [base] Ivy Default Cache set to: /root/.ivy2/cache
[2025-05-16T12:24:48.831+0000] {pod_manager.py:477} INFO - [base] The jars for the packages stored in: /root/.ivy2/jars
[2025-05-16T12:24:48.833+0000] {pod_manager.py:477} INFO - [base] com.crealytics#spark-excel_2.12 added as a dependency
[2025-05-16T12:24:48.834+0000] {pod_manager.py:477} INFO - [base] :: resolving dependencies :: org.apache.spark#spark-submit-parent-90304926-08f9-4091-98df-7e5ef7c0bd0a;1.0
[2025-05-16T12:24:50.625+0000] {pod_manager.py:477} INFO - [base] 	confs: [default]
[2025-05-16T12:24:50.939+0000] {pod_manager.py:477} INFO - [base] 	found com.crealytics#spark-excel_2.12;0.13.7 in central
[2025-05-16T12:24:53.190+0000] {pod_manager.py:477} INFO - [base] 	found org.apache.poi#poi;4.1.2 in central
[2025-05-16T12:24:53.576+0000] {pod_manager.py:477} INFO - [base] 	found commons-codec#commons-codec;1.13 in central
[2025-05-16T12:24:54.899+0000] {pod_manager.py:477} INFO - [base] 	found org.apache.commons#commons-collections4;4.4 in central
[2025-05-16T12:24:55.461+0000] {pod_manager.py:477} INFO - [base] 	found org.apache.commons#commons-math3;3.6.1 in central
[2025-05-16T12:24:55.663+0000] {pod_manager.py:477} INFO - [base] 	found com.zaxxer#SparseBitSet;1.2 in central
[2025-05-16T12:24:55.876+0000] {pod_manager.py:477} INFO - [base] 	found org.apache.poi#poi-ooxml;4.1.2 in central
[2025-05-16T12:24:56.109+0000] {pod_manager.py:477} INFO - [base] 	found org.apache.poi#poi-ooxml-schemas;4.1.2 in central
[2025-05-16T12:24:56.323+0000] {pod_manager.py:477} INFO - [base] 	found org.apache.xmlbeans#xmlbeans;3.1.0 in central
[2025-05-16T12:24:56.527+0000] {pod_manager.py:477} INFO - [base] 	found com.github.virtuald#curvesapi;1.06 in central
[2025-05-16T12:24:56.759+0000] {pod_manager.py:477} INFO - [base] 	found com.norbitltd#spoiwo_2.12;1.8.0 in central
[2025-05-16T12:24:57.024+0000] {pod_manager.py:477} INFO - [base] 	found org.scala-lang.modules#scala-xml_2.12;1.3.0 in central
[2025-05-16T12:24:57.266+0000] {pod_manager.py:477} INFO - [base] 	found com.github.pjfanning#excel-streaming-reader;2.3.6 in central
[2025-05-16T12:24:57.465+0000] {pod_manager.py:477} INFO - [base] 	found com.github.pjfanning#poi-shared-strings;1.0.4 in central
[2025-05-16T12:24:57.691+0000] {pod_manager.py:477} INFO - [base] 	found com.h2database#h2;1.4.200 in central
[2025-05-16T12:24:57.919+0000] {pod_manager.py:477} INFO - [base] 	found org.apache.commons#commons-text;1.8 in central
[2025-05-16T12:24:58.122+0000] {pod_manager.py:477} INFO - [base] 	found org.apache.commons#commons-lang3;3.9 in central
[2025-05-16T12:24:58.748+0000] {pod_manager.py:477} INFO - [base] 	found xml-apis#xml-apis;1.4.01 in central
[2025-05-16T12:24:58.951+0000] {pod_manager.py:477} INFO - [base] 	found org.slf4j#slf4j-api;1.7.30 in central
[2025-05-16T12:24:59.059+0000] {pod_manager.py:477} INFO - [base] 	found org.apache.commons#commons-compress;1.20 in central
[2025-05-16T12:25:01.656+0000] {pod_manager.py:477} INFO - [base] downloading https://repo1.maven.org/maven2/com/crealytics/spark-excel_2.12/0.13.7/spark-excel_2.12-0.13.7.jar ...
[2025-05-16T12:25:01.748+0000] {pod_manager.py:477} INFO - [base] 	[SUCCESSFUL ] com.crealytics#spark-excel_2.12;0.13.7!spark-excel_2.12.jar (2681ms)
[2025-05-16T12:25:02.442+0000] {pod_manager.py:477} INFO - [base] downloading https://repo1.maven.org/maven2/org/apache/poi/poi/4.1.2/poi-4.1.2.jar ...
[2025-05-16T12:25:02.541+0000] {pod_manager.py:477} INFO - [base] 	[SUCCESSFUL ] org.apache.poi#poi;4.1.2!poi.jar (780ms)
[2025-05-16T12:25:02.998+0000] {pod_manager.py:477} INFO - [base] downloading https://repo1.maven.org/maven2/org/apache/poi/poi-ooxml/4.1.2/poi-ooxml-4.1.2.jar ...
[2025-05-16T12:25:03.099+0000] {pod_manager.py:477} INFO - [base] 	[SUCCESSFUL ] org.apache.poi#poi-ooxml;4.1.2!poi-ooxml.jar (553ms)
[2025-05-16T12:25:03.267+0000] {pod_manager.py:477} INFO - [base] downloading https://repo1.maven.org/maven2/com/norbitltd/spoiwo_2.12/1.8.0/spoiwo_2.12-1.8.0.jar ...
[2025-05-16T12:25:03.353+0000] {pod_manager.py:477} INFO - [base] 	[SUCCESSFUL ] com.norbitltd#spoiwo_2.12;1.8.0!spoiwo_2.12.jar (266ms)
[2025-05-16T12:25:03.451+0000] {pod_manager.py:477} INFO - [base] downloading https://repo1.maven.org/maven2/com/github/pjfanning/excel-streaming-reader/2.3.6/excel-streaming-reader-2.3.6.jar ...
[2025-05-16T12:25:03.559+0000] {pod_manager.py:477} INFO - [base] 	[SUCCESSFUL ] com.github.pjfanning#excel-streaming-reader;2.3.6!excel-streaming-reader.jar (182ms)
[2025-05-16T12:25:03.660+0000] {pod_manager.py:477} INFO - [base] downloading https://repo1.maven.org/maven2/com/github/pjfanning/poi-shared-strings/1.0.4/poi-shared-strings-1.0.4.jar ...
[2025-05-16T12:25:03.756+0000] {pod_manager.py:477} INFO - [base] 	[SUCCESSFUL ] com.github.pjfanning#poi-shared-strings;1.0.4!poi-shared-strings.jar (207ms)
[2025-05-16T12:25:03.917+0000] {pod_manager.py:477} INFO - [base] downloading https://repo1.maven.org/maven2/org/apache/commons/commons-compress/1.20/commons-compress-1.20.jar ...
[2025-05-16T12:25:04.005+0000] {pod_manager.py:477} INFO - [base] 	[SUCCESSFUL ] org.apache.commons#commons-compress;1.20!commons-compress.jar (255ms)
[2025-05-16T12:25:04.136+0000] {pod_manager.py:477} INFO - [base] downloading https://repo1.maven.org/maven2/commons-codec/commons-codec/1.13/commons-codec-1.13.jar ...
[2025-05-16T12:25:04.228+0000] {pod_manager.py:477} INFO - [base] 	[SUCCESSFUL ] commons-codec#commons-codec;1.13!commons-codec.jar (218ms)
[2025-05-16T12:25:04.422+0000] {pod_manager.py:477} INFO - [base] downloading https://repo1.maven.org/maven2/org/apache/commons/commons-collections4/4.4/commons-collections4-4.4.jar ...
[2025-05-16T12:25:04.516+0000] {pod_manager.py:477} INFO - [base] 	[SUCCESSFUL ] org.apache.commons#commons-collections4;4.4!commons-collections4.jar (284ms)
[2025-05-16T12:25:04.927+0000] {pod_manager.py:477} INFO - [base] downloading https://repo1.maven.org/maven2/org/apache/commons/commons-math3/3.6.1/commons-math3-3.6.1.jar ...
[2025-05-16T12:25:05.026+0000] {pod_manager.py:477} INFO - [base] 	[SUCCESSFUL ] org.apache.commons#commons-math3;3.6.1!commons-math3.jar (504ms)
[2025-05-16T12:25:05.116+0000] {pod_manager.py:477} INFO - [base] downloading https://repo1.maven.org/maven2/com/zaxxer/SparseBitSet/1.2/SparseBitSet-1.2.jar ...
[2025-05-16T12:25:05.212+0000] {pod_manager.py:477} INFO - [base] 	[SUCCESSFUL ] com.zaxxer#SparseBitSet;1.2!SparseBitSet.jar (188ms)
[2025-05-16T12:25:06.518+0000] {pod_manager.py:477} INFO - [base] downloading https://repo1.maven.org/maven2/org/apache/poi/poi-ooxml-schemas/4.1.2/poi-ooxml-schemas-4.1.2.jar ...
[2025-05-16T12:25:06.614+0000] {pod_manager.py:477} INFO - [base] 	[SUCCESSFUL ] org.apache.poi#poi-ooxml-schemas;4.1.2!poi-ooxml-schemas.jar (1400ms)
[2025-05-16T12:25:06.713+0000] {pod_manager.py:477} INFO - [base] downloading https://repo1.maven.org/maven2/com/github/virtuald/curvesapi/1.06/curvesapi-1.06.jar ...
[2025-05-16T12:25:06.799+0000] {pod_manager.py:477} INFO - [base] 	[SUCCESSFUL ] com.github.virtuald#curvesapi;1.06!curvesapi.jar (191ms)
[2025-05-16T12:25:07.241+0000] {pod_manager.py:477} INFO - [base] downloading https://repo1.maven.org/maven2/org/apache/xmlbeans/xmlbeans/3.1.0/xmlbeans-3.1.0.jar ...
[2025-05-16T12:25:07.327+0000] {pod_manager.py:477} INFO - [base] 	[SUCCESSFUL ] org.apache.xmlbeans#xmlbeans;3.1.0!xmlbeans.jar (526ms)
[2025-05-16T12:25:07.474+0000] {pod_manager.py:477} INFO - [base] downloading https://repo1.maven.org/maven2/org/scala-lang/modules/scala-xml_2.12/1.3.0/scala-xml_2.12-1.3.0.jar ...
[2025-05-16T12:25:07.566+0000] {pod_manager.py:477} INFO - [base] 	[SUCCESSFUL ] org.scala-lang.modules#scala-xml_2.12;1.3.0!scala-xml_2.12.jar(bundle) (231ms)
[2025-05-16T12:25:07.688+0000] {pod_manager.py:477} INFO - [base] downloading https://repo1.maven.org/maven2/xml-apis/xml-apis/1.4.01/xml-apis-1.4.01.jar ...
[2025-05-16T12:25:07.808+0000] {pod_manager.py:477} INFO - [base] 	[SUCCESSFUL ] xml-apis#xml-apis;1.4.01!xml-apis.jar (209ms)
[2025-05-16T12:25:07.921+0000] {pod_manager.py:477} INFO - [base] downloading https://repo1.maven.org/maven2/org/slf4j/slf4j-api/1.7.30/slf4j-api-1.7.30.jar ...
[2025-05-16T12:25:08.019+0000] {pod_manager.py:477} INFO - [base] 	[SUCCESSFUL ] org.slf4j#slf4j-api;1.7.30!slf4j-api.jar (220ms)
[2025-05-16T12:25:08.463+0000] {pod_manager.py:477} INFO - [base] downloading https://repo1.maven.org/maven2/com/h2database/h2/1.4.200/h2-1.4.200.jar ...
[2025-05-16T12:25:08.572+0000] {pod_manager.py:477} INFO - [base] 	[SUCCESSFUL ] com.h2database#h2;1.4.200!h2.jar (527ms)
[2025-05-16T12:25:08.680+0000] {pod_manager.py:477} INFO - [base] downloading https://repo1.maven.org/maven2/org/apache/commons/commons-text/1.8/commons-text-1.8.jar ...
[2025-05-16T12:25:08.769+0000] {pod_manager.py:477} INFO - [base] 	[SUCCESSFUL ] org.apache.commons#commons-text;1.8!commons-text.jar (207ms)
[2025-05-16T12:25:08.915+0000] {pod_manager.py:477} INFO - [base] downloading https://repo1.maven.org/maven2/org/apache/commons/commons-lang3/3.9/commons-lang3-3.9.jar ...
[2025-05-16T12:25:08.917+0000] {pod_manager.py:477} INFO - [base] 	[SUCCESSFUL ] org.apache.commons#commons-lang3;3.9!commons-lang3.jar (235ms)
[2025-05-16T12:25:08.918+0000] {pod_manager.py:477} INFO - [base] :: resolution report :: resolve 10138ms :: artifacts dl 9946ms
[2025-05-16T12:25:08.918+0000] {pod_manager.py:477} INFO - [base] 	:: modules in use:
[2025-05-16T12:25:08.918+0000] {pod_manager.py:477} INFO - [base] 	com.crealytics#spark-excel_2.12;0.13.7 from central in [default]
[2025-05-16T12:25:08.919+0000] {pod_manager.py:477} INFO - [base] 	com.github.pjfanning#excel-streaming-reader;2.3.6 from central in [default]
[2025-05-16T12:25:08.919+0000] {pod_manager.py:477} INFO - [base] 	com.github.pjfanning#poi-shared-strings;1.0.4 from central in [default]
[2025-05-16T12:25:08.919+0000] {pod_manager.py:477} INFO - [base] 	com.github.virtuald#curvesapi;1.06 from central in [default]
[2025-05-16T12:25:08.920+0000] {pod_manager.py:477} INFO - [base] 	com.h2database#h2;1.4.200 from central in [default]
[2025-05-16T12:25:08.920+0000] {pod_manager.py:477} INFO - [base] 	com.norbitltd#spoiwo_2.12;1.8.0 from central in [default]
[2025-05-16T12:25:08.920+0000] {pod_manager.py:477} INFO - [base] 	com.zaxxer#SparseBitSet;1.2 from central in [default]
[2025-05-16T12:25:08.920+0000] {pod_manager.py:477} INFO - [base] 	commons-codec#commons-codec;1.13 from central in [default]
[2025-05-16T12:25:08.920+0000] {pod_manager.py:477} INFO - [base] 	org.apache.commons#commons-collections4;4.4 from central in [default]
[2025-05-16T12:25:08.921+0000] {pod_manager.py:477} INFO - [base] 	org.apache.commons#commons-compress;1.20 from central in [default]
[2025-05-16T12:25:08.921+0000] {pod_manager.py:477} INFO - [base] 	org.apache.commons#commons-lang3;3.9 from central in [default]
[2025-05-16T12:25:08.921+0000] {pod_manager.py:477} INFO - [base] 	org.apache.commons#commons-math3;3.6.1 from central in [default]
[2025-05-16T12:25:08.922+0000] {pod_manager.py:477} INFO - [base] 	org.apache.commons#commons-text;1.8 from central in [default]
[2025-05-16T12:25:08.922+0000] {pod_manager.py:477} INFO - [base] 	org.apache.poi#poi;4.1.2 from central in [default]
[2025-05-16T12:25:08.922+0000] {pod_manager.py:477} INFO - [base] 	org.apache.poi#poi-ooxml;4.1.2 from central in [default]
[2025-05-16T12:25:08.922+0000] {pod_manager.py:477} INFO - [base] 	org.apache.poi#poi-ooxml-schemas;4.1.2 from central in [default]
[2025-05-16T12:25:08.922+0000] {pod_manager.py:477} INFO - [base] 	org.apache.xmlbeans#xmlbeans;3.1.0 from central in [default]
[2025-05-16T12:25:08.923+0000] {pod_manager.py:477} INFO - [base] 	org.scala-lang.modules#scala-xml_2.12;1.3.0 from central in [default]
[2025-05-16T12:25:08.923+0000] {pod_manager.py:477} INFO - [base] 	org.slf4j#slf4j-api;1.7.30 from central in [default]
[2025-05-16T12:25:08.923+0000] {pod_manager.py:477} INFO - [base] 	xml-apis#xml-apis;1.4.01 from central in [default]
[2025-05-16T12:25:08.923+0000] {pod_manager.py:477} INFO - [base] 	:: evicted modules:
[2025-05-16T12:25:08.923+0000] {pod_manager.py:477} INFO - [base] 	org.apache.commons#commons-compress;1.19 by [org.apache.commons#commons-compress;1.20] in [default]
[2025-05-16T12:25:08.924+0000] {pod_manager.py:477} INFO - [base] 	---------------------------------------------------------------------
[2025-05-16T12:25:08.924+0000] {pod_manager.py:477} INFO - [base] 	|                  |            modules            ||   artifacts   |
[2025-05-16T12:25:08.924+0000] {pod_manager.py:477} INFO - [base] 	|       conf       | number| search|dwnlded|evicted|| number|dwnlded|
[2025-05-16T12:25:08.924+0000] {pod_manager.py:477} INFO - [base] 	---------------------------------------------------------------------
[2025-05-16T12:25:08.924+0000] {pod_manager.py:477} INFO - [base] 	|      default     |   21  |   20  |   20  |   1   ||   20  |   20  |
[2025-05-16T12:25:08.944+0000] {pod_manager.py:477} INFO - [base] 	---------------------------------------------------------------------
[2025-05-16T12:25:08.946+0000] {pod_manager.py:477} INFO - [base] :: retrieving :: org.apache.spark#spark-submit-parent-90304926-08f9-4091-98df-7e5ef7c0bd0a
[2025-05-16T12:25:09.110+0000] {pod_manager.py:477} INFO - [base] 	confs: [default]
[2025-05-16T12:25:09.557+0000] {pod_manager.py:477} INFO - [base] 	20 artifacts copied, 0 already retrieved (29243kB/166ms)
[2025-05-16T12:25:10.070+0000] {pod_manager.py:477} INFO - [base] 25/05/16 12:25:09 WARN NativeCodeLoader: Unable to load native-hadoop library for your platform... using builtin-java classes where applicable
[2025-05-16T12:25:10.073+0000] {pod_manager.py:477} INFO - [base] Setting default log level to "WARN".
[2025-05-16T12:25:18.557+0000] {pod_manager.py:477} INFO - [base] To adjust logging level use sc.setLogLevel(newLevel). For SparkR, use setLogLevel(newLevel).
[2025-05-16T12:25:20.026+0000] {pod_manager.py:477} INFO - [base] 25/05/16 12:25:18 WARN MetricsConfig: Cannot locate configuration: tried hadoop-metrics2-s3a-file-system.properties,hadoop-metrics2.properties
[2025-05-16T12:25:20.027+0000] {pod_manager.py:477} INFO - [base] Traceback (most recent call last):
[2025-05-16T12:25:20.028+0000] {pod_manager.py:477} INFO - [base]   File "/tmp/dynamic_file_to_db_transfer.py", line 39, in <module>
[2025-05-16T12:25:20.030+0000] {pod_manager.py:477} INFO - [base]     main(args.source, args.target)
[2025-05-16T12:25:20.030+0000] {pod_manager.py:477} INFO - [base]   File "/tmp/dynamic_file_to_db_transfer.py", line 23, in main
[2025-05-16T12:25:20.031+0000] {pod_manager.py:477} INFO - [base]     .load(f"s3a://ahajiyev/{source_path}")
[2025-05-16T12:25:20.031+0000] {pod_manager.py:477} INFO - [base]      ^^^^^^^^^^^^^^^^^^^^^^^^^^^^^^^^^^^^^
[2025-05-16T12:25:20.031+0000] {pod_manager.py:477} INFO - [base]   File "/usr/local/lib/python3.12/site-packages/pyspark/sql/readwriter.py", line 307, in load
[2025-05-16T12:25:20.031+0000] {pod_manager.py:477} INFO - [base]     return self._df(self._jreader.load(path))
[2025-05-16T12:25:20.032+0000] {pod_manager.py:477} INFO - [base]                     ^^^^^^^^^^^^^^^^^^^^^^^^
[2025-05-16T12:25:20.032+0000] {pod_manager.py:477} INFO - [base]   File "/usr/local/lib/python3.12/site-packages/py4j/java_gateway.py", line 1322, in __call__
[2025-05-16T12:25:20.032+0000] {pod_manager.py:477} INFO - [base]     return_value = get_return_value(
[2025-05-16T12:25:20.032+0000] {pod_manager.py:477} INFO - [base]                    ^^^^^^^^^^^^^^^^^
[2025-05-16T12:25:20.033+0000] {pod_manager.py:477} INFO - [base]   File "/usr/local/lib/python3.12/site-packages/pyspark/errors/exceptions/captured.py", line 185, in deco
[2025-05-16T12:25:20.040+0000] {pod_manager.py:477} INFO - [base]     raise converted from None
[2025-05-16T12:25:20.361+0000] {pod_manager.py:496} INFO - [base] pyspark.errors.exceptions.captured.IllegalArgumentException: The supplied file was empty (zero bytes long)

[2025-05-16T12:25:20.381+0000] {pod_manager.py:524} WARNING - Pod excel-to-parquet-ulxv95wj log read interrupted but container base still running. Logs generated in the last one second might get duplicated.
[2025-05-16T12:25:21.396+0000] {pod_manager.py:477} INFO - [base] Traceback (most recent call last):
[2025-05-16T12:25:21.396+0000] {pod_manager.py:477} INFO - [base]   File "/tmp/dynamic_file_to_db_transfer.py", line 39, in <module>
[2025-05-16T12:25:21.397+0000] {pod_manager.py:477} INFO - [base]     main(args.source, args.target)
[2025-05-16T12:25:21.397+0000] {pod_manager.py:477} INFO - [base]   File "/tmp/dynamic_file_to_db_transfer.py", line 23, in main
[2025-05-16T12:25:21.397+0000] {pod_manager.py:477} INFO - [base]     .load(f"s3a://ahajiyev/{source_path}")
[2025-05-16T12:25:21.398+0000] {pod_manager.py:477} INFO - [base]      ^^^^^^^^^^^^^^^^^^^^^^^^^^^^^^^^^^^^^
[2025-05-16T12:25:21.398+0000] {pod_manager.py:477} INFO - [base]   File "/usr/local/lib/python3.12/site-packages/pyspark/sql/readwriter.py", line 307, in load
[2025-05-16T12:25:21.398+0000] {pod_manager.py:477} INFO - [base]     return self._df(self._jreader.load(path))
[2025-05-16T12:25:21.398+0000] {pod_manager.py:477} INFO - [base]                     ^^^^^^^^^^^^^^^^^^^^^^^^
[2025-05-16T12:25:21.398+0000] {pod_manager.py:477} INFO - [base]   File "/usr/local/lib/python3.12/site-packages/py4j/java_gateway.py", line 1322, in __call__
[2025-05-16T12:25:21.398+0000] {pod_manager.py:477} INFO - [base]     return_value = get_return_value(
[2025-05-16T12:25:21.399+0000] {pod_manager.py:477} INFO - [base]                    ^^^^^^^^^^^^^^^^^
[2025-05-16T12:25:21.399+0000] {pod_manager.py:477} INFO - [base]   File "/usr/local/lib/python3.12/site-packages/pyspark/errors/exceptions/captured.py", line 185, in deco
[2025-05-16T12:25:21.399+0000] {pod_manager.py:477} INFO - [base]     raise converted from None
[2025-05-16T12:25:21.399+0000] {pod_manager.py:496} INFO - [base] pyspark.errors.exceptions.captured.IllegalArgumentException: The supplied file was empty (zero bytes long)

[2025-05-16T12:25:21.415+0000] {pod_manager.py:654} INFO - Pod excel-to-parquet-ulxv95wj has phase Running
[2025-05-16T12:25:23.441+0000] {pod.py:997} INFO - Deleting pod: excel-to-parquet-ulxv95wj
[2025-05-16T12:25:23.497+0000] {taskinstance.py:3313} ERROR - Task failed with exception
Traceback (most recent call last):
  File "/home/airflow/.local/lib/python3.12/site-packages/airflow/models/taskinstance.py", line 768, in _execute_task
    result = _execute_callable(context=context, **execute_callable_kwargs)
             ^^^^^^^^^^^^^^^^^^^^^^^^^^^^^^^^^^^^^^^^^^^^^^^^^^^^^^^^^^^^^
  File "/home/airflow/.local/lib/python3.12/site-packages/airflow/models/taskinstance.py", line 734, in _execute_callable
    return ExecutionCallableRunner(
           ^^^^^^^^^^^^^^^^^^^^^^^^
  File "/home/airflow/.local/lib/python3.12/site-packages/airflow/utils/operator_helpers.py", line 252, in run
    return self.func(*args, **kwargs)
           ^^^^^^^^^^^^^^^^^^^^^^^^^^
  File "/home/airflow/.local/lib/python3.12/site-packages/airflow/models/baseoperator.py", line 424, in wrapper
    return func(self, *args, **kwargs)
           ^^^^^^^^^^^^^^^^^^^^^^^^^^^
  File "/home/airflow/.local/lib/python3.12/site-packages/airflow/providers/cncf/kubernetes/operators/pod.py", line 583, in execute
    return self.execute_sync(context)
           ^^^^^^^^^^^^^^^^^^^^^^^^^^
  File "/home/airflow/.local/lib/python3.12/site-packages/airflow/providers/cncf/kubernetes/operators/pod.py", line 636, in execute_sync
    self.cleanup(
  File "/home/airflow/.local/lib/python3.12/site-packages/airflow/providers/cncf/kubernetes/operators/pod.py", line 928, in cleanup
    raise AirflowException(
airflow.exceptions.AirflowException: Pod excel-to-parquet-ulxv95wj returned a failure.
remote_pod: {'api_version': 'v1',
 'kind': 'Pod',
 'metadata': {'annotations': None,
              'creation_timestamp': datetime.datetime(2025, 5, 16, 12, 24, 39, tzinfo=tzlocal()),
              'deletion_grace_period_seconds': None,
              'deletion_timestamp': None,
              'finalizers': None,
              'generate_name': None,
              'generation': None,
              'labels': {'***_kpo_in_cluster': 'False',
                         '***_version': '2.10.5',
                         'dag_id': 'DYNAMIC_FILE_TO_DB_LOADER',
                         'kubernetes_pod_operator': 'True',
                         'map_index': '1',
                         'run_id': 'manual__2025-05-16T122433.5822210000-f6fe36350',
                         'task_id': 'transfer_files',
                         'try_number': '1'},
              'managed_fields': [{'api_version': 'v1',
                                  'fields_type': 'FieldsV1',
                                  'fields_v1': {'f:metadata': {'f:labels': {'.': {},
                                                                            'f:***_kpo_in_cluster': {},
                                                                            'f:***_version': {},
                                                                            'f:dag_id': {},
                                                                            'f:kubernetes_pod_operator': {},
                                                                            'f:map_index': {},
                                                                            'f:run_id': {},
                                                                            'f:task_id': {},
                                                                            'f:try_number': {}}},
                                                'f:spec': {'f:affinity': {},
                                                           'f:containers': {'k:{"name":"base"}': {'.': {},
                                                                                                  'f:args': {},
                                                                                                  'f:command': {},
                                                                                                  'f:image': {},
                                                                                                  'f:imagePullPolicy': {},
                                                                                                  'f:name': {},
                                                                                                  'f:resources': {},
                                                                                                  'f:terminationMessagePath': {},
                                                                                                  'f:terminationMessagePolicy': {}}},
                                                           'f:dnsPolicy': {},
                                                           'f:enableServiceLinks': {},
                                                           'f:restartPolicy': {},
                                                           'f:schedulerName': {},
                                                           'f:securityContext': {},
                                                           'f:terminationGracePeriodSeconds': {}}},
                                  'manager': 'OpenAPI-Generator',
                                  'operation': 'Update',
                                  'subresource': None,
                                  'time': datetime.datetime(2025, 5, 16, 12, 24, 39, tzinfo=tzlocal())},
                                 {'api_version': 'v1',
                                  'fields_type': 'FieldsV1',
                                  'fields_v1': {'f:status': {'f:conditions': {'k:{"type":"ContainersReady"}': {'.': {},
                                                                                                               'f:lastProbeTime': {},
                                                                                                               'f:lastTransitionTime': {},
                                                                                                               'f:reason': {},
                                                                                                               'f:status': {},
                                                                                                               'f:type': {}},
                                                                              'k:{"type":"Initialized"}': {'.': {},
                                                                                                           'f:lastProbeTime': {},
                                                                                                           'f:lastTransitionTime': {},
                                                                                                           'f:status': {},
                                                                                                           'f:type': {}},
                                                                              'k:{"type":"PodReadyToStartContainers"}': {'.': {},
                                                                                                                         'f:lastProbeTime': {},
                                                                                                                         'f:lastTransitionTime': {},
                                                                                                                         'f:status': {},
                                                                                                                         'f:type': {}},
                                                                              'k:{"type":"Ready"}': {'.': {},
                                                                                                     'f:lastProbeTime': {},
                                                                                                     'f:lastTransitionTime': {},
                                                                                                     'f:reason': {},
                                                                                                     'f:status': {},
                                                                                                     'f:type': {}}},
                                                             'f:containerStatuses': {},
                                                             'f:hostIP': {},
                                                             'f:hostIPs': {},
                                                             'f:phase': {},
                                                             'f:podIP': {},
                                                             'f:podIPs': {'.': {},
                                                                          'k:{"ip":"10.244.1.60"}': {'.': {},
                                                                                                     'f:ip': {}}},
                                                             'f:startTime': {}}},
                                  'manager': 'kubelet',
                                  'operation': 'Update',
                                  'subresource': 'status',
                                  'time': datetime.datetime(2025, 5, 16, 12, 25, 22, tzinfo=tzlocal())}],
              'name': 'excel-to-parquet-ulxv95wj',
              'namespace': 'default',
              'owner_references': None,
              'resource_version': '191400',
              'self_link': None,
              'uid': 'b23927bb-9f9d-4768-a0c2-28a111b455f1'},
 'spec': {'active_deadline_seconds': None,
          'affinity': {'node_affinity': None,
                       'pod_affinity': None,
                       'pod_anti_affinity': None},
          'automount_service_account_token': None,
          'containers': [{'args': ['mc alias set s3-prod '
                                   'http://minio.default.svc.cluster.local:9000 '
                                   'adminic adminic123 && mc cp '
                                   's3-prod/ahajiyev/dynamic_file_to_db_transfer.py '
                                   '/tmp/dynamic_file_to_db_transfer.py && '
                                   'python /tmp/dynamic_file_to_db_transfer.py '
                                   '--source xyz.xlsx --target ahajiyev/xyz'],
                          'command': ['sh', '-c'],
                          'env': None,
                          'env_from': None,
                          'image': 'ahajiyev/pyspark-with-awscli',
                          'image_pull_policy': 'Always',
                          'lifecycle': None,
                          'liveness_probe': None,
                          'name': 'base',
                          'ports': None,
                          'readiness_probe': None,
                          'resize_policy': None,
                          'resources': {'claims': None,
                                        'limits': None,
                                        'requests': None},
                          'restart_policy': None,
                          'security_context': None,
                          'startup_probe': None,
                          'stdin': None,
                          'stdin_once': None,
                          'termination_message_path': '/dev/termination-log',
                          'termination_message_policy': 'File',
                          'tty': None,
                          'volume_devices': None,
                          'volume_mounts': [{'mount_path': '/var/run/secrets/kubernetes.io/serviceaccount',
                                             'mount_propagation': None,
                                             'name': 'kube-api-access-lk4pv',
                                             'read_only': True,
                                             'recursive_read_only': None,
                                             'sub_path': None,
                                             'sub_path_expr': None}],
                          'working_dir': None}],
          'dns_config': None,
          'dns_policy': 'ClusterFirst',
          'enable_service_links': True,
          'ephemeral_containers': None,
          'host_aliases': None,
          'host_ipc': None,
          'host_network': None,
          'host_pid': None,
          'host_users': None,
          'hostname': None,
          'image_pull_secrets': None,
          'init_containers': None,
          'node_name': 'minikube',
          'node_selector': None,
          'os': None,
          'overhead': None,
          'preemption_policy': 'PreemptLowerPriority',
          'priority': 0,
          'priority_class_name': None,
          'readiness_gates': None,
          'resource_claims': None,
          'restart_policy': 'Never',
          'runtime_class_name': None,
          'scheduler_name': 'default-scheduler',
          'scheduling_gates': None,
          'security_context': {'app_armor_profile': None,
                               'fs_group': None,
                               'fs_group_change_policy': None,
                               'run_as_group': None,
                               'run_as_non_root': None,
                               'run_as_user': None,
                               'se_linux_options': None,
                               'seccomp_profile': None,
                               'supplemental_groups': None,
                               'sysctls': None,
                               'windows_options': None},
          'service_account': 'default',
          'service_account_name': 'default',
          'set_hostname_as_fqdn': None,
          'share_process_namespace': None,
          'subdomain': None,
          'termination_grace_period_seconds': 30,
          'tolerations': [{'effect': 'NoExecute',
                           'key': 'node.kubernetes.io/not-ready',
                           'operator': 'Exists',
                           'toleration_seconds': 300,
                           'value': None},
                          {'effect': 'NoExecute',
                           'key': 'node.kubernetes.io/unreachable',
                           'operator': 'Exists',
                           'toleration_seconds': 300,
                           'value': None}],
          'topology_spread_constraints': None,
          'volumes': [{'aws_elastic_block_store': None,
                       'azure_disk': None,
                       'azure_file': None,
                       'cephfs': None,
                       'cinder': None,
                       'config_map': None,
                       'csi': None,
                       'downward_api': None,
                       'empty_dir': None,
                       'ephemeral': None,
                       'fc': None,
                       'flex_volume': None,
                       'flocker': None,
                       'gce_persistent_disk': None,
                       'git_repo': None,
                       'glusterfs': None,
                       'host_path': None,
                       'iscsi': None,
                       'name': 'kube-api-access-lk4pv',
                       'nfs': None,
                       'persistent_volume_claim': None,
                       'photon_persistent_disk': None,
                       'portworx_volume': None,
                       'projected': {'default_mode': 420,
                                     'sources': [{'cluster_trust_bundle': None,
                                                  'config_map': None,
                                                  'downward_api': None,
                                                  'secret': None,
                                                  'service_account_token': {'audience': None,
                                                                            'expiration_seconds': 3607,
                                                                            'path': 'token'}},
                                                 {'cluster_trust_bundle': None,
                                                  'config_map': {'items': [{'key': 'ca.crt',
                                                                            'mode': None,
                                                                            'path': 'ca.crt'}],
                                                                 'name': 'kube-root-ca.crt',
                                                                 'optional': None},
                                                  'downward_api': None,
                                                  'secret': None,
                                                  'service_account_token': None},
                                                 {'cluster_trust_bundle': None,
                                                  'config_map': None,
                                                  'downward_api': {'items': [{'field_ref': {'api_version': 'v1',
                                                                                            'field_path': 'metadata.namespace'},
                                                                              'mode': None,
                                                                              'path': 'namespace',
                                                                              'resource_field_ref': None}]},
                                                  'secret': None,
                                                  'service_account_token': None}]},
                       'quobyte': None,
                       'rbd': None,
                       'scale_io': None,
                       'secret': None,
                       'storageos': None,
                       'vsphere_volume': None}]},
 'status': {'conditions': [{'last_probe_time': None,
                            'last_transition_time': datetime.datetime(2025, 5, 16, 12, 25, 22, tzinfo=tzlocal()),
                            'message': None,
                            'reason': None,
                            'status': 'False',
                            'type': 'PodReadyToStartContainers'},
                           {'last_probe_time': None,
                            'last_transition_time': datetime.datetime(2025, 5, 16, 12, 24, 39, tzinfo=tzlocal()),
                            'message': None,
                            'reason': None,
                            'status': 'True',
                            'type': 'Initialized'},
                           {'last_probe_time': None,
                            'last_transition_time': datetime.datetime(2025, 5, 16, 12, 25, 20, tzinfo=tzlocal()),
                            'message': None,
                            'reason': 'PodFailed',
                            'status': 'False',
                            'type': 'Ready'},
                           {'last_probe_time': None,
                            'last_transition_time': datetime.datetime(2025, 5, 16, 12, 25, 20, tzinfo=tzlocal()),
                            'message': None,
                            'reason': 'PodFailed',
                            'status': 'False',
                            'type': 'ContainersReady'},
                           {'last_probe_time': None,
                            'last_transition_time': datetime.datetime(2025, 5, 16, 12, 24, 39, tzinfo=tzlocal()),
                            'message': None,
                            'reason': None,
                            'status': 'True',
                            'type': 'PodScheduled'}],
            'container_statuses': [{'allocated_resources': None,
                                    'container_id': 'docker://a5b5a1871fef6ffd1534c0b8837e149b9bba81bbe14bc6122fb9a019dd032370',
                                    'image': 'ahajiyev/pyspark-with-awscli:latest',
                                    'image_id': 'docker-pullable://ahajiyev/pyspark-with-awscli@sha256:3e8a2152030adf16486088206ee57b70bfbc7542a06d52836099113d2efa6e18',
                                    'last_state': {'running': None,
                                                   'terminated': None,
                                                   'waiting': None},
                                    'name': 'base',
                                    'ready': False,
                                    'resources': None,
                                    'restart_count': 0,
                                    'started': False,
                                    'state': {'running': None,
                                              'terminated': {'container_id': 'docker://a5b5a1871fef6ffd1534c0b8837e149b9bba81bbe14bc6122fb9a019dd032370',
                                                             'exit_code': 1,
                                                             'finished_at': datetime.datetime(2025, 5, 16, 12, 25, 20, tzinfo=tzlocal()),
                                                             'message': None,
                                                             'reason': 'Error',
                                                             'signal': None,
                                                             'started_at': datetime.datetime(2025, 5, 16, 12, 24, 42, tzinfo=tzlocal())},
                                              'waiting': None},
                                    'volume_mounts': [{'mount_path': '/var/run/secrets/kubernetes.io/serviceaccount',
                                                       'name': 'kube-api-access-lk4pv',
                                                       'read_only': True,
                                                       'recursive_read_only': 'Disabled'}]}],
            'ephemeral_container_statuses': None,
            'host_i_ps': [{'ip': '192.168.49.2'}],
            'host_ip': '192.168.49.2',
            'init_container_statuses': None,
            'message': None,
            'nominated_node_name': None,
            'phase': 'Failed',
            'pod_i_ps': [{'ip': '10.244.1.60'}],
            'pod_ip': '10.244.1.60',
            'qos_class': 'BestEffort',
            'reason': None,
            'resize': None,
            'resource_claim_statuses': None,
            'start_time': datetime.datetime(2025, 5, 16, 12, 24, 39, tzinfo=tzlocal())}}
[2025-05-16T12:25:23.517+0000] {taskinstance.py:1226} INFO - Marking task as FAILED. dag_id=DYNAMIC_FILE_TO_DB_LOADER, task_id=transfer_files, run_id=manual__2025-05-16T12:24:33.582221+00:00, map_index=1, execution_date=20250516T122433, start_date=20250516T122439, end_date=20250516T122523
[2025-05-16T12:25:23.556+0000] {taskinstance.py:341} INFO - ::group::Post task execution logs
[2025-05-16T12:25:23.556+0000] {standard_task_runner.py:124} ERROR - Failed to execute job 1618 for task transfer_files (Pod excel-to-parquet-ulxv95wj returned a failure.
remote_pod: {'api_version': 'v1',
 'kind': 'Pod',
 'metadata': {'annotations': None,
              'creation_timestamp': datetime.datetime(2025, 5, 16, 12, 24, 39, tzinfo=tzlocal()),
              'deletion_grace_period_seconds': None,
              'deletion_timestamp': None,
              'finalizers': None,
              'generate_name': None,
              'generation': None,
              'labels': {'***_kpo_in_cluster': 'False',
                         '***_version': '2.10.5',
                         'dag_id': 'DYNAMIC_FILE_TO_DB_LOADER',
                         'kubernetes_pod_operator': 'True',
                         'map_index': '1',
                         'run_id': 'manual__2025-05-16T122433.5822210000-f6fe36350',
                         'task_id': 'transfer_files',
                         'try_number': '1'},
              'managed_fields': [{'api_version': 'v1',
                                  'fields_type': 'FieldsV1',
                                  'fields_v1': {'f:metadata': {'f:labels': {'.': {},
                                                                            'f:***_kpo_in_cluster': {},
                                                                            'f:***_version': {},
                                                                            'f:dag_id': {},
                                                                            'f:kubernetes_pod_operator': {},
                                                                            'f:map_index': {},
                                                                            'f:run_id': {},
                                                                            'f:task_id': {},
                                                                            'f:try_number': {}}},
                                                'f:spec': {'f:affinity': {},
                                                           'f:containers': {'k:{"name":"base"}': {'.': {},
                                                                                                  'f:args': {},
                                                                                                  'f:command': {},
                                                                                                  'f:image': {},
                                                                                                  'f:imagePullPolicy': {},
                                                                                                  'f:name': {},
                                                                                                  'f:resources': {},
                                                                                                  'f:terminationMessagePath': {},
                                                                                                  'f:terminationMessagePolicy': {}}},
                                                           'f:dnsPolicy': {},
                                                           'f:enableServiceLinks': {},
                                                           'f:restartPolicy': {},
                                                           'f:schedulerName': {},
                                                           'f:securityContext': {},
                                                           'f:terminationGracePeriodSeconds': {}}},
                                  'manager': 'OpenAPI-Generator',
                                  'operation': 'Update',
                                  'subresource': None,
                                  'time': datetime.datetime(2025, 5, 16, 12, 24, 39, tzinfo=tzlocal())},
                                 {'api_version': 'v1',
                                  'fields_type': 'FieldsV1',
                                  'fields_v1': {'f:status': {'f:conditions': {'k:{"type":"ContainersReady"}': {'.': {},
                                                                                                               'f:lastProbeTime': {},
                                                                                                               'f:lastTransitionTime': {},
                                                                                                               'f:reason': {},
                                                                                                               'f:status': {},
                                                                                                               'f:type': {}},
                                                                              'k:{"type":"Initialized"}': {'.': {},
                                                                                                           'f:lastProbeTime': {},
                                                                                                           'f:lastTransitionTime': {},
                                                                                                           'f:status': {},
                                                                                                           'f:type': {}},
                                                                              'k:{"type":"PodReadyToStartContainers"}': {'.': {},
                                                                                                                         'f:lastProbeTime': {},
                                                                                                                         'f:lastTransitionTime': {},
                                                                                                                         'f:status': {},
                                                                                                                         'f:type': {}},
                                                                              'k:{"type":"Ready"}': {'.': {},
                                                                                                     'f:lastProbeTime': {},
                                                                                                     'f:lastTransitionTime': {},
                                                                                                     'f:reason': {},
                                                                                                     'f:status': {},
                                                                                                     'f:type': {}}},
                                                             'f:containerStatuses': {},
                                                             'f:hostIP': {},
                                                             'f:hostIPs': {},
                                                             'f:phase': {},
                                                             'f:podIP': {},
                                                             'f:podIPs': {'.': {},
                                                                          'k:{"ip":"10.244.1.60"}': {'.': {},
                                                                                                     'f:ip': {}}},
                                                             'f:startTime': {}}},
                                  'manager': 'kubelet',
                                  'operation': 'Update',
                                  'subresource': 'status',
                                  'time': datetime.datetime(2025, 5, 16, 12, 25, 22, tzinfo=tzlocal())}],
              'name': 'excel-to-parquet-ulxv95wj',
              'namespace': 'default',
              'owner_references': None,
              'resource_version': '191400',
              'self_link': None,
              'uid': 'b23927bb-9f9d-4768-a0c2-28a111b455f1'},
 'spec': {'active_deadline_seconds': None,
          'affinity': {'node_affinity': None,
                       'pod_affinity': None,
                       'pod_anti_affinity': None},
          'automount_service_account_token': None,
          'containers': [{'args': ['mc alias set s3-prod '
                                   'http://minio.default.svc.cluster.local:9000 '
                                   'adminic adminic123 && mc cp '
                                   's3-prod/ahajiyev/dynamic_file_to_db_transfer.py '
                                   '/tmp/dynamic_file_to_db_transfer.py && '
                                   'python /tmp/dynamic_file_to_db_transfer.py '
                                   '--source xyz.xlsx --target ahajiyev/xyz'],
                          'command': ['sh', '-c'],
                          'env': None,
                          'env_from': None,
                          'image': 'ahajiyev/pyspark-with-awscli',
                          'image_pull_policy': 'Always',
                          'lifecycle': None,
                          'liveness_probe': None,
                          'name': 'base',
                          'ports': None,
                          'readiness_probe': None,
                          'resize_policy': None,
                          'resources': {'claims': None,
                                        'limits': None,
                                        'requests': None},
                          'restart_policy': None,
                          'security_context': None,
                          'startup_probe': None,
                          'stdin': None,
                          'stdin_once': None,
                          'termination_message_path': '/dev/termination-log',
                          'termination_message_policy': 'File',
                          'tty': None,
                          'volume_devices': None,
                          'volume_mounts': [{'mount_path': '/var/run/secrets/kubernetes.io/serviceaccount',
                                             'mount_propagation': None,
                                             'name': 'kube-api-access-lk4pv',
                                             'read_only': True,
                                             'recursive_read_only': None,
                                             'sub_path': None,
                                             'sub_path_expr': None}],
                          'working_dir': None}],
          'dns_config': None,
          'dns_policy': 'ClusterFirst',
          'enable_service_links': True,
          'ephemeral_containers': None,
          'host_aliases': None,
          'host_ipc': None,
          'host_network': None,
          'host_pid': None,
          'host_users': None,
          'hostname': None,
          'image_pull_secrets': None,
          'init_containers': None,
          'node_name': 'minikube',
          'node_selector': None,
          'os': None,
          'overhead': None,
          'preemption_policy': 'PreemptLowerPriority',
          'priority': 0,
          'priority_class_name': None,
          'readiness_gates': None,
          'resource_claims': None,
          'restart_policy': 'Never',
          'runtime_class_name': None,
          'scheduler_name': 'default-scheduler',
          'scheduling_gates': None,
          'security_context': {'app_armor_profile': None,
                               'fs_group': None,
                               'fs_group_change_policy': None,
                               'run_as_group': None,
                               'run_as_non_root': None,
                               'run_as_user': None,
                               'se_linux_options': None,
                               'seccomp_profile': None,
                               'supplemental_groups': None,
                               'sysctls': None,
                               'windows_options': None},
          'service_account': 'default',
          'service_account_name': 'default',
          'set_hostname_as_fqdn': None,
          'share_process_namespace': None,
          'subdomain': None,
          'termination_grace_period_seconds': 30,
          'tolerations': [{'effect': 'NoExecute',
                           'key': 'node.kubernetes.io/not-ready',
                           'operator': 'Exists',
                           'toleration_seconds': 300,
                           'value': None},
                          {'effect': 'NoExecute',
                           'key': 'node.kubernetes.io/unreachable',
                           'operator': 'Exists',
                           'toleration_seconds': 300,
                           'value': None}],
          'topology_spread_constraints': None,
          'volumes': [{'aws_elastic_block_store': None,
                       'azure_disk': None,
                       'azure_file': None,
                       'cephfs': None,
                       'cinder': None,
                       'config_map': None,
                       'csi': None,
                       'downward_api': None,
                       'empty_dir': None,
                       'ephemeral': None,
                       'fc': None,
                       'flex_volume': None,
                       'flocker': None,
                       'gce_persistent_disk': None,
                       'git_repo': None,
                       'glusterfs': None,
                       'host_path': None,
                       'iscsi': None,
                       'name': 'kube-api-access-lk4pv',
                       'nfs': None,
                       'persistent_volume_claim': None,
                       'photon_persistent_disk': None,
                       'portworx_volume': None,
                       'projected': {'default_mode': 420,
                                     'sources': [{'cluster_trust_bundle': None,
                                                  'config_map': None,
                                                  'downward_api': None,
                                                  'secret': None,
                                                  'service_account_token': {'audience': None,
                                                                            'expiration_seconds': 3607,
                                                                            'path': 'token'}},
                                                 {'cluster_trust_bundle': None,
                                                  'config_map': {'items': [{'key': 'ca.crt',
                                                                            'mode': None,
                                                                            'path': 'ca.crt'}],
                                                                 'name': 'kube-root-ca.crt',
                                                                 'optional': None},
                                                  'downward_api': None,
                                                  'secret': None,
                                                  'service_account_token': None},
                                                 {'cluster_trust_bundle': None,
                                                  'config_map': None,
                                                  'downward_api': {'items': [{'field_ref': {'api_version': 'v1',
                                                                                            'field_path': 'metadata.namespace'},
                                                                              'mode': None,
                                                                              'path': 'namespace',
                                                                              'resource_field_ref': None}]},
                                                  'secret': None,
                                                  'service_account_token': None}]},
                       'quobyte': None,
                       'rbd': None,
                       'scale_io': None,
                       'secret': None,
                       'storageos': None,
                       'vsphere_volume': None}]},
 'status': {'conditions': [{'last_probe_time': None,
                            'last_transition_time': datetime.datetime(2025, 5, 16, 12, 25, 22, tzinfo=tzlocal()),
                            'message': None,
                            'reason': None,
                            'status': 'False',
                            'type': 'PodReadyToStartContainers'},
                           {'last_probe_time': None,
                            'last_transition_time': datetime.datetime(2025, 5, 16, 12, 24, 39, tzinfo=tzlocal()),
                            'message': None,
                            'reason': None,
                            'status': 'True',
                            'type': 'Initialized'},
                           {'last_probe_time': None,
                            'last_transition_time': datetime.datetime(2025, 5, 16, 12, 25, 20, tzinfo=tzlocal()),
                            'message': None,
                            'reason': 'PodFailed',
                            'status': 'False',
                            'type': 'Ready'},
                           {'last_probe_time': None,
                            'last_transition_time': datetime.datetime(2025, 5, 16, 12, 25, 20, tzinfo=tzlocal()),
                            'message': None,
                            'reason': 'PodFailed',
                            'status': 'False',
                            'type': 'ContainersReady'},
                           {'last_probe_time': None,
                            'last_transition_time': datetime.datetime(2025, 5, 16, 12, 24, 39, tzinfo=tzlocal()),
                            'message': None,
                            'reason': None,
                            'status': 'True',
                            'type': 'PodScheduled'}],
            'container_statuses': [{'allocated_resources': None,
                                    'container_id': 'docker://a5b5a1871fef6ffd1534c0b8837e149b9bba81bbe14bc6122fb9a019dd032370',
                                    'image': 'ahajiyev/pyspark-with-awscli:latest',
                                    'image_id': 'docker-pullable://ahajiyev/pyspark-with-awscli@sha256:3e8a2152030adf16486088206ee57b70bfbc7542a06d52836099113d2efa6e18',
                                    'last_state': {'running': None,
                                                   'terminated': None,
                                                   'waiting': None},
                                    'name': 'base',
                                    'ready': False,
                                    'resources': None,
                                    'restart_count': 0,
                                    'started': False,
                                    'state': {'running': None,
                                              'terminated': {'container_id': 'docker://a5b5a1871fef6ffd1534c0b8837e149b9bba81bbe14bc6122fb9a019dd032370',
                                                             'exit_code': 1,
                                                             'finished_at': datetime.datetime(2025, 5, 16, 12, 25, 20, tzinfo=tzlocal()),
                                                             'message': None,
                                                             'reason': 'Error',
                                                             'signal': None,
                                                             'started_at': datetime.datetime(2025, 5, 16, 12, 24, 42, tzinfo=tzlocal())},
                                              'waiting': None},
                                    'volume_mounts': [{'mount_path': '/var/run/secrets/kubernetes.io/serviceaccount',
                                                       'name': 'kube-api-access-lk4pv',
                                                       'read_only': True,
                                                       'recursive_read_only': 'Disabled'}]}],
            'ephemeral_container_statuses': None,
            'host_i_ps': [{'ip': '192.168.49.2'}],
            'host_ip': '192.168.49.2',
            'init_container_statuses': None,
            'message': None,
            'nominated_node_name': None,
            'phase': 'Failed',
            'pod_i_ps': [{'ip': '10.244.1.60'}],
            'pod_ip': '10.244.1.60',
            'qos_class': 'BestEffort',
            'reason': None,
            'resize': None,
            'resource_claim_statuses': None,
            'start_time': datetime.datetime(2025, 5, 16, 12, 24, 39, tzinfo=tzlocal())}}; 321)
Traceback (most recent call last):
  File "/home/airflow/.local/lib/python3.12/site-packages/airflow/task/task_runner/standard_task_runner.py", line 117, in _start_by_fork
    ret = args.func(args, dag=self.dag)
          ^^^^^^^^^^^^^^^^^^^^^^^^^^^^^
  File "/home/airflow/.local/lib/python3.12/site-packages/airflow/cli/cli_config.py", line 49, in command
    return func(*args, **kwargs)
           ^^^^^^^^^^^^^^^^^^^^^
  File "/home/airflow/.local/lib/python3.12/site-packages/airflow/utils/cli.py", line 116, in wrapper
    return f(*args, **kwargs)
           ^^^^^^^^^^^^^^^^^^
  File "/home/airflow/.local/lib/python3.12/site-packages/airflow/cli/commands/task_command.py", line 483, in task_run
    task_return_code = _run_task_by_selected_method(args, _dag, ti)
                       ^^^^^^^^^^^^^^^^^^^^^^^^^^^^^^^^^^^^^^^^^^^^
  File "/home/airflow/.local/lib/python3.12/site-packages/airflow/cli/commands/task_command.py", line 256, in _run_task_by_selected_method
    return _run_raw_task(args, ti)
           ^^^^^^^^^^^^^^^^^^^^^^^
  File "/home/airflow/.local/lib/python3.12/site-packages/airflow/cli/commands/task_command.py", line 341, in _run_raw_task
    return ti._run_raw_task(
           ^^^^^^^^^^^^^^^^^
  File "/home/airflow/.local/lib/python3.12/site-packages/airflow/utils/session.py", line 97, in wrapper
    return func(*args, session=session, **kwargs)
           ^^^^^^^^^^^^^^^^^^^^^^^^^^^^^^^^^^^^^^
  File "/home/airflow/.local/lib/python3.12/site-packages/airflow/models/taskinstance.py", line 3006, in _run_raw_task
    return _run_raw_task(
           ^^^^^^^^^^^^^^
  File "/home/airflow/.local/lib/python3.12/site-packages/airflow/models/taskinstance.py", line 274, in _run_raw_task
    TaskInstance._execute_task_with_callbacks(
  File "/home/airflow/.local/lib/python3.12/site-packages/airflow/models/taskinstance.py", line 3161, in _execute_task_with_callbacks
    result = self._execute_task(context, task_orig)
             ^^^^^^^^^^^^^^^^^^^^^^^^^^^^^^^^^^^^^^
  File "/home/airflow/.local/lib/python3.12/site-packages/airflow/models/taskinstance.py", line 3185, in _execute_task
    return _execute_task(self, context, task_orig)
           ^^^^^^^^^^^^^^^^^^^^^^^^^^^^^^^^^^^^^^^
  File "/home/airflow/.local/lib/python3.12/site-packages/airflow/models/taskinstance.py", line 768, in _execute_task
    result = _execute_callable(context=context, **execute_callable_kwargs)
             ^^^^^^^^^^^^^^^^^^^^^^^^^^^^^^^^^^^^^^^^^^^^^^^^^^^^^^^^^^^^^
  File "/home/airflow/.local/lib/python3.12/site-packages/airflow/models/taskinstance.py", line 734, in _execute_callable
    return ExecutionCallableRunner(
           ^^^^^^^^^^^^^^^^^^^^^^^^
  File "/home/airflow/.local/lib/python3.12/site-packages/airflow/utils/operator_helpers.py", line 252, in run
    return self.func(*args, **kwargs)
           ^^^^^^^^^^^^^^^^^^^^^^^^^^
  File "/home/airflow/.local/lib/python3.12/site-packages/airflow/models/baseoperator.py", line 424, in wrapper
    return func(self, *args, **kwargs)
           ^^^^^^^^^^^^^^^^^^^^^^^^^^^
  File "/home/airflow/.local/lib/python3.12/site-packages/airflow/providers/cncf/kubernetes/operators/pod.py", line 583, in execute
    return self.execute_sync(context)
           ^^^^^^^^^^^^^^^^^^^^^^^^^^
  File "/home/airflow/.local/lib/python3.12/site-packages/airflow/providers/cncf/kubernetes/operators/pod.py", line 636, in execute_sync
    self.cleanup(
  File "/home/airflow/.local/lib/python3.12/site-packages/airflow/providers/cncf/kubernetes/operators/pod.py", line 928, in cleanup
    raise AirflowException(
airflow.exceptions.AirflowException: Pod excel-to-parquet-ulxv95wj returned a failure.
remote_pod: {'api_version': 'v1',
 'kind': 'Pod',
 'metadata': {'annotations': None,
              'creation_timestamp': datetime.datetime(2025, 5, 16, 12, 24, 39, tzinfo=tzlocal()),
              'deletion_grace_period_seconds': None,
              'deletion_timestamp': None,
              'finalizers': None,
              'generate_name': None,
              'generation': None,
              'labels': {'***_kpo_in_cluster': 'False',
                         '***_version': '2.10.5',
                         'dag_id': 'DYNAMIC_FILE_TO_DB_LOADER',
                         'kubernetes_pod_operator': 'True',
                         'map_index': '1',
                         'run_id': 'manual__2025-05-16T122433.5822210000-f6fe36350',
                         'task_id': 'transfer_files',
                         'try_number': '1'},
              'managed_fields': [{'api_version': 'v1',
                                  'fields_type': 'FieldsV1',
                                  'fields_v1': {'f:metadata': {'f:labels': {'.': {},
                                                                            'f:***_kpo_in_cluster': {},
                                                                            'f:***_version': {},
                                                                            'f:dag_id': {},
                                                                            'f:kubernetes_pod_operator': {},
                                                                            'f:map_index': {},
                                                                            'f:run_id': {},
                                                                            'f:task_id': {},
                                                                            'f:try_number': {}}},
                                                'f:spec': {'f:affinity': {},
                                                           'f:containers': {'k:{"name":"base"}': {'.': {},
                                                                                                  'f:args': {},
                                                                                                  'f:command': {},
                                                                                                  'f:image': {},
                                                                                                  'f:imagePullPolicy': {},
                                                                                                  'f:name': {},
                                                                                                  'f:resources': {},
                                                                                                  'f:terminationMessagePath': {},
                                                                                                  'f:terminationMessagePolicy': {}}},
                                                           'f:dnsPolicy': {},
                                                           'f:enableServiceLinks': {},
                                                           'f:restartPolicy': {},
                                                           'f:schedulerName': {},
                                                           'f:securityContext': {},
                                                           'f:terminationGracePeriodSeconds': {}}},
                                  'manager': 'OpenAPI-Generator',
                                  'operation': 'Update',
                                  'subresource': None,
                                  'time': datetime.datetime(2025, 5, 16, 12, 24, 39, tzinfo=tzlocal())},
                                 {'api_version': 'v1',
                                  'fields_type': 'FieldsV1',
                                  'fields_v1': {'f:status': {'f:conditions': {'k:{"type":"ContainersReady"}': {'.': {},
                                                                                                               'f:lastProbeTime': {},
                                                                                                               'f:lastTransitionTime': {},
                                                                                                               'f:reason': {},
                                                                                                               'f:status': {},
                                                                                                               'f:type': {}},
                                                                              'k:{"type":"Initialized"}': {'.': {},
                                                                                                           'f:lastProbeTime': {},
                                                                                                           'f:lastTransitionTime': {},
                                                                                                           'f:status': {},
                                                                                                           'f:type': {}},
                                                                              'k:{"type":"PodReadyToStartContainers"}': {'.': {},
                                                                                                                         'f:lastProbeTime': {},
                                                                                                                         'f:lastTransitionTime': {},
                                                                                                                         'f:status': {},
                                                                                                                         'f:type': {}},
                                                                              'k:{"type":"Ready"}': {'.': {},
                                                                                                     'f:lastProbeTime': {},
                                                                                                     'f:lastTransitionTime': {},
                                                                                                     'f:reason': {},
                                                                                                     'f:status': {},
                                                                                                     'f:type': {}}},
                                                             'f:containerStatuses': {},
                                                             'f:hostIP': {},
                                                             'f:hostIPs': {},
                                                             'f:phase': {},
                                                             'f:podIP': {},
                                                             'f:podIPs': {'.': {},
                                                                          'k:{"ip":"10.244.1.60"}': {'.': {},
                                                                                                     'f:ip': {}}},
                                                             'f:startTime': {}}},
                                  'manager': 'kubelet',
                                  'operation': 'Update',
                                  'subresource': 'status',
                                  'time': datetime.datetime(2025, 5, 16, 12, 25, 22, tzinfo=tzlocal())}],
              'name': 'excel-to-parquet-ulxv95wj',
              'namespace': 'default',
              'owner_references': None,
              'resource_version': '191400',
              'self_link': None,
              'uid': 'b23927bb-9f9d-4768-a0c2-28a111b455f1'},
 'spec': {'active_deadline_seconds': None,
          'affinity': {'node_affinity': None,
                       'pod_affinity': None,
                       'pod_anti_affinity': None},
          'automount_service_account_token': None,
          'containers': [{'args': ['mc alias set s3-prod '
                                   'http://minio.default.svc.cluster.local:9000 '
                                   'adminic adminic123 && mc cp '
                                   's3-prod/ahajiyev/dynamic_file_to_db_transfer.py '
                                   '/tmp/dynamic_file_to_db_transfer.py && '
                                   'python /tmp/dynamic_file_to_db_transfer.py '
                                   '--source xyz.xlsx --target ahajiyev/xyz'],
                          'command': ['sh', '-c'],
                          'env': None,
                          'env_from': None,
                          'image': 'ahajiyev/pyspark-with-awscli',
                          'image_pull_policy': 'Always',
                          'lifecycle': None,
                          'liveness_probe': None,
                          'name': 'base',
                          'ports': None,
                          'readiness_probe': None,
                          'resize_policy': None,
                          'resources': {'claims': None,
                                        'limits': None,
                                        'requests': None},
                          'restart_policy': None,
                          'security_context': None,
                          'startup_probe': None,
                          'stdin': None,
                          'stdin_once': None,
                          'termination_message_path': '/dev/termination-log',
                          'termination_message_policy': 'File',
                          'tty': None,
                          'volume_devices': None,
                          'volume_mounts': [{'mount_path': '/var/run/secrets/kubernetes.io/serviceaccount',
                                             'mount_propagation': None,
                                             'name': 'kube-api-access-lk4pv',
                                             'read_only': True,
                                             'recursive_read_only': None,
                                             'sub_path': None,
                                             'sub_path_expr': None}],
                          'working_dir': None}],
          'dns_config': None,
          'dns_policy': 'ClusterFirst',
          'enable_service_links': True,
          'ephemeral_containers': None,
          'host_aliases': None,
          'host_ipc': None,
          'host_network': None,
          'host_pid': None,
          'host_users': None,
          'hostname': None,
          'image_pull_secrets': None,
          'init_containers': None,
          'node_name': 'minikube',
          'node_selector': None,
          'os': None,
          'overhead': None,
          'preemption_policy': 'PreemptLowerPriority',
          'priority': 0,
          'priority_class_name': None,
          'readiness_gates': None,
          'resource_claims': None,
          'restart_policy': 'Never',
          'runtime_class_name': None,
          'scheduler_name': 'default-scheduler',
          'scheduling_gates': None,
          'security_context': {'app_armor_profile': None,
                               'fs_group': None,
                               'fs_group_change_policy': None,
                               'run_as_group': None,
                               'run_as_non_root': None,
                               'run_as_user': None,
                               'se_linux_options': None,
                               'seccomp_profile': None,
                               'supplemental_groups': None,
                               'sysctls': None,
                               'windows_options': None},
          'service_account': 'default',
          'service_account_name': 'default',
          'set_hostname_as_fqdn': None,
          'share_process_namespace': None,
          'subdomain': None,
          'termination_grace_period_seconds': 30,
          'tolerations': [{'effect': 'NoExecute',
                           'key': 'node.kubernetes.io/not-ready',
                           'operator': 'Exists',
                           'toleration_seconds': 300,
                           'value': None},
                          {'effect': 'NoExecute',
                           'key': 'node.kubernetes.io/unreachable',
                           'operator': 'Exists',
                           'toleration_seconds': 300,
                           'value': None}],
          'topology_spread_constraints': None,
          'volumes': [{'aws_elastic_block_store': None,
                       'azure_disk': None,
                       'azure_file': None,
                       'cephfs': None,
                       'cinder': None,
                       'config_map': None,
                       'csi': None,
                       'downward_api': None,
                       'empty_dir': None,
                       'ephemeral': None,
                       'fc': None,
                       'flex_volume': None,
                       'flocker': None,
                       'gce_persistent_disk': None,
                       'git_repo': None,
                       'glusterfs': None,
                       'host_path': None,
                       'iscsi': None,
                       'name': 'kube-api-access-lk4pv',
                       'nfs': None,
                       'persistent_volume_claim': None,
                       'photon_persistent_disk': None,
                       'portworx_volume': None,
                       'projected': {'default_mode': 420,
                                     'sources': [{'cluster_trust_bundle': None,
                                                  'config_map': None,
                                                  'downward_api': None,
                                                  'secret': None,
                                                  'service_account_token': {'audience': None,
                                                                            'expiration_seconds': 3607,
                                                                            'path': 'token'}},
                                                 {'cluster_trust_bundle': None,
                                                  'config_map': {'items': [{'key': 'ca.crt',
                                                                            'mode': None,
                                                                            'path': 'ca.crt'}],
                                                                 'name': 'kube-root-ca.crt',
                                                                 'optional': None},
                                                  'downward_api': None,
                                                  'secret': None,
                                                  'service_account_token': None},
                                                 {'cluster_trust_bundle': None,
                                                  'config_map': None,
                                                  'downward_api': {'items': [{'field_ref': {'api_version': 'v1',
                                                                                            'field_path': 'metadata.namespace'},
                                                                              'mode': None,
                                                                              'path': 'namespace',
                                                                              'resource_field_ref': None}]},
                                                  'secret': None,
                                                  'service_account_token': None}]},
                       'quobyte': None,
                       'rbd': None,
                       'scale_io': None,
                       'secret': None,
                       'storageos': None,
                       'vsphere_volume': None}]},
 'status': {'conditions': [{'last_probe_time': None,
                            'last_transition_time': datetime.datetime(2025, 5, 16, 12, 25, 22, tzinfo=tzlocal()),
                            'message': None,
                            'reason': None,
                            'status': 'False',
                            'type': 'PodReadyToStartContainers'},
                           {'last_probe_time': None,
                            'last_transition_time': datetime.datetime(2025, 5, 16, 12, 24, 39, tzinfo=tzlocal()),
                            'message': None,
                            'reason': None,
                            'status': 'True',
                            'type': 'Initialized'},
                           {'last_probe_time': None,
                            'last_transition_time': datetime.datetime(2025, 5, 16, 12, 25, 20, tzinfo=tzlocal()),
                            'message': None,
                            'reason': 'PodFailed',
                            'status': 'False',
                            'type': 'Ready'},
                           {'last_probe_time': None,
                            'last_transition_time': datetime.datetime(2025, 5, 16, 12, 25, 20, tzinfo=tzlocal()),
                            'message': None,
                            'reason': 'PodFailed',
                            'status': 'False',
                            'type': 'ContainersReady'},
                           {'last_probe_time': None,
                            'last_transition_time': datetime.datetime(2025, 5, 16, 12, 24, 39, tzinfo=tzlocal()),
                            'message': None,
                            'reason': None,
                            'status': 'True',
                            'type': 'PodScheduled'}],
            'container_statuses': [{'allocated_resources': None,
                                    'container_id': 'docker://a5b5a1871fef6ffd1534c0b8837e149b9bba81bbe14bc6122fb9a019dd032370',
                                    'image': 'ahajiyev/pyspark-with-awscli:latest',
                                    'image_id': 'docker-pullable://ahajiyev/pyspark-with-awscli@sha256:3e8a2152030adf16486088206ee57b70bfbc7542a06d52836099113d2efa6e18',
                                    'last_state': {'running': None,
                                                   'terminated': None,
                                                   'waiting': None},
                                    'name': 'base',
                                    'ready': False,
                                    'resources': None,
                                    'restart_count': 0,
                                    'started': False,
                                    'state': {'running': None,
                                              'terminated': {'container_id': 'docker://a5b5a1871fef6ffd1534c0b8837e149b9bba81bbe14bc6122fb9a019dd032370',
                                                             'exit_code': 1,
                                                             'finished_at': datetime.datetime(2025, 5, 16, 12, 25, 20, tzinfo=tzlocal()),
                                                             'message': None,
                                                             'reason': 'Error',
                                                             'signal': None,
                                                             'started_at': datetime.datetime(2025, 5, 16, 12, 24, 42, tzinfo=tzlocal())},
                                              'waiting': None},
                                    'volume_mounts': [{'mount_path': '/var/run/secrets/kubernetes.io/serviceaccount',
                                                       'name': 'kube-api-access-lk4pv',
                                                       'read_only': True,
                                                       'recursive_read_only': 'Disabled'}]}],
            'ephemeral_container_statuses': None,
            'host_i_ps': [{'ip': '192.168.49.2'}],
            'host_ip': '192.168.49.2',
            'init_container_statuses': None,
            'message': None,
            'nominated_node_name': None,
            'phase': 'Failed',
            'pod_i_ps': [{'ip': '10.244.1.60'}],
            'pod_ip': '10.244.1.60',
            'qos_class': 'BestEffort',
            'reason': None,
            'resize': None,
            'resource_claim_statuses': None,
            'start_time': datetime.datetime(2025, 5, 16, 12, 24, 39, tzinfo=tzlocal())}}
[2025-05-16T12:25:23.571+0000] {local_task_job_runner.py:266} INFO - Task exited with return code 1
[2025-05-16T12:25:23.584+0000] {taskinstance.py:3901} INFO - 0 downstream tasks scheduled from follow-on schedule check
[2025-05-16T12:25:23.585+0000] {local_task_job_runner.py:245} INFO - ::endgroup::
