[2025-05-23T00:10:01.355+0000] {local_task_job_runner.py:123} INFO - ::group::Pre task execution logs
[2025-05-23T00:10:01.367+0000] {taskinstance.py:2614} INFO - Dependencies all met for dep_context=non-requeueable deps ti=<TaskInstance: DYNAMIC_FILE_TO_DB_LOADER.transfer_files scheduled__2025-05-22T12:40:00+00:00 map_index=0 [queued]>
[2025-05-23T00:10:01.376+0000] {taskinstance.py:2614} INFO - Dependencies all met for dep_context=requeueable deps ti=<TaskInstance: DYNAMIC_FILE_TO_DB_LOADER.transfer_files scheduled__2025-05-22T12:40:00+00:00 map_index=0 [queued]>
[2025-05-23T00:10:01.376+0000] {taskinstance.py:2867} INFO - Starting attempt 1 of 1
[2025-05-23T00:10:01.382+0000] {taskinstance.py:2890} INFO - Executing <Mapped(KubernetesPodOperator): transfer_files> on 2025-05-22 12:40:00+00:00
[2025-05-23T00:10:01.388+0000] {logging_mixin.py:190} WARNING - /home/***/.local/lib/python3.12/site-packages/***/task/task_runner/standard_task_runner.py:70 DeprecationWarning: This process (pid=16083) is multi-threaded, use of fork() may lead to deadlocks in the child.
[2025-05-23T00:10:01.389+0000] {standard_task_runner.py:72} INFO - Started process 16086 to run task
[2025-05-23T00:10:01.387+0000] {standard_task_runner.py:104} INFO - Running: ['***', 'tasks', 'run', 'DYNAMIC_FILE_TO_DB_LOADER', 'transfer_files', 'scheduled__2025-05-22T12:40:00+00:00', '--job-id', '1956', '--raw', '--subdir', 'DAGS_FOLDER/***_dynamic_file_to_db_loader.py', '--cfg-path', '/tmp/tmplrt57zaz', '--map-index', '0']
[2025-05-23T00:10:01.391+0000] {standard_task_runner.py:105} INFO - Job 1956: Subtask transfer_files
[2025-05-23T00:10:01.423+0000] {task_command.py:467} INFO - Running <TaskInstance: DYNAMIC_FILE_TO_DB_LOADER.transfer_files scheduled__2025-05-22T12:40:00+00:00 map_index=0 [running]> on host 5fb7fe4c544d
[2025-05-23T00:10:01.477+0000] {taskinstance.py:3134} INFO - Exporting env vars: AIRFLOW_CTX_DAG_OWNER='***' AIRFLOW_CTX_DAG_ID='DYNAMIC_FILE_TO_DB_LOADER' AIRFLOW_CTX_TASK_ID='transfer_files' AIRFLOW_CTX_EXECUTION_DATE='2025-05-22T12:40:00+00:00' AIRFLOW_CTX_TRY_NUMBER='1' AIRFLOW_CTX_DAG_RUN_ID='scheduled__2025-05-22T12:40:00+00:00'
[2025-05-23T00:10:01.478+0000] {logging_mixin.py:190} INFO - 
        INSERT INTO ***_daily_log (log_time, source_name, target_name)
        VALUES (CURRENT_TIMESTAMP, %(source)s, %(target)s)
    
[2025-05-23T00:10:01.482+0000] {base.py:84} INFO - Retrieving connection 'postgres_conn'
[2025-05-23T00:10:01.485+0000] {sql.py:511} INFO - Running statement: 
        INSERT INTO ***_daily_log (log_time, source_name, target_name)
        VALUES (CURRENT_TIMESTAMP, %(source)s, %(target)s)
    , parameters: {'source': 'abc.xlsx', 'target': 'ahajiyev/abc'}
[2025-05-23T00:10:01.485+0000] {sql.py:520} INFO - Rows affected: 1
[2025-05-23T00:10:01.486+0000] {logging_mixin.py:190} INFO - 
        UPDATE ***_daily_log
        SET dag_id = %(dag_id)s,
            task_id = %(task_id)s,
            run_id = %(run_id)s,
            execution_date = %(execution_date)s,
            try_number = %(try_number)s,
            log_time = CURRENT_TIMESTAMP
        WHERE date(log_time) = date(CURRENT_DATE)
        and dag_id is null
          AND source_name = %(source)s
          AND target_name = %(target)s
    
[2025-05-23T00:10:01.488+0000] {base.py:84} INFO - Retrieving connection 'postgres_conn'
[2025-05-23T00:10:01.491+0000] {sql.py:511} INFO - Running statement: 
        UPDATE ***_daily_log
        SET dag_id = %(dag_id)s,
            task_id = %(task_id)s,
            run_id = %(run_id)s,
            execution_date = %(execution_date)s,
            try_number = %(try_number)s,
            log_time = CURRENT_TIMESTAMP
        WHERE date(log_time) = date(CURRENT_DATE)
        and dag_id is null
          AND source_name = %(source)s
          AND target_name = %(target)s
    , parameters: {'dag_id': 'DYNAMIC_FILE_TO_DB_LOADER', 'task_id': 'transfer_files', 'run_id': 'scheduled__2025-05-22T12:40:00+00:00', 'execution_date': '2025-05-22 12:40:00+00:00', 'try_number': 1, 'source': 'abc.xlsx', 'target': 'ahajiyev/abc'}
[2025-05-23T00:10:01.492+0000] {sql.py:520} INFO - Rows affected: 1
[2025-05-23T00:10:01.492+0000] {logging_mixin.py:190} INFO - 
        UPDATE ***_daily_log
        SET status = %(status)s
        WHERE date(log_time) = date(CURRENT_DATE)
        and try_number = %(try_number)s
          AND source_name = %(source)s
          AND target_name = %(target)s
    
[2025-05-23T00:10:01.499+0000] {base.py:84} INFO - Retrieving connection 'postgres_conn'
[2025-05-23T00:10:01.503+0000] {sql.py:511} INFO - Running statement: 
        UPDATE ***_daily_log
        SET status = %(status)s
        WHERE date(log_time) = date(CURRENT_DATE)
        and try_number = %(try_number)s
          AND source_name = %(source)s
          AND target_name = %(target)s
    , parameters: {'status': 'running', 'try_number': 1, 'source': 'abc.xlsx', 'target': 'ahajiyev/abc'}
[2025-05-23T00:10:01.505+0000] {sql.py:520} INFO - Rows affected: 1
[2025-05-23T00:10:01.509+0000] {taskinstance.py:732} INFO - ::endgroup::
[2025-05-23T00:10:01.527+0000] {pod.py:1148} INFO - Building pod excel-to-parquet-mskxqv94 with labels: {'dag_id': 'DYNAMIC_FILE_TO_DB_LOADER', 'task_id': 'transfer_files', 'run_id': 'scheduled__2025-05-22T1240000000-db84fccda', 'kubernetes_pod_operator': 'True', 'map_index': '0', 'try_number': '1'}
[2025-05-23T00:10:01.579+0000] {pod.py:545} INFO - Found matching pod excel-to-parquet-mskxqv94 with labels {'airflow_kpo_in_cluster': 'False', 'airflow_version': '2.10.5', 'dag_id': 'DYNAMIC_FILE_TO_DB_LOADER', 'kubernetes_pod_operator': 'True', 'map_index': '0', 'run_id': 'scheduled__2025-05-22T1240000000-db84fccda', 'task_id': 'transfer_files', 'try_number': '1'}
[2025-05-23T00:10:01.579+0000] {pod.py:546} INFO - `try_number` of task_instance: 1
[2025-05-23T00:10:01.579+0000] {pod.py:547} INFO - `try_number` of pod: 1
[2025-05-23T00:10:01.583+0000] {pod_manager.py:392} WARNING - Pod not yet started: excel-to-parquet-mskxqv94
[2025-05-23T00:10:06.605+0000] {pod_manager.py:392} WARNING - Pod not yet started: excel-to-parquet-mskxqv94
[2025-05-23T00:10:11.614+0000] {pod_manager.py:392} WARNING - Pod not yet started: excel-to-parquet-mskxqv94
[2025-05-23T00:10:16.623+0000] {pod_manager.py:392} WARNING - Pod not yet started: excel-to-parquet-mskxqv94
[2025-05-23T00:10:21.693+0000] {pod_manager.py:392} WARNING - Pod not yet started: excel-to-parquet-mskxqv94
[2025-05-23T01:22:25.690+0000] {job.py:229} INFO - Heartbeat recovered after 4324.08 seconds
[2025-05-23T01:22:25.768+0000] {pod_manager.py:477} INFO - [base] Added `s3-local` successfully.
[2025-05-23T01:22:25.769+0000] {pod_manager.py:477} INFO - [base] `s3-local/ahajiyev/dynamic_file_to_db_transfer.py` -> `/tmp/dynamic_file_to_db_transfer.py`
[2025-05-23T01:22:26.361+0000] {pod_manager.py:477} INFO - [base] Total: 2.82 KiB, Transferred: 2.82 KiB, Speed: 59.21 KiB/s
[2025-05-23T01:22:26.554+0000] {pod_manager.py:477} INFO - [base] :: loading settings :: url = jar:file:/opt/spark/jars/ivy-2.5.1.jar!/org/apache/ivy/core/settings/ivysettings.xml
[2025-05-23T01:22:26.555+0000] {pod_manager.py:477} INFO - [base] Ivy Default Cache set to: /root/.ivy2/cache
[2025-05-23T01:22:26.565+0000] {pod_manager.py:477} INFO - [base] The jars for the packages stored in: /root/.ivy2/jars
[2025-05-23T01:22:26.570+0000] {pod_manager.py:477} INFO - [base] com.crealytics#spark-excel_2.12 added as a dependency
[2025-05-23T01:22:26.571+0000] {pod_manager.py:477} INFO - [base] :: resolving dependencies :: org.apache.spark#spark-submit-parent-12d5766a-adb1-4024-83fb-497fe94a4deb;1.0
[2025-05-23T01:22:28.104+0000] {pod_manager.py:477} INFO - [base] 	confs: [default]
[2025-05-23T01:22:28.380+0000] {pod_manager.py:477} INFO - [base] 	found com.crealytics#spark-excel_2.12;0.13.7 in central
[2025-05-23T01:22:32.395+0000] {pod_manager.py:477} INFO - [base] 	found org.apache.poi#poi;4.1.2 in central
[2025-05-23T01:22:32.779+0000] {pod_manager.py:477} INFO - [base] 	found commons-codec#commons-codec;1.13 in central
[2025-05-23T01:22:33.939+0000] {pod_manager.py:477} INFO - [base] 	found org.apache.commons#commons-collections4;4.4 in central
[2025-05-23T01:22:34.968+0000] {pod_manager.py:477} INFO - [base] 	found org.apache.commons#commons-math3;3.6.1 in central
[2025-05-23T01:22:35.129+0000] {pod_manager.py:477} INFO - [base] 	found com.zaxxer#SparseBitSet;1.2 in central
[2025-05-23T01:22:35.308+0000] {pod_manager.py:477} INFO - [base] 	found org.apache.poi#poi-ooxml;4.1.2 in central
[2025-05-23T01:22:35.495+0000] {pod_manager.py:477} INFO - [base] 	found org.apache.poi#poi-ooxml-schemas;4.1.2 in central
[2025-05-23T01:22:35.660+0000] {pod_manager.py:477} INFO - [base] 	found org.apache.xmlbeans#xmlbeans;3.1.0 in central
[2025-05-23T01:22:35.851+0000] {pod_manager.py:477} INFO - [base] 	found com.github.virtuald#curvesapi;1.06 in central
[2025-05-23T01:22:36.025+0000] {pod_manager.py:477} INFO - [base] 	found com.norbitltd#spoiwo_2.12;1.8.0 in central
[2025-05-23T01:22:36.199+0000] {pod_manager.py:477} INFO - [base] 	found org.scala-lang.modules#scala-xml_2.12;1.3.0 in central
[2025-05-23T01:22:36.389+0000] {pod_manager.py:477} INFO - [base] 	found com.github.pjfanning#excel-streaming-reader;2.3.6 in central
[2025-05-23T01:22:36.553+0000] {pod_manager.py:477} INFO - [base] 	found com.github.pjfanning#poi-shared-strings;1.0.4 in central
[2025-05-23T01:22:36.785+0000] {pod_manager.py:477} INFO - [base] 	found com.h2database#h2;1.4.200 in central
[2025-05-23T01:22:36.988+0000] {pod_manager.py:477} INFO - [base] 	found org.apache.commons#commons-text;1.8 in central
[2025-05-23T01:22:37.348+0000] {pod_manager.py:477} INFO - [base] 	found org.apache.commons#commons-lang3;3.9 in central
[2025-05-23T01:22:38.345+0000] {pod_manager.py:477} INFO - [base] 	found xml-apis#xml-apis;1.4.01 in central
[2025-05-23T01:22:38.573+0000] {pod_manager.py:477} INFO - [base] 	found org.slf4j#slf4j-api;1.7.30 in central
[2025-05-23T01:22:38.746+0000] {pod_manager.py:477} INFO - [base] 	found org.apache.commons#commons-compress;1.20 in central
[2025-05-23T01:22:39.577+0000] {pod_manager.py:477} INFO - [base] downloading https://repo1.maven.org/maven2/com/crealytics/spark-excel_2.12/0.13.7/spark-excel_2.12-0.13.7.jar ...
[2025-05-23T01:22:39.651+0000] {pod_manager.py:477} INFO - [base] 	[SUCCESSFUL ] com.crealytics#spark-excel_2.12;0.13.7!spark-excel_2.12.jar (902ms)
[2025-05-23T01:22:41.371+0000] {pod_manager.py:477} INFO - [base] downloading https://repo1.maven.org/maven2/org/apache/poi/poi/4.1.2/poi-4.1.2.jar ...
[2025-05-23T01:22:41.473+0000] {pod_manager.py:477} INFO - [base] 	[SUCCESSFUL ] org.apache.poi#poi;4.1.2!poi.jar (1792ms)
[2025-05-23T01:22:41.759+0000] {pod_manager.py:477} INFO - [base] downloading https://repo1.maven.org/maven2/org/apache/poi/poi-ooxml/4.1.2/poi-ooxml-4.1.2.jar ...
[2025-05-23T01:22:41.843+0000] {pod_manager.py:477} INFO - [base] 	[SUCCESSFUL ] org.apache.poi#poi-ooxml;4.1.2!poi-ooxml.jar (388ms)
[2025-05-23T01:22:41.968+0000] {pod_manager.py:477} INFO - [base] downloading https://repo1.maven.org/maven2/com/norbitltd/spoiwo_2.12/1.8.0/spoiwo_2.12-1.8.0.jar ...
[2025-05-23T01:22:42.042+0000] {pod_manager.py:477} INFO - [base] 	[SUCCESSFUL ] com.norbitltd#spoiwo_2.12;1.8.0!spoiwo_2.12.jar (208ms)
[2025-05-23T01:22:42.171+0000] {pod_manager.py:477} INFO - [base] downloading https://repo1.maven.org/maven2/com/github/pjfanning/excel-streaming-reader/2.3.6/excel-streaming-reader-2.3.6.jar ...
[2025-05-23T01:22:42.239+0000] {pod_manager.py:477} INFO - [base] 	[SUCCESSFUL ] com.github.pjfanning#excel-streaming-reader;2.3.6!excel-streaming-reader.jar (186ms)
[2025-05-23T01:22:42.345+0000] {pod_manager.py:477} INFO - [base] downloading https://repo1.maven.org/maven2/com/github/pjfanning/poi-shared-strings/1.0.4/poi-shared-strings-1.0.4.jar ...
[2025-05-23T01:22:42.443+0000] {pod_manager.py:477} INFO - [base] 	[SUCCESSFUL ] com.github.pjfanning#poi-shared-strings;1.0.4!poi-shared-strings.jar (175ms)
[2025-05-23T01:22:42.767+0000] {pod_manager.py:477} INFO - [base] downloading https://repo1.maven.org/maven2/org/apache/commons/commons-compress/1.20/commons-compress-1.20.jar ...
[2025-05-23T01:22:42.842+0000] {pod_manager.py:477} INFO - [base] 	[SUCCESSFUL ] org.apache.commons#commons-compress;1.20!commons-compress.jar (421ms)
[2025-05-23T01:22:42.954+0000] {pod_manager.py:477} INFO - [base] downloading https://repo1.maven.org/maven2/commons-codec/commons-codec/1.13/commons-codec-1.13.jar ...
[2025-05-23T01:22:43.043+0000] {pod_manager.py:477} INFO - [base] 	[SUCCESSFUL ] commons-codec#commons-codec;1.13!commons-codec.jar (185ms)
[2025-05-23T01:22:43.244+0000] {pod_manager.py:477} INFO - [base] downloading https://repo1.maven.org/maven2/org/apache/commons/commons-collections4/4.4/commons-collections4-4.4.jar ...
[2025-05-23T01:22:43.345+0000] {pod_manager.py:477} INFO - [base] 	[SUCCESSFUL ] org.apache.commons#commons-collections4;4.4!commons-collections4.jar (290ms)
[2025-05-23T01:22:43.663+0000] {pod_manager.py:477} INFO - [base] downloading https://repo1.maven.org/maven2/org/apache/commons/commons-math3/3.6.1/commons-math3-3.6.1.jar ...
[2025-05-23T01:22:43.748+0000] {pod_manager.py:477} INFO - [base] 	[SUCCESSFUL ] org.apache.commons#commons-math3;3.6.1!commons-math3.jar (417ms)
[2025-05-23T01:22:43.855+0000] {pod_manager.py:477} INFO - [base] downloading https://repo1.maven.org/maven2/com/zaxxer/SparseBitSet/1.2/SparseBitSet-1.2.jar ...
[2025-05-23T01:22:43.946+0000] {pod_manager.py:477} INFO - [base] 	[SUCCESSFUL ] com.zaxxer#SparseBitSet;1.2!SparseBitSet.jar (185ms)
[2025-05-23T01:22:45.108+0000] {pod_manager.py:477} INFO - [base] downloading https://repo1.maven.org/maven2/org/apache/poi/poi-ooxml-schemas/4.1.2/poi-ooxml-schemas-4.1.2.jar ...
[2025-05-23T01:22:45.180+0000] {pod_manager.py:477} INFO - [base] 	[SUCCESSFUL ] org.apache.poi#poi-ooxml-schemas;4.1.2!poi-ooxml-schemas.jar (1254ms)
[2025-05-23T01:22:45.285+0000] {pod_manager.py:477} INFO - [base] downloading https://repo1.maven.org/maven2/com/github/virtuald/curvesapi/1.06/curvesapi-1.06.jar ...
[2025-05-23T01:22:45.357+0000] {pod_manager.py:477} INFO - [base] 	[SUCCESSFUL ] com.github.virtuald#curvesapi;1.06!curvesapi.jar (176ms)
[2025-05-23T01:22:45.915+0000] {pod_manager.py:477} INFO - [base] downloading https://repo1.maven.org/maven2/org/apache/xmlbeans/xmlbeans/3.1.0/xmlbeans-3.1.0.jar ...
[2025-05-23T01:22:45.988+0000] {pod_manager.py:477} INFO - [base] 	[SUCCESSFUL ] org.apache.xmlbeans#xmlbeans;3.1.0!xmlbeans.jar (629ms)
[2025-05-23T01:22:46.144+0000] {pod_manager.py:477} INFO - [base] downloading https://repo1.maven.org/maven2/org/scala-lang/modules/scala-xml_2.12/1.3.0/scala-xml_2.12-1.3.0.jar ...
[2025-05-23T01:22:46.244+0000] {pod_manager.py:477} INFO - [base] 	[SUCCESSFUL ] org.scala-lang.modules#scala-xml_2.12;1.3.0!scala-xml_2.12.jar(bundle) (226ms)
[2025-05-23T01:22:46.355+0000] {pod_manager.py:477} INFO - [base] downloading https://repo1.maven.org/maven2/xml-apis/xml-apis/1.4.01/xml-apis-1.4.01.jar ...
[2025-05-23T01:22:46.443+0000] {pod_manager.py:477} INFO - [base] 	[SUCCESSFUL ] xml-apis#xml-apis;1.4.01!xml-apis.jar (212ms)
[2025-05-23T01:22:46.551+0000] {pod_manager.py:477} INFO - [base] downloading https://repo1.maven.org/maven2/org/slf4j/slf4j-api/1.7.30/slf4j-api-1.7.30.jar ...
[2025-05-23T01:22:46.642+0000] {pod_manager.py:477} INFO - [base] 	[SUCCESSFUL ] org.slf4j#slf4j-api;1.7.30!slf4j-api.jar (192ms)
[2025-05-23T01:22:47.066+0000] {pod_manager.py:477} INFO - [base] downloading https://repo1.maven.org/maven2/com/h2database/h2/1.4.200/h2-1.4.200.jar ...
[2025-05-23T01:22:47.147+0000] {pod_manager.py:477} INFO - [base] 	[SUCCESSFUL ] com.h2database#h2;1.4.200!h2.jar (513ms)
[2025-05-23T01:22:47.251+0000] {pod_manager.py:477} INFO - [base] downloading https://repo1.maven.org/maven2/org/apache/commons/commons-text/1.8/commons-text-1.8.jar ...
[2025-05-23T01:22:47.343+0000] {pod_manager.py:477} INFO - [base] 	[SUCCESSFUL ] org.apache.commons#commons-text;1.8!commons-text.jar (184ms)
[2025-05-23T01:22:47.491+0000] {pod_manager.py:477} INFO - [base] downloading https://repo1.maven.org/maven2/org/apache/commons/commons-lang3/3.9/commons-lang3-3.9.jar ...
[2025-05-23T01:22:47.494+0000] {pod_manager.py:477} INFO - [base] 	[SUCCESSFUL ] org.apache.commons#commons-lang3;3.9!commons-lang3.jar (239ms)
[2025-05-23T01:22:47.494+0000] {pod_manager.py:477} INFO - [base] :: resolution report :: resolve 12102ms :: artifacts dl 8825ms
[2025-05-23T01:22:47.494+0000] {pod_manager.py:477} INFO - [base] 	:: modules in use:
[2025-05-23T01:22:47.495+0000] {pod_manager.py:477} INFO - [base] 	com.crealytics#spark-excel_2.12;0.13.7 from central in [default]
[2025-05-23T01:22:47.495+0000] {pod_manager.py:477} INFO - [base] 	com.github.pjfanning#excel-streaming-reader;2.3.6 from central in [default]
[2025-05-23T01:22:47.495+0000] {pod_manager.py:477} INFO - [base] 	com.github.pjfanning#poi-shared-strings;1.0.4 from central in [default]
[2025-05-23T01:22:47.495+0000] {pod_manager.py:477} INFO - [base] 	com.github.virtuald#curvesapi;1.06 from central in [default]
[2025-05-23T01:22:47.496+0000] {pod_manager.py:477} INFO - [base] 	com.h2database#h2;1.4.200 from central in [default]
[2025-05-23T01:22:47.496+0000] {pod_manager.py:477} INFO - [base] 	com.norbitltd#spoiwo_2.12;1.8.0 from central in [default]
[2025-05-23T01:22:47.496+0000] {pod_manager.py:477} INFO - [base] 	com.zaxxer#SparseBitSet;1.2 from central in [default]
[2025-05-23T01:22:47.496+0000] {pod_manager.py:477} INFO - [base] 	commons-codec#commons-codec;1.13 from central in [default]
[2025-05-23T01:22:47.496+0000] {pod_manager.py:477} INFO - [base] 	org.apache.commons#commons-collections4;4.4 from central in [default]
[2025-05-23T01:22:47.497+0000] {pod_manager.py:477} INFO - [base] 	org.apache.commons#commons-compress;1.20 from central in [default]
[2025-05-23T01:22:47.497+0000] {pod_manager.py:477} INFO - [base] 	org.apache.commons#commons-lang3;3.9 from central in [default]
[2025-05-23T01:22:47.497+0000] {pod_manager.py:477} INFO - [base] 	org.apache.commons#commons-math3;3.6.1 from central in [default]
[2025-05-23T01:22:47.497+0000] {pod_manager.py:477} INFO - [base] 	org.apache.commons#commons-text;1.8 from central in [default]
[2025-05-23T01:22:47.498+0000] {pod_manager.py:477} INFO - [base] 	org.apache.poi#poi;4.1.2 from central in [default]
[2025-05-23T01:22:47.498+0000] {pod_manager.py:477} INFO - [base] 	org.apache.poi#poi-ooxml;4.1.2 from central in [default]
[2025-05-23T01:22:47.498+0000] {pod_manager.py:477} INFO - [base] 	org.apache.poi#poi-ooxml-schemas;4.1.2 from central in [default]
[2025-05-23T01:22:47.498+0000] {pod_manager.py:477} INFO - [base] 	org.apache.xmlbeans#xmlbeans;3.1.0 from central in [default]
[2025-05-23T01:22:47.499+0000] {pod_manager.py:477} INFO - [base] 	org.scala-lang.modules#scala-xml_2.12;1.3.0 from central in [default]
[2025-05-23T01:22:47.499+0000] {pod_manager.py:477} INFO - [base] 	org.slf4j#slf4j-api;1.7.30 from central in [default]
[2025-05-23T01:22:47.499+0000] {pod_manager.py:477} INFO - [base] 	xml-apis#xml-apis;1.4.01 from central in [default]
[2025-05-23T01:22:47.499+0000] {pod_manager.py:477} INFO - [base] 	:: evicted modules:
[2025-05-23T01:22:47.500+0000] {pod_manager.py:477} INFO - [base] 	org.apache.commons#commons-compress;1.19 by [org.apache.commons#commons-compress;1.20] in [default]
[2025-05-23T01:22:47.501+0000] {pod_manager.py:477} INFO - [base] 	---------------------------------------------------------------------
[2025-05-23T01:22:47.501+0000] {pod_manager.py:477} INFO - [base] 	|                  |            modules            ||   artifacts   |
[2025-05-23T01:22:47.501+0000] {pod_manager.py:477} INFO - [base] 	|       conf       | number| search|dwnlded|evicted|| number|dwnlded|
[2025-05-23T01:22:47.502+0000] {pod_manager.py:477} INFO - [base] 	---------------------------------------------------------------------
[2025-05-23T01:22:47.502+0000] {pod_manager.py:477} INFO - [base] 	|      default     |   21  |   20  |   20  |   1   ||   20  |   20  |
[2025-05-23T01:22:47.520+0000] {pod_manager.py:477} INFO - [base] 	---------------------------------------------------------------------
[2025-05-23T01:22:47.523+0000] {pod_manager.py:477} INFO - [base] :: retrieving :: org.apache.spark#spark-submit-parent-12d5766a-adb1-4024-83fb-497fe94a4deb
[2025-05-23T01:22:47.953+0000] {pod_manager.py:477} INFO - [base] 	confs: [default]
[2025-05-23T01:22:48.789+0000] {pod_manager.py:477} INFO - [base] 	20 artifacts copied, 0 already retrieved (29243kB/430ms)
[2025-05-23T01:22:49.356+0000] {pod_manager.py:477} INFO - [base] 25/05/23 01:22:48 WARN NativeCodeLoader: Unable to load native-hadoop library for your platform... using builtin-java classes where applicable
[2025-05-23T01:22:49.357+0000] {pod_manager.py:477} INFO - [base] Setting default log level to "WARN".
[2025-05-23T01:22:59.906+0000] {pod_manager.py:477} INFO - [base] To adjust logging level use sc.setLogLevel(newLevel). For SparkR, use setLogLevel(newLevel).
[2025-05-23T01:23:01.032+0000] {local_task_job_runner.py:346} WARNING - State of this instance has been externally set to failed. Terminating instance.
[2025-05-23T01:23:01.033+0000] {local_task_job_runner.py:245} INFO - ::endgroup::
[2025-05-23T01:23:01.036+0000] {process_utils.py:132} INFO - Sending 15 to group 16086. PIDs of all processes in the group: [16086]
[2025-05-23T01:23:01.036+0000] {process_utils.py:87} INFO - Sending the signal 15 to group 16086
[2025-05-23T01:23:01.037+0000] {taskinstance.py:3094} ERROR - Received SIGTERM. Terminating subprocesses.
[2025-05-23T01:23:01.065+0000] {taskinstance.py:3095} ERROR - Stacktrace: 
  File "/home/***/.local/bin/***", line 8, in <module>
    sys.exit(main())
  File "/home/***/.local/lib/python3.12/site-packages/***/__main__.py", line 62, in main
    args.func(args)
  File "/home/***/.local/lib/python3.12/site-packages/***/cli/cli_config.py", line 49, in command
    return func(*args, **kwargs)
  File "/home/***/.local/lib/python3.12/site-packages/***/utils/cli.py", line 116, in wrapper
    return f(*args, **kwargs)
  File "/home/***/.local/lib/python3.12/site-packages/***/utils/providers_configuration_loader.py", line 55, in wrapped_function
    return func(*args, **kwargs)
  File "/home/***/.local/lib/python3.12/site-packages/***/cli/commands/scheduler_command.py", line 56, in scheduler
    run_command_with_daemon_option(
  File "/home/***/.local/lib/python3.12/site-packages/***/cli/commands/daemon_utils.py", line 86, in run_command_with_daemon_option
    callback()
  File "/home/***/.local/lib/python3.12/site-packages/***/cli/commands/scheduler_command.py", line 59, in <lambda>
    callback=lambda: _run_scheduler_job(args),
  File "/home/***/.local/lib/python3.12/site-packages/***/cli/commands/scheduler_command.py", line 47, in _run_scheduler_job
    run_job(job=job_runner.job, execute_callable=job_runner._execute)
  File "/home/***/.local/lib/python3.12/site-packages/***/utils/session.py", line 97, in wrapper
    return func(*args, session=session, **kwargs)
  File "/home/***/.local/lib/python3.12/site-packages/***/jobs/job.py", line 421, in run_job
    return execute_job(job, execute_callable=execute_callable)
  File "/home/***/.local/lib/python3.12/site-packages/***/jobs/job.py", line 450, in execute_job
    ret = execute_callable()
  File "/home/***/.local/lib/python3.12/site-packages/***/jobs/scheduler_job_runner.py", line 990, in _execute
    executor.start()
  File "/home/***/.local/lib/python3.12/site-packages/***/executors/local_executor.py", line 392, in start
    self.impl.start()
  File "/home/***/.local/lib/python3.12/site-packages/***/executors/local_executor.py", line 330, in start
    worker.start()
  File "/usr/local/lib/python3.12/multiprocessing/process.py", line 121, in start
    self._popen = self._Popen(self)
  File "/usr/local/lib/python3.12/multiprocessing/context.py", line 224, in _Popen
    return _default_context.get_context().Process._Popen(process_obj)
  File "/usr/local/lib/python3.12/multiprocessing/context.py", line 282, in _Popen
    return Popen(process_obj)
  File "/usr/local/lib/python3.12/multiprocessing/popen_fork.py", line 19, in __init__
    self._launch(process_obj)
  File "/usr/local/lib/python3.12/multiprocessing/popen_fork.py", line 71, in _launch
    code = process_obj._bootstrap(parent_sentinel=child_r)
  File "/usr/local/lib/python3.12/multiprocessing/process.py", line 314, in _bootstrap
    self.run()
  File "/home/***/.local/lib/python3.12/site-packages/***/executors/local_executor.py", line 80, in run
    return super().run()
  File "/usr/local/lib/python3.12/multiprocessing/process.py", line 108, in run
    self._target(*self._args, **self._kwargs)
  File "/home/***/.local/lib/python3.12/site-packages/***/traces/tracer.py", line 58, in wrapper
    return func(*args, **kwargs)
  File "/home/***/.local/lib/python3.12/site-packages/***/executors/local_executor.py", line 211, in do_work
    self.execute_work(key=key, command=command)
  File "/home/***/.local/lib/python3.12/site-packages/***/traces/tracer.py", line 58, in wrapper
    return func(*args, **kwargs)
  File "/home/***/.local/lib/python3.12/site-packages/***/executors/local_executor.py", line 100, in execute_work
    state = self._execute_work_in_fork(command)
  File "/home/***/.local/lib/python3.12/site-packages/***/traces/tracer.py", line 58, in wrapper
    return func(*args, **kwargs)
  File "/home/***/.local/lib/python3.12/site-packages/***/executors/local_executor.py", line 142, in _execute_work_in_fork
    args.func(args)
  File "/home/***/.local/lib/python3.12/site-packages/***/cli/cli_config.py", line 49, in command
    return func(*args, **kwargs)
  File "/home/***/.local/lib/python3.12/site-packages/***/utils/cli.py", line 116, in wrapper
    return f(*args, **kwargs)
  File "/home/***/.local/lib/python3.12/site-packages/***/cli/commands/task_command.py", line 483, in task_run
    task_return_code = _run_task_by_selected_method(args, _dag, ti)
  File "/home/***/.local/lib/python3.12/site-packages/***/cli/commands/task_command.py", line 254, in _run_task_by_selected_method
    return _run_task_by_local_task_job(args, ti)
  File "/home/***/.local/lib/python3.12/site-packages/***/cli/commands/task_command.py", line 322, in _run_task_by_local_task_job
    ret = run_job(job=job_runner.job, execute_callable=job_runner._execute)
  File "/home/***/.local/lib/python3.12/site-packages/***/utils/session.py", line 97, in wrapper
    return func(*args, session=session, **kwargs)
  File "/home/***/.local/lib/python3.12/site-packages/***/jobs/job.py", line 421, in run_job
    return execute_job(job, execute_callable=execute_callable)
  File "/home/***/.local/lib/python3.12/site-packages/***/jobs/job.py", line 450, in execute_job
    ret = execute_callable()
  File "/home/***/.local/lib/python3.12/site-packages/***/jobs/local_task_job_runner.py", line 171, in _execute
    self.task_runner.start()
  File "/home/***/.local/lib/python3.12/site-packages/***/task/task_runner/standard_task_runner.py", line 55, in start
    self.process = self._start_by_fork()
  File "/home/***/.local/lib/python3.12/site-packages/***/task/task_runner/standard_task_runner.py", line 117, in _start_by_fork
    ret = args.func(args, dag=self.dag)
  File "/home/***/.local/lib/python3.12/site-packages/***/cli/cli_config.py", line 49, in command
    return func(*args, **kwargs)
  File "/home/***/.local/lib/python3.12/site-packages/***/utils/cli.py", line 116, in wrapper
    return f(*args, **kwargs)
  File "/home/***/.local/lib/python3.12/site-packages/***/cli/commands/task_command.py", line 483, in task_run
    task_return_code = _run_task_by_selected_method(args, _dag, ti)
  File "/home/***/.local/lib/python3.12/site-packages/***/cli/commands/task_command.py", line 256, in _run_task_by_selected_method
    return _run_raw_task(args, ti)
  File "/home/***/.local/lib/python3.12/site-packages/***/cli/commands/task_command.py", line 341, in _run_raw_task
    return ti._run_raw_task(
  File "/home/***/.local/lib/python3.12/site-packages/***/utils/session.py", line 97, in wrapper
    return func(*args, session=session, **kwargs)
  File "/home/***/.local/lib/python3.12/site-packages/***/models/taskinstance.py", line 3006, in _run_raw_task
    return _run_raw_task(
  File "/home/***/.local/lib/python3.12/site-packages/***/models/taskinstance.py", line 274, in _run_raw_task
    TaskInstance._execute_task_with_callbacks(
  File "/home/***/.local/lib/python3.12/site-packages/***/models/taskinstance.py", line 3161, in _execute_task_with_callbacks
    result = self._execute_task(context, task_orig)
  File "/home/***/.local/lib/python3.12/site-packages/***/models/taskinstance.py", line 3185, in _execute_task
    return _execute_task(self, context, task_orig)
  File "/home/***/.local/lib/python3.12/site-packages/***/models/taskinstance.py", line 768, in _execute_task
    result = _execute_callable(context=context, **execute_callable_kwargs)
  File "/home/***/.local/lib/python3.12/site-packages/***/models/taskinstance.py", line 734, in _execute_callable
    return ExecutionCallableRunner(
  File "/home/***/.local/lib/python3.12/site-packages/***/utils/operator_helpers.py", line 252, in run
    return self.func(*args, **kwargs)
  File "/home/***/.local/lib/python3.12/site-packages/***/models/baseoperator.py", line 424, in wrapper
    return func(self, *args, **kwargs)
  File "/home/***/.local/lib/python3.12/site-packages/***/providers/cncf/kubernetes/operators/pod.py", line 583, in execute
    return self.execute_sync(context)
  File "/home/***/.local/lib/python3.12/site-packages/***/providers/cncf/kubernetes/operators/pod.py", line 619, in execute_sync
    self.await_pod_completion(pod=self.pod)
  File "/home/***/.local/lib/python3.12/site-packages/tenacity/__init__.py", line 336, in wrapped_f
    return copy(f, *args, **kw)
  File "/home/***/.local/lib/python3.12/site-packages/tenacity/__init__.py", line 478, in __call__
    result = fn(*args, **kwargs)
  File "/home/***/.local/lib/python3.12/site-packages/***/providers/cncf/kubernetes/operators/pod.py", line 670, in await_pod_completion
    self.pod_manager.fetch_requested_container_logs(
  File "/home/***/.local/lib/python3.12/site-packages/***/providers/cncf/kubernetes/utils/pod_manager.py", line 618, in fetch_requested_container_logs
    status = self.fetch_container_logs(pod=pod, container_name=c, follow=follow_logs)
  File "/home/***/.local/lib/python3.12/site-packages/***/providers/cncf/kubernetes/utils/pod_manager.py", line 516, in fetch_container_logs
    last_log_time, exc = consume_logs(since_time=last_log_time)
  File "/home/***/.local/lib/python3.12/site-packages/***/providers/cncf/kubernetes/utils/pod_manager.py", line 459, in consume_logs
    for raw_line in logs:
  File "/home/***/.local/lib/python3.12/site-packages/***/providers/cncf/kubernetes/utils/pod_manager.py", line 263, in __iter__
    for data_chunk in self.response.stream(amt=None, decode_content=True):
  File "/home/***/.local/lib/python3.12/site-packages/urllib3/response.py", line 1063, in stream
    yield from self.read_chunked(amt, decode_content=decode_content)
  File "/home/***/.local/lib/python3.12/site-packages/urllib3/response.py", line 1219, in read_chunked
    self._update_chunk_length()
  File "/home/***/.local/lib/python3.12/site-packages/urllib3/response.py", line 1138, in _update_chunk_length
    line = self._fp.fp.readline()  # type: ignore[union-attr]
  File "/usr/local/lib/python3.12/socket.py", line 720, in readinto
    return self._sock.recv_into(b)
  File "/home/***/.local/lib/python3.12/site-packages/***/models/taskinstance.py", line 3095, in signal_handler
    self.log.error("Stacktrace: \n%s", "".join(traceback.format_stack()))

[2025-05-23T01:23:01.163+0000] {pod_manager.py:496} INFO - [base] 25/05/23 01:22:59 WARN MetricsConfig: Cannot locate configuration: tried hadoop-metrics2-s3a-file-system.properties,hadoop-metrics2.properties
[2025-05-23T01:23:01.224+0000] {taskinstance.py:341} INFO - ::group::Post task execution logs
[2025-05-23T01:23:01.264+0000] {process_utils.py:80} INFO - Process psutil.Process(pid=16086, status='terminated', exitcode=0, started='00:10:00') (16086) terminated with exit code 0
