[2025-05-23T00:10:00.228+0000] {local_task_job_runner.py:123} INFO - ::group::Pre task execution logs
[2025-05-23T00:10:00.239+0000] {taskinstance.py:2614} INFO - Dependencies all met for dep_context=non-requeueable deps ti=<TaskInstance: DYNAMIC_FILE_TO_DB_LOADER.get_required_files_and_download scheduled__2025-05-22T12:40:00+00:00 [queued]>
[2025-05-23T00:10:00.243+0000] {taskinstance.py:2614} INFO - Dependencies all met for dep_context=requeueable deps ti=<TaskInstance: DYNAMIC_FILE_TO_DB_LOADER.get_required_files_and_download scheduled__2025-05-22T12:40:00+00:00 [queued]>
[2025-05-23T00:10:00.243+0000] {taskinstance.py:2867} INFO - Starting attempt 1 of 1
[2025-05-23T00:10:00.248+0000] {taskinstance.py:2890} INFO - Executing <Task(_PythonDecoratedOperator): get_required_files_and_download> on 2025-05-22 12:40:00+00:00
[2025-05-23T00:10:00.252+0000] {logging_mixin.py:190} WARNING - /home/***/.local/lib/python3.12/site-packages/***/task/task_runner/standard_task_runner.py:70 DeprecationWarning: This process (pid=16075) is multi-threaded, use of fork() may lead to deadlocks in the child.
[2025-05-23T00:10:00.253+0000] {standard_task_runner.py:72} INFO - Started process 16076 to run task
[2025-05-23T00:10:00.253+0000] {standard_task_runner.py:104} INFO - Running: ['***', 'tasks', 'run', 'DYNAMIC_FILE_TO_DB_LOADER', 'get_required_files_and_download', 'scheduled__2025-05-22T12:40:00+00:00', '--job-id', '1954', '--raw', '--subdir', 'DAGS_FOLDER/***_dynamic_file_to_db_loader.py', '--cfg-path', '/tmp/tmpiiaq6gii']
[2025-05-23T00:10:00.254+0000] {standard_task_runner.py:105} INFO - Job 1954: Subtask get_required_files_and_download
[2025-05-23T00:10:00.278+0000] {task_command.py:467} INFO - Running <TaskInstance: DYNAMIC_FILE_TO_DB_LOADER.get_required_files_and_download scheduled__2025-05-22T12:40:00+00:00 [running]> on host 5fb7fe4c544d
[2025-05-23T00:10:00.318+0000] {taskinstance.py:3134} INFO - Exporting env vars: AIRFLOW_CTX_DAG_OWNER='***' AIRFLOW_CTX_DAG_ID='DYNAMIC_FILE_TO_DB_LOADER' AIRFLOW_CTX_TASK_ID='get_required_files_and_download' AIRFLOW_CTX_EXECUTION_DATE='2025-05-22T12:40:00+00:00' AIRFLOW_CTX_TRY_NUMBER='1' AIRFLOW_CTX_DAG_RUN_ID='scheduled__2025-05-22T12:40:00+00:00'
[2025-05-23T00:10:00.320+0000] {taskinstance.py:732} INFO - ::endgroup::
[2025-05-23T00:10:00.335+0000] {base.py:84} INFO - Retrieving connection 'minio_conn'
[2025-05-23T00:10:00.335+0000] {connection_wrapper.py:325} INFO - AWS Connection (conn_id='minio_conn', conn_type='aws') credentials retrieved from login and password.
[2025-05-23T00:10:00.451+0000] {s3.py:1467} INFO - Downloading source S3 file from Bucket ahajiyev with path abc.xlsx
[2025-05-23T00:10:00.513+0000] {httpchecksum.py:481} INFO - Skipping checksum validation. Response did not contain one of the following algorithms: ['crc32', 'sha1', 'sha256'].
[2025-05-23T00:10:00.517+0000] {s3.py:1467} INFO - Downloading source S3 file from Bucket ahajiyev with path xyz.xlsx
[2025-05-23T00:10:00.527+0000] {httpchecksum.py:481} INFO - Skipping checksum validation. Response did not contain one of the following algorithms: ['crc32', 'sha1', 'sha256'].
[2025-05-23T00:10:00.528+0000] {hook.py:208} WARNING - Data lineage tracking is disabled. Register a hook lineage reader to start tracking hook lineage.
[2025-05-23T00:10:00.528+0000] {airflow_dynamic_file_to_db_loader.py:201} INFO - Downloaded Mappings: [{'source_file_name': 'abc.xlsx', 'target_table_name': 'ahajiyev/abc'}, {'source_file_name': 'xyz.xlsx', 'target_table_name': 'ahajiyev/xyz'}]
[2025-05-23T00:10:00.529+0000] {python.py:240} INFO - Done. Returned value was: [{'source_file_name': 'abc.xlsx', 'target_table_name': 'ahajiyev/abc'}, {'source_file_name': 'xyz.xlsx', 'target_table_name': 'ahajiyev/xyz'}]
[2025-05-23T00:10:00.544+0000] {taskinstance.py:341} INFO - ::group::Post task execution logs
[2025-05-23T00:10:00.544+0000] {taskinstance.py:353} INFO - Marking task as SUCCESS. dag_id=DYNAMIC_FILE_TO_DB_LOADER, task_id=get_required_files_and_download, run_id=scheduled__2025-05-22T12:40:00+00:00, execution_date=20250522T124000, start_date=20250523T001000, end_date=20250523T001000
[2025-05-23T00:10:00.599+0000] {local_task_job_runner.py:266} INFO - Task exited with return code 0
[2025-05-23T00:10:00.628+0000] {taskinstance.py:3901} INFO - 2 downstream tasks scheduled from follow-on schedule check
[2025-05-23T00:10:00.629+0000] {local_task_job_runner.py:245} INFO - ::endgroup::
