[2025-05-16T11:52:29.005+0000] {local_task_job_runner.py:123} INFO - ::group::Pre task execution logs
[2025-05-16T11:52:29.012+0000] {taskinstance.py:2614} INFO - Dependencies all met for dep_context=non-requeueable deps ti=<TaskInstance: DYNAMIC_FILE_TO_DB_LOADER.upload_script_to_minio scheduled__2025-05-16T11:20:00+00:00 [queued]>
[2025-05-16T11:52:29.016+0000] {taskinstance.py:2614} INFO - Dependencies all met for dep_context=requeueable deps ti=<TaskInstance: DYNAMIC_FILE_TO_DB_LOADER.upload_script_to_minio scheduled__2025-05-16T11:20:00+00:00 [queued]>
[2025-05-16T11:52:29.016+0000] {taskinstance.py:2867} INFO - Starting attempt 1 of 1
[2025-05-16T11:52:29.020+0000] {taskinstance.py:2890} INFO - Executing <Task(_PythonDecoratedOperator): upload_script_to_minio> on 2025-05-16 11:20:00+00:00
[2025-05-16T11:52:29.023+0000] {logging_mixin.py:190} WARNING - /home/***/.local/lib/python3.12/site-packages/***/task/task_runner/standard_task_runner.py:70 DeprecationWarning: This process (pid=12141) is multi-threaded, use of fork() may lead to deadlocks in the child.
[2025-05-16T11:52:29.024+0000] {standard_task_runner.py:72} INFO - Started process 12142 to run task
[2025-05-16T11:52:29.024+0000] {standard_task_runner.py:104} INFO - Running: ['***', 'tasks', 'run', 'DYNAMIC_FILE_TO_DB_LOADER', 'upload_script_to_minio', 'scheduled__2025-05-16T11:20:00+00:00', '--job-id', '1589', '--raw', '--subdir', 'DAGS_FOLDER/***_dynamic_file_to_db_loader.py', '--cfg-path', '/tmp/tmpicudotiz']
[2025-05-16T11:52:29.025+0000] {standard_task_runner.py:105} INFO - Job 1589: Subtask upload_script_to_minio
[2025-05-16T11:52:29.044+0000] {task_command.py:467} INFO - Running <TaskInstance: DYNAMIC_FILE_TO_DB_LOADER.upload_script_to_minio scheduled__2025-05-16T11:20:00+00:00 [running]> on host 65a84f9e3a41
[2025-05-16T11:52:29.078+0000] {taskinstance.py:3134} INFO - Exporting env vars: AIRFLOW_CTX_DAG_OWNER='***' AIRFLOW_CTX_DAG_ID='DYNAMIC_FILE_TO_DB_LOADER' AIRFLOW_CTX_TASK_ID='upload_script_to_minio' AIRFLOW_CTX_EXECUTION_DATE='2025-05-16T11:20:00+00:00' AIRFLOW_CTX_TRY_NUMBER='1' AIRFLOW_CTX_DAG_RUN_ID='scheduled__2025-05-16T11:20:00+00:00'
[2025-05-16T11:52:29.078+0000] {taskinstance.py:732} INFO - ::endgroup::
[2025-05-16T11:52:29.085+0000] {base.py:84} INFO - Retrieving connection 'minioic'
[2025-05-16T11:52:29.086+0000] {connection_wrapper.py:325} INFO - AWS Connection (conn_id='minioic', conn_type='aws') credentials retrieved from login and password.
[2025-05-16T11:52:29.286+0000] {hook.py:208} WARNING - Data lineage tracking is disabled. Register a hook lineage reader to start tracking hook lineage.
[2025-05-16T11:52:29.286+0000] {python.py:240} INFO - Done. Returned value was: None
[2025-05-16T11:52:29.292+0000] {taskinstance.py:341} INFO - ::group::Post task execution logs
[2025-05-16T11:52:29.292+0000] {taskinstance.py:353} INFO - Marking task as SUCCESS. dag_id=DYNAMIC_FILE_TO_DB_LOADER, task_id=upload_script_to_minio, run_id=scheduled__2025-05-16T11:20:00+00:00, execution_date=20250516T112000, start_date=20250516T115229, end_date=20250516T115229
[2025-05-16T11:52:29.347+0000] {local_task_job_runner.py:266} INFO - Task exited with return code 0
[2025-05-16T11:52:29.362+0000] {taskinstance.py:3901} INFO - 1 downstream tasks scheduled from follow-on schedule check
[2025-05-16T11:52:29.363+0000] {local_task_job_runner.py:245} INFO - ::endgroup::
