[2025-05-16T12:28:45.359+0000] {local_task_job_runner.py:123} INFO - ::group::Pre task execution logs
[2025-05-16T12:28:45.370+0000] {taskinstance.py:2614} INFO - Dependencies all met for dep_context=non-requeueable deps ti=<TaskInstance: DYNAMIC_FILE_TO_DB_LOADER.list_minio_objects manual__2025-05-16T12:28:40.931245+00:00 [queued]>
[2025-05-16T12:28:45.374+0000] {taskinstance.py:2614} INFO - Dependencies all met for dep_context=requeueable deps ti=<TaskInstance: DYNAMIC_FILE_TO_DB_LOADER.list_minio_objects manual__2025-05-16T12:28:40.931245+00:00 [queued]>
[2025-05-16T12:28:45.374+0000] {taskinstance.py:2867} INFO - Starting attempt 1 of 1
[2025-05-16T12:28:45.380+0000] {taskinstance.py:2890} INFO - Executing <Task(_PythonDecoratedOperator): list_minio_objects> on 2025-05-16 12:28:40.931245+00:00
[2025-05-16T12:28:45.385+0000] {standard_task_runner.py:104} INFO - Running: ['***', 'tasks', 'run', 'DYNAMIC_FILE_TO_DB_LOADER', 'list_minio_objects', 'manual__2025-05-16T12:28:40.931245+00:00', '--job-id', '1621', '--raw', '--subdir', 'DAGS_FOLDER/***_dynamic_file_to_db_loader.py', '--cfg-path', '/tmp/tmp4m5we_ln']
[2025-05-16T12:28:45.387+0000] {standard_task_runner.py:105} INFO - Job 1621: Subtask list_minio_objects
[2025-05-16T12:28:45.387+0000] {logging_mixin.py:190} WARNING - /home/***/.local/lib/python3.12/site-packages/***/task/task_runner/standard_task_runner.py:70 DeprecationWarning: This process (pid=441) is multi-threaded, use of fork() may lead to deadlocks in the child.
[2025-05-16T12:28:45.388+0000] {standard_task_runner.py:72} INFO - Started process 447 to run task
[2025-05-16T12:28:45.410+0000] {task_command.py:467} INFO - Running <TaskInstance: DYNAMIC_FILE_TO_DB_LOADER.list_minio_objects manual__2025-05-16T12:28:40.931245+00:00 [running]> on host fa990d897d6c
[2025-05-16T12:28:45.443+0000] {taskinstance.py:3134} INFO - Exporting env vars: AIRFLOW_CTX_DAG_OWNER='***' AIRFLOW_CTX_DAG_ID='DYNAMIC_FILE_TO_DB_LOADER' AIRFLOW_CTX_TASK_ID='list_minio_objects' AIRFLOW_CTX_EXECUTION_DATE='2025-05-16T12:28:40.931245+00:00' AIRFLOW_CTX_TRY_NUMBER='1' AIRFLOW_CTX_DAG_RUN_ID='manual__2025-05-16T12:28:40.931245+00:00'
[2025-05-16T12:28:45.444+0000] {taskinstance.py:732} INFO - ::endgroup::
[2025-05-16T12:28:45.450+0000] {base.py:84} INFO - Retrieving connection 'minioic'
[2025-05-16T12:28:45.450+0000] {connection_wrapper.py:325} INFO - AWS Connection (conn_id='minioic', conn_type='aws') credentials retrieved from login and password.
[2025-05-16T12:28:45.605+0000] {logging_mixin.py:190} INFO - Objects in ahajiyev: ['abc.xlsx', 'dynamic_file_to_db_transfer.py', 'movies.py', 'repo/.git/HEAD', 'repo/.git/config', 'repo/.git/description', 'repo/.git/hooks/applypatch-msg.sample', 'repo/.git/hooks/commit-msg.sample', 'repo/.git/hooks/fsmonitor-watchman.sample', 'repo/.git/hooks/post-update.sample', 'repo/.git/hooks/pre-applypatch.sample', 'repo/.git/hooks/pre-commit.sample', 'repo/.git/hooks/pre-merge-commit.sample', 'repo/.git/hooks/pre-push.sample', 'repo/.git/hooks/pre-rebase.sample', 'repo/.git/hooks/pre-receive.sample', 'repo/.git/hooks/prepare-commit-msg.sample', 'repo/.git/hooks/push-to-checkout.sample', 'repo/.git/hooks/update.sample', 'repo/.git/index', 'repo/.git/info/exclude', 'repo/.git/logs/HEAD', 'repo/.git/logs/refs/heads/main', 'repo/.git/logs/refs/remotes/origin/HEAD', 'repo/.git/objects/pack/pack-112b9e67826d375e05e8a4a4f16a8aca022920ee.idx', 'repo/.git/objects/pack/pack-112b9e67826d375e05e8a4a4f16a8aca022920ee.pack', 'repo/.git/packed-refs', 'repo/.git/refs/heads/main', 'repo/.git/refs/remotes/origin/HEAD', 'repo/***_dynamic_file_to_db_loader.py', 'repo/dags/***_dynamic_file_to_db_loader.py', 'repo/dynamic_file_to_db_transfer.py', 'test/abc.xlsx', 'test/xyz.xlsx', 'variables/VAR_FILE_TO_DB.json', 'xyz.xlsx']
[2025-05-16T12:28:45.605+0000] {python.py:240} INFO - Done. Returned value was: ['abc.xlsx', 'dynamic_file_to_db_transfer.py', 'movies.py', 'repo/.git/HEAD', 'repo/.git/config', 'repo/.git/description', 'repo/.git/hooks/applypatch-msg.sample', 'repo/.git/hooks/commit-msg.sample', 'repo/.git/hooks/fsmonitor-watchman.sample', 'repo/.git/hooks/post-update.sample', 'repo/.git/hooks/pre-applypatch.sample', 'repo/.git/hooks/pre-commit.sample', 'repo/.git/hooks/pre-merge-commit.sample', 'repo/.git/hooks/pre-push.sample', 'repo/.git/hooks/pre-rebase.sample', 'repo/.git/hooks/pre-receive.sample', 'repo/.git/hooks/prepare-commit-msg.sample', 'repo/.git/hooks/push-to-checkout.sample', 'repo/.git/hooks/update.sample', 'repo/.git/index', 'repo/.git/info/exclude', 'repo/.git/logs/HEAD', 'repo/.git/logs/refs/heads/main', 'repo/.git/logs/refs/remotes/origin/HEAD', 'repo/.git/objects/pack/pack-112b9e67826d375e05e8a4a4f16a8aca022920ee.idx', 'repo/.git/objects/pack/pack-112b9e67826d375e05e8a4a4f16a8aca022920ee.pack', 'repo/.git/packed-refs', 'repo/.git/refs/heads/main', 'repo/.git/refs/remotes/origin/HEAD', 'repo/***_dynamic_file_to_db_loader.py', 'repo/dags/***_dynamic_file_to_db_loader.py', 'repo/dynamic_file_to_db_transfer.py', 'test/abc.xlsx', 'test/xyz.xlsx', 'variables/VAR_FILE_TO_DB.json', 'xyz.xlsx']
[2025-05-16T12:28:45.619+0000] {taskinstance.py:341} INFO - ::group::Post task execution logs
[2025-05-16T12:28:45.619+0000] {taskinstance.py:353} INFO - Marking task as SUCCESS. dag_id=DYNAMIC_FILE_TO_DB_LOADER, task_id=list_minio_objects, run_id=manual__2025-05-16T12:28:40.931245+00:00, execution_date=20250516T122840, start_date=20250516T122845, end_date=20250516T122845
[2025-05-16T12:28:45.653+0000] {local_task_job_runner.py:266} INFO - Task exited with return code 0
[2025-05-16T12:28:45.669+0000] {taskinstance.py:3901} INFO - 1 downstream tasks scheduled from follow-on schedule check
[2025-05-16T12:28:45.670+0000] {local_task_job_runner.py:245} INFO - ::endgroup::
