[2025-05-20T16:43:25.586+0000] {local_task_job_runner.py:123} INFO - ::group::Pre task execution logs
[2025-05-20T16:43:25.598+0000] {taskinstance.py:2614} INFO - Dependencies all met for dep_context=non-requeueable deps ti=<TaskInstance: DYNAMIC_FILE_TO_DB_LOADER.upload_script_to_minio manual__2025-05-20T16:43:21.980656+00:00 [queued]>
[2025-05-20T16:43:25.602+0000] {taskinstance.py:2614} INFO - Dependencies all met for dep_context=requeueable deps ti=<TaskInstance: DYNAMIC_FILE_TO_DB_LOADER.upload_script_to_minio manual__2025-05-20T16:43:21.980656+00:00 [queued]>
[2025-05-20T16:43:25.602+0000] {taskinstance.py:2867} INFO - Starting attempt 1 of 1
[2025-05-20T16:43:25.607+0000] {taskinstance.py:2890} INFO - Executing <Task(_PythonDecoratedOperator): upload_script_to_minio> on 2025-05-20 16:43:21.980656+00:00
[2025-05-20T16:43:25.612+0000] {logging_mixin.py:190} WARNING - /home/***/.local/lib/python3.12/site-packages/***/task/task_runner/standard_task_runner.py:70 DeprecationWarning: This process (pid=7344) is multi-threaded, use of fork() may lead to deadlocks in the child.
[2025-05-20T16:43:25.611+0000] {standard_task_runner.py:104} INFO - Running: ['***', 'tasks', 'run', 'DYNAMIC_FILE_TO_DB_LOADER', 'upload_script_to_minio', 'manual__2025-05-20T16:43:21.980656+00:00', '--job-id', '1884', '--raw', '--subdir', 'DAGS_FOLDER/***_dynamic_file_to_db_loader.py', '--cfg-path', '/tmp/tmp6uhgbhio']
[2025-05-20T16:43:25.613+0000] {standard_task_runner.py:72} INFO - Started process 7345 to run task
[2025-05-20T16:43:25.613+0000] {standard_task_runner.py:105} INFO - Job 1884: Subtask upload_script_to_minio
[2025-05-20T16:43:25.633+0000] {task_command.py:467} INFO - Running <TaskInstance: DYNAMIC_FILE_TO_DB_LOADER.upload_script_to_minio manual__2025-05-20T16:43:21.980656+00:00 [running]> on host 5fb7fe4c544d
[2025-05-20T16:43:25.667+0000] {taskinstance.py:3134} INFO - Exporting env vars: AIRFLOW_CTX_DAG_OWNER='***' AIRFLOW_CTX_DAG_ID='DYNAMIC_FILE_TO_DB_LOADER' AIRFLOW_CTX_TASK_ID='upload_script_to_minio' AIRFLOW_CTX_EXECUTION_DATE='2025-05-20T16:43:21.980656+00:00' AIRFLOW_CTX_TRY_NUMBER='1' AIRFLOW_CTX_DAG_RUN_ID='manual__2025-05-20T16:43:21.980656+00:00'
[2025-05-20T16:43:25.668+0000] {taskinstance.py:732} INFO - ::endgroup::
[2025-05-20T16:43:25.674+0000] {base.py:84} INFO - Retrieving connection 'minio_conn'
[2025-05-20T16:43:25.674+0000] {connection_wrapper.py:325} INFO - AWS Connection (conn_id='minio_conn', conn_type='aws') credentials retrieved from login and password.
[2025-05-20T16:43:25.909+0000] {hook.py:208} WARNING - Data lineage tracking is disabled. Register a hook lineage reader to start tracking hook lineage.
[2025-05-20T16:43:25.910+0000] {python.py:240} INFO - Done. Returned value was: None
[2025-05-20T16:43:25.923+0000] {taskinstance.py:341} INFO - ::group::Post task execution logs
[2025-05-20T16:43:25.923+0000] {taskinstance.py:353} INFO - Marking task as SUCCESS. dag_id=DYNAMIC_FILE_TO_DB_LOADER, task_id=upload_script_to_minio, run_id=manual__2025-05-20T16:43:21.980656+00:00, execution_date=20250520T164321, start_date=20250520T164325, end_date=20250520T164325
[2025-05-20T16:43:25.962+0000] {local_task_job_runner.py:266} INFO - Task exited with return code 0
[2025-05-20T16:43:25.977+0000] {taskinstance.py:3901} INFO - 1 downstream tasks scheduled from follow-on schedule check
[2025-05-20T16:43:25.977+0000] {local_task_job_runner.py:245} INFO - ::endgroup::
