[2025-05-19T11:40:01.006+0000] {local_task_job_runner.py:123} INFO - ::group::Pre task execution logs
[2025-05-19T11:40:01.017+0000] {taskinstance.py:2614} INFO - Dependencies all met for dep_context=non-requeueable deps ti=<TaskInstance: DYNAMIC_FILE_TO_DB_LOADER.clone_repo scheduled__2025-05-19T11:20:00+00:00 [queued]>
[2025-05-19T11:40:01.021+0000] {taskinstance.py:2614} INFO - Dependencies all met for dep_context=requeueable deps ti=<TaskInstance: DYNAMIC_FILE_TO_DB_LOADER.clone_repo scheduled__2025-05-19T11:20:00+00:00 [queued]>
[2025-05-19T11:40:01.021+0000] {taskinstance.py:2867} INFO - Starting attempt 1 of 1
[2025-05-19T11:40:01.028+0000] {taskinstance.py:2890} INFO - Executing <Task(BashOperator): clone_repo> on 2025-05-19 11:20:00+00:00
[2025-05-19T11:40:01.036+0000] {logging_mixin.py:190} WARNING - /home/***/.local/lib/python3.12/site-packages/***/task/task_runner/standard_task_runner.py:70 DeprecationWarning: This process (pid=10713) is multi-threaded, use of fork() may lead to deadlocks in the child.
[2025-05-19T11:40:01.034+0000] {standard_task_runner.py:104} INFO - Running: ['***', 'tasks', 'run', 'DYNAMIC_FILE_TO_DB_LOADER', 'clone_repo', 'scheduled__2025-05-19T11:20:00+00:00', '--job-id', '1863', '--raw', '--subdir', 'DAGS_FOLDER/***_dynamic_file_to_db_loader.py', '--cfg-path', '/tmp/tmpyjltmbvk']
[2025-05-19T11:40:01.037+0000] {standard_task_runner.py:105} INFO - Job 1863: Subtask clone_repo
[2025-05-19T11:40:01.037+0000] {standard_task_runner.py:72} INFO - Started process 10714 to run task
[2025-05-19T11:40:01.081+0000] {task_command.py:467} INFO - Running <TaskInstance: DYNAMIC_FILE_TO_DB_LOADER.clone_repo scheduled__2025-05-19T11:20:00+00:00 [running]> on host fa990d897d6c
[2025-05-19T11:40:01.147+0000] {taskinstance.py:3134} INFO - Exporting env vars: AIRFLOW_CTX_DAG_OWNER='***' AIRFLOW_CTX_DAG_ID='DYNAMIC_FILE_TO_DB_LOADER' AIRFLOW_CTX_TASK_ID='clone_repo' AIRFLOW_CTX_EXECUTION_DATE='2025-05-19T11:20:00+00:00' AIRFLOW_CTX_TRY_NUMBER='1' AIRFLOW_CTX_DAG_RUN_ID='scheduled__2025-05-19T11:20:00+00:00'
[2025-05-19T11:40:01.148+0000] {taskinstance.py:732} INFO - ::endgroup::
[2025-05-19T11:40:01.150+0000] {subprocess.py:78} INFO - Tmp dir root location: /tmp
[2025-05-19T11:40:01.150+0000] {subprocess.py:88} INFO - Running command: ['/usr/bin/bash', '-c', 'rm -rf /opt/***/files/repo && git clone https://github.com/ahajiyev628/***_dynamic_file_to_db_loader.git /opt/***/files/repo']
[2025-05-19T11:40:01.155+0000] {subprocess.py:99} INFO - Output:
[2025-05-19T11:40:01.179+0000] {subprocess.py:106} INFO - Cloning into '/opt/***/files/repo'...
[2025-05-19T11:40:02.288+0000] {subprocess.py:110} INFO - Command exited with return code 0
[2025-05-19T11:40:02.321+0000] {taskinstance.py:341} INFO - ::group::Post task execution logs
[2025-05-19T11:40:02.321+0000] {taskinstance.py:353} INFO - Marking task as SUCCESS. dag_id=DYNAMIC_FILE_TO_DB_LOADER, task_id=clone_repo, run_id=scheduled__2025-05-19T11:20:00+00:00, execution_date=20250519T112000, start_date=20250519T114001, end_date=20250519T114002
[2025-05-19T11:40:02.375+0000] {local_task_job_runner.py:266} INFO - Task exited with return code 0
[2025-05-19T11:40:02.394+0000] {taskinstance.py:3901} INFO - 1 downstream tasks scheduled from follow-on schedule check
[2025-05-19T11:40:02.395+0000] {local_task_job_runner.py:245} INFO - ::endgroup::
